anh cho tôi đặt cà phê phin
anh cho tôi đặt cà phê espresso
anh cho tôi đặt freeze cà phê phin
anh cho tôi đặt freeze không cà phê
anh cho tôi đặt trà sen vàng
anh cho tôi đặt trà thạch đào
anh cho tôi đặt trà thanh đào
anh cho tôi đặt trà thạch vải
anh cho tôi mua cà phê phin
anh cho tôi mua cà phê espresso
anh cho tôi mua freeze cà phê phin
anh cho tôi mua freeze không cà phê
anh cho tôi mua trà sen vàng
anh cho tôi mua trà thạch đào
anh cho tôi mua trà thanh đào
anh cho tôi mua trà thạch vải
anh cho tôi đặt mua cà phê phin
anh cho tôi đặt mua cà phê espresso
anh cho tôi đặt mua freeze cà phê phin
anh cho tôi đặt mua freeze không cà phê
anh cho tôi đặt mua trà sen vàng
anh cho tôi đặt mua trà thạch đào
anh cho tôi đặt mua trà thanh đào
anh cho tôi đặt mua trà thạch vải
anh cho tôi order cà phê phin
anh cho tôi order cà phê espresso
anh cho tôi order freeze cà phê phin
anh cho tôi order freeze không cà phê
anh cho tôi order trà sen vàng
anh cho tôi order trà thạch đào
anh cho tôi order trà thanh đào
anh cho tôi order trà thạch vải
anh cho anh đặt cà phê phin
anh cho anh đặt cà phê espresso
anh cho anh đặt freeze cà phê phin
anh cho anh đặt freeze không cà phê
anh cho anh đặt trà sen vàng
anh cho anh đặt trà thạch đào
anh cho anh đặt trà thanh đào
anh cho anh đặt trà thạch vải
anh cho anh mua cà phê phin
anh cho anh mua cà phê espresso
anh cho anh mua freeze cà phê phin
anh cho anh mua freeze không cà phê
anh cho anh mua trà sen vàng
anh cho anh mua trà thạch đào
anh cho anh mua trà thanh đào
anh cho anh mua trà thạch vải
anh cho anh đặt mua cà phê phin
anh cho anh đặt mua cà phê espresso
anh cho anh đặt mua freeze cà phê phin
anh cho anh đặt mua freeze không cà phê
anh cho anh đặt mua trà sen vàng
anh cho anh đặt mua trà thạch đào
anh cho anh đặt mua trà thanh đào
anh cho anh đặt mua trà thạch vải
anh cho anh order cà phê phin
anh cho anh order cà phê espresso
anh cho anh order freeze cà phê phin
anh cho anh order freeze không cà phê
anh cho anh order trà sen vàng
anh cho anh order trà thạch đào
anh cho anh order trà thanh đào
anh cho anh order trà thạch vải
anh cho chị đặt cà phê phin
anh cho chị đặt cà phê espresso
anh cho chị đặt freeze cà phê phin
anh cho chị đặt freeze không cà phê
anh cho chị đặt trà sen vàng
anh cho chị đặt trà thạch đào
anh cho chị đặt trà thanh đào
anh cho chị đặt trà thạch vải
anh cho chị mua cà phê phin
anh cho chị mua cà phê espresso
anh cho chị mua freeze cà phê phin
anh cho chị mua freeze không cà phê
anh cho chị mua trà sen vàng
anh cho chị mua trà thạch đào
anh cho chị mua trà thanh đào
anh cho chị mua trà thạch vải
anh cho chị đặt mua cà phê phin
anh cho chị đặt mua cà phê espresso
anh cho chị đặt mua freeze cà phê phin
anh cho chị đặt mua freeze không cà phê
anh cho chị đặt mua trà sen vàng
anh cho chị đặt mua trà thạch đào
anh cho chị đặt mua trà thanh đào
anh cho chị đặt mua trà thạch vải
anh cho chị order cà phê phin
anh cho chị order cà phê espresso
anh cho chị order freeze cà phê phin
anh cho chị order freeze không cà phê
anh cho chị order trà sen vàng
anh cho chị order trà thạch đào
anh cho chị order trà thanh đào
anh cho chị order trà thạch vải
anh cho em đặt cà phê phin
anh cho em đặt cà phê espresso
anh cho em đặt freeze cà phê phin
anh cho em đặt freeze không cà phê
anh cho em đặt trà sen vàng
anh cho em đặt trà thạch đào
anh cho em đặt trà thanh đào
anh cho em đặt trà thạch vải
anh cho em mua cà phê phin
anh cho em mua cà phê espresso
anh cho em mua freeze cà phê phin
anh cho em mua freeze không cà phê
anh cho em mua trà sen vàng
anh cho em mua trà thạch đào
anh cho em mua trà thanh đào
anh cho em mua trà thạch vải
anh cho em đặt mua cà phê phin
anh cho em đặt mua cà phê espresso
anh cho em đặt mua freeze cà phê phin
anh cho em đặt mua freeze không cà phê
anh cho em đặt mua trà sen vàng
anh cho em đặt mua trà thạch đào
anh cho em đặt mua trà thanh đào
anh cho em đặt mua trà thạch vải
anh cho em order cà phê phin
anh cho em order cà phê espresso
anh cho em order freeze cà phê phin
anh cho em order freeze không cà phê
anh cho em order trà sen vàng
anh cho em order trà thạch đào
anh cho em order trà thanh đào
anh cho em order trà thạch vải
anh cho mình đặt cà phê phin
anh cho mình đặt cà phê espresso
anh cho mình đặt freeze cà phê phin
anh cho mình đặt freeze không cà phê
anh cho mình đặt trà sen vàng
anh cho mình đặt trà thạch đào
anh cho mình đặt trà thanh đào
anh cho mình đặt trà thạch vải
anh cho mình mua cà phê phin
anh cho mình mua cà phê espresso
anh cho mình mua freeze cà phê phin
anh cho mình mua freeze không cà phê
anh cho mình mua trà sen vàng
anh cho mình mua trà thạch đào
anh cho mình mua trà thanh đào
anh cho mình mua trà thạch vải
anh cho mình đặt mua cà phê phin
anh cho mình đặt mua cà phê espresso
anh cho mình đặt mua freeze cà phê phin
anh cho mình đặt mua freeze không cà phê
anh cho mình đặt mua trà sen vàng
anh cho mình đặt mua trà thạch đào
anh cho mình đặt mua trà thanh đào
anh cho mình đặt mua trà thạch vải
anh cho mình order cà phê phin
anh cho mình order cà phê espresso
anh cho mình order freeze cà phê phin
anh cho mình order freeze không cà phê
anh cho mình order trà sen vàng
anh cho mình order trà thạch đào
anh cho mình order trà thanh đào
anh cho mình order trà thạch vải
anh cho tớ đặt cà phê phin
anh cho tớ đặt cà phê espresso
anh cho tớ đặt freeze cà phê phin
anh cho tớ đặt freeze không cà phê
anh cho tớ đặt trà sen vàng
anh cho tớ đặt trà thạch đào
anh cho tớ đặt trà thanh đào
anh cho tớ đặt trà thạch vải
anh cho tớ mua cà phê phin
anh cho tớ mua cà phê espresso
anh cho tớ mua freeze cà phê phin
anh cho tớ mua freeze không cà phê
anh cho tớ mua trà sen vàng
anh cho tớ mua trà thạch đào
anh cho tớ mua trà thanh đào
anh cho tớ mua trà thạch vải
anh cho tớ đặt mua cà phê phin
anh cho tớ đặt mua cà phê espresso
anh cho tớ đặt mua freeze cà phê phin
anh cho tớ đặt mua freeze không cà phê
anh cho tớ đặt mua trà sen vàng
anh cho tớ đặt mua trà thạch đào
anh cho tớ đặt mua trà thanh đào
anh cho tớ đặt mua trà thạch vải
anh cho tớ order cà phê phin
anh cho tớ order cà phê espresso
anh cho tớ order freeze cà phê phin
anh cho tớ order freeze không cà phê
anh cho tớ order trà sen vàng
anh cho tớ order trà thạch đào
anh cho tớ order trà thanh đào
anh cho tớ order trà thạch vải
anh cho chú đặt cà phê phin
anh cho chú đặt cà phê espresso
anh cho chú đặt freeze cà phê phin
anh cho chú đặt freeze không cà phê
anh cho chú đặt trà sen vàng
anh cho chú đặt trà thạch đào
anh cho chú đặt trà thanh đào
anh cho chú đặt trà thạch vải
anh cho chú mua cà phê phin
anh cho chú mua cà phê espresso
anh cho chú mua freeze cà phê phin
anh cho chú mua freeze không cà phê
anh cho chú mua trà sen vàng
anh cho chú mua trà thạch đào
anh cho chú mua trà thanh đào
anh cho chú mua trà thạch vải
anh cho chú đặt mua cà phê phin
anh cho chú đặt mua cà phê espresso
anh cho chú đặt mua freeze cà phê phin
anh cho chú đặt mua freeze không cà phê
anh cho chú đặt mua trà sen vàng
anh cho chú đặt mua trà thạch đào
anh cho chú đặt mua trà thanh đào
anh cho chú đặt mua trà thạch vải
anh cho chú order cà phê phin
anh cho chú order cà phê espresso
anh cho chú order freeze cà phê phin
anh cho chú order freeze không cà phê
anh cho chú order trà sen vàng
anh cho chú order trà thạch đào
anh cho chú order trà thanh đào
anh cho chú order trà thạch vải
anh cho cô đặt cà phê phin
anh cho cô đặt cà phê espresso
anh cho cô đặt freeze cà phê phin
anh cho cô đặt freeze không cà phê
anh cho cô đặt trà sen vàng
anh cho cô đặt trà thạch đào
anh cho cô đặt trà thanh đào
anh cho cô đặt trà thạch vải
anh cho cô mua cà phê phin
anh cho cô mua cà phê espresso
anh cho cô mua freeze cà phê phin
anh cho cô mua freeze không cà phê
anh cho cô mua trà sen vàng
anh cho cô mua trà thạch đào
anh cho cô mua trà thanh đào
anh cho cô mua trà thạch vải
anh cho cô đặt mua cà phê phin
anh cho cô đặt mua cà phê espresso
anh cho cô đặt mua freeze cà phê phin
anh cho cô đặt mua freeze không cà phê
anh cho cô đặt mua trà sen vàng
anh cho cô đặt mua trà thạch đào
anh cho cô đặt mua trà thanh đào
anh cho cô đặt mua trà thạch vải
anh cho cô order cà phê phin
anh cho cô order cà phê espresso
anh cho cô order freeze cà phê phin
anh cho cô order freeze không cà phê
anh cho cô order trà sen vàng
anh cho cô order trà thạch đào
anh cho cô order trà thanh đào
anh cho cô order trà thạch vải
anh cho bác đặt cà phê phin
anh cho bác đặt cà phê espresso
anh cho bác đặt freeze cà phê phin
anh cho bác đặt freeze không cà phê
anh cho bác đặt trà sen vàng
anh cho bác đặt trà thạch đào
anh cho bác đặt trà thanh đào
anh cho bác đặt trà thạch vải
anh cho bác mua cà phê phin
anh cho bác mua cà phê espresso
anh cho bác mua freeze cà phê phin
anh cho bác mua freeze không cà phê
anh cho bác mua trà sen vàng
anh cho bác mua trà thạch đào
anh cho bác mua trà thanh đào
anh cho bác mua trà thạch vải
anh cho bác đặt mua cà phê phin
anh cho bác đặt mua cà phê espresso
anh cho bác đặt mua freeze cà phê phin
anh cho bác đặt mua freeze không cà phê
anh cho bác đặt mua trà sen vàng
anh cho bác đặt mua trà thạch đào
anh cho bác đặt mua trà thanh đào
anh cho bác đặt mua trà thạch vải
anh cho bác order cà phê phin
anh cho bác order cà phê espresso
anh cho bác order freeze cà phê phin
anh cho bác order freeze không cà phê
anh cho bác order trà sen vàng
anh cho bác order trà thạch đào
anh cho bác order trà thanh đào
anh cho bác order trà thạch vải
chị cho tôi đặt cà phê phin
chị cho tôi đặt cà phê espresso
chị cho tôi đặt freeze cà phê phin
chị cho tôi đặt freeze không cà phê
chị cho tôi đặt trà sen vàng
chị cho tôi đặt trà thạch đào
chị cho tôi đặt trà thanh đào
chị cho tôi đặt trà thạch vải
chị cho tôi mua cà phê phin
chị cho tôi mua cà phê espresso
chị cho tôi mua freeze cà phê phin
chị cho tôi mua freeze không cà phê
chị cho tôi mua trà sen vàng
chị cho tôi mua trà thạch đào
chị cho tôi mua trà thanh đào
chị cho tôi mua trà thạch vải
chị cho tôi đặt mua cà phê phin
chị cho tôi đặt mua cà phê espresso
chị cho tôi đặt mua freeze cà phê phin
chị cho tôi đặt mua freeze không cà phê
chị cho tôi đặt mua trà sen vàng
chị cho tôi đặt mua trà thạch đào
chị cho tôi đặt mua trà thanh đào
chị cho tôi đặt mua trà thạch vải
chị cho tôi order cà phê phin
chị cho tôi order cà phê espresso
chị cho tôi order freeze cà phê phin
chị cho tôi order freeze không cà phê
chị cho tôi order trà sen vàng
chị cho tôi order trà thạch đào
chị cho tôi order trà thanh đào
chị cho tôi order trà thạch vải
chị cho anh đặt cà phê phin
chị cho anh đặt cà phê espresso
chị cho anh đặt freeze cà phê phin
chị cho anh đặt freeze không cà phê
chị cho anh đặt trà sen vàng
chị cho anh đặt trà thạch đào
chị cho anh đặt trà thanh đào
chị cho anh đặt trà thạch vải
chị cho anh mua cà phê phin
chị cho anh mua cà phê espresso
chị cho anh mua freeze cà phê phin
chị cho anh mua freeze không cà phê
chị cho anh mua trà sen vàng
chị cho anh mua trà thạch đào
chị cho anh mua trà thanh đào
chị cho anh mua trà thạch vải
chị cho anh đặt mua cà phê phin
chị cho anh đặt mua cà phê espresso
chị cho anh đặt mua freeze cà phê phin
chị cho anh đặt mua freeze không cà phê
chị cho anh đặt mua trà sen vàng
chị cho anh đặt mua trà thạch đào
chị cho anh đặt mua trà thanh đào
chị cho anh đặt mua trà thạch vải
chị cho anh order cà phê phin
chị cho anh order cà phê espresso
chị cho anh order freeze cà phê phin
chị cho anh order freeze không cà phê
chị cho anh order trà sen vàng
chị cho anh order trà thạch đào
chị cho anh order trà thanh đào
chị cho anh order trà thạch vải
chị cho chị đặt cà phê phin
chị cho chị đặt cà phê espresso
chị cho chị đặt freeze cà phê phin
chị cho chị đặt freeze không cà phê
chị cho chị đặt trà sen vàng
chị cho chị đặt trà thạch đào
chị cho chị đặt trà thanh đào
chị cho chị đặt trà thạch vải
chị cho chị mua cà phê phin
chị cho chị mua cà phê espresso
chị cho chị mua freeze cà phê phin
chị cho chị mua freeze không cà phê
chị cho chị mua trà sen vàng
chị cho chị mua trà thạch đào
chị cho chị mua trà thanh đào
chị cho chị mua trà thạch vải
chị cho chị đặt mua cà phê phin
chị cho chị đặt mua cà phê espresso
chị cho chị đặt mua freeze cà phê phin
chị cho chị đặt mua freeze không cà phê
chị cho chị đặt mua trà sen vàng
chị cho chị đặt mua trà thạch đào
chị cho chị đặt mua trà thanh đào
chị cho chị đặt mua trà thạch vải
chị cho chị order cà phê phin
chị cho chị order cà phê espresso
chị cho chị order freeze cà phê phin
chị cho chị order freeze không cà phê
chị cho chị order trà sen vàng
chị cho chị order trà thạch đào
chị cho chị order trà thanh đào
chị cho chị order trà thạch vải
chị cho em đặt cà phê phin
chị cho em đặt cà phê espresso
chị cho em đặt freeze cà phê phin
chị cho em đặt freeze không cà phê
chị cho em đặt trà sen vàng
chị cho em đặt trà thạch đào
chị cho em đặt trà thanh đào
chị cho em đặt trà thạch vải
chị cho em mua cà phê phin
chị cho em mua cà phê espresso
chị cho em mua freeze cà phê phin
chị cho em mua freeze không cà phê
chị cho em mua trà sen vàng
chị cho em mua trà thạch đào
chị cho em mua trà thanh đào
chị cho em mua trà thạch vải
chị cho em đặt mua cà phê phin
chị cho em đặt mua cà phê espresso
chị cho em đặt mua freeze cà phê phin
chị cho em đặt mua freeze không cà phê
chị cho em đặt mua trà sen vàng
chị cho em đặt mua trà thạch đào
chị cho em đặt mua trà thanh đào
chị cho em đặt mua trà thạch vải
chị cho em order cà phê phin
chị cho em order cà phê espresso
chị cho em order freeze cà phê phin
chị cho em order freeze không cà phê
chị cho em order trà sen vàng
chị cho em order trà thạch đào
chị cho em order trà thanh đào
chị cho em order trà thạch vải
chị cho mình đặt cà phê phin
chị cho mình đặt cà phê espresso
chị cho mình đặt freeze cà phê phin
chị cho mình đặt freeze không cà phê
chị cho mình đặt trà sen vàng
chị cho mình đặt trà thạch đào
chị cho mình đặt trà thanh đào
chị cho mình đặt trà thạch vải
chị cho mình mua cà phê phin
chị cho mình mua cà phê espresso
chị cho mình mua freeze cà phê phin
chị cho mình mua freeze không cà phê
chị cho mình mua trà sen vàng
chị cho mình mua trà thạch đào
chị cho mình mua trà thanh đào
chị cho mình mua trà thạch vải
chị cho mình đặt mua cà phê phin
chị cho mình đặt mua cà phê espresso
chị cho mình đặt mua freeze cà phê phin
chị cho mình đặt mua freeze không cà phê
chị cho mình đặt mua trà sen vàng
chị cho mình đặt mua trà thạch đào
chị cho mình đặt mua trà thanh đào
chị cho mình đặt mua trà thạch vải
chị cho mình order cà phê phin
chị cho mình order cà phê espresso
chị cho mình order freeze cà phê phin
chị cho mình order freeze không cà phê
chị cho mình order trà sen vàng
chị cho mình order trà thạch đào
chị cho mình order trà thanh đào
chị cho mình order trà thạch vải
chị cho tớ đặt cà phê phin
chị cho tớ đặt cà phê espresso
chị cho tớ đặt freeze cà phê phin
chị cho tớ đặt freeze không cà phê
chị cho tớ đặt trà sen vàng
chị cho tớ đặt trà thạch đào
chị cho tớ đặt trà thanh đào
chị cho tớ đặt trà thạch vải
chị cho tớ mua cà phê phin
chị cho tớ mua cà phê espresso
chị cho tớ mua freeze cà phê phin
chị cho tớ mua freeze không cà phê
chị cho tớ mua trà sen vàng
chị cho tớ mua trà thạch đào
chị cho tớ mua trà thanh đào
chị cho tớ mua trà thạch vải
chị cho tớ đặt mua cà phê phin
chị cho tớ đặt mua cà phê espresso
chị cho tớ đặt mua freeze cà phê phin
chị cho tớ đặt mua freeze không cà phê
chị cho tớ đặt mua trà sen vàng
chị cho tớ đặt mua trà thạch đào
chị cho tớ đặt mua trà thanh đào
chị cho tớ đặt mua trà thạch vải
chị cho tớ order cà phê phin
chị cho tớ order cà phê espresso
chị cho tớ order freeze cà phê phin
chị cho tớ order freeze không cà phê
chị cho tớ order trà sen vàng
chị cho tớ order trà thạch đào
chị cho tớ order trà thanh đào
chị cho tớ order trà thạch vải
chị cho chú đặt cà phê phin
chị cho chú đặt cà phê espresso
chị cho chú đặt freeze cà phê phin
chị cho chú đặt freeze không cà phê
chị cho chú đặt trà sen vàng
chị cho chú đặt trà thạch đào
chị cho chú đặt trà thanh đào
chị cho chú đặt trà thạch vải
chị cho chú mua cà phê phin
chị cho chú mua cà phê espresso
chị cho chú mua freeze cà phê phin
chị cho chú mua freeze không cà phê
chị cho chú mua trà sen vàng
chị cho chú mua trà thạch đào
chị cho chú mua trà thanh đào
chị cho chú mua trà thạch vải
chị cho chú đặt mua cà phê phin
chị cho chú đặt mua cà phê espresso
chị cho chú đặt mua freeze cà phê phin
chị cho chú đặt mua freeze không cà phê
chị cho chú đặt mua trà sen vàng
chị cho chú đặt mua trà thạch đào
chị cho chú đặt mua trà thanh đào
chị cho chú đặt mua trà thạch vải
chị cho chú order cà phê phin
chị cho chú order cà phê espresso
chị cho chú order freeze cà phê phin
chị cho chú order freeze không cà phê
chị cho chú order trà sen vàng
chị cho chú order trà thạch đào
chị cho chú order trà thanh đào
chị cho chú order trà thạch vải
chị cho cô đặt cà phê phin
chị cho cô đặt cà phê espresso
chị cho cô đặt freeze cà phê phin
chị cho cô đặt freeze không cà phê
chị cho cô đặt trà sen vàng
chị cho cô đặt trà thạch đào
chị cho cô đặt trà thanh đào
chị cho cô đặt trà thạch vải
chị cho cô mua cà phê phin
chị cho cô mua cà phê espresso
chị cho cô mua freeze cà phê phin
chị cho cô mua freeze không cà phê
chị cho cô mua trà sen vàng
chị cho cô mua trà thạch đào
chị cho cô mua trà thanh đào
chị cho cô mua trà thạch vải
chị cho cô đặt mua cà phê phin
chị cho cô đặt mua cà phê espresso
chị cho cô đặt mua freeze cà phê phin
chị cho cô đặt mua freeze không cà phê
chị cho cô đặt mua trà sen vàng
chị cho cô đặt mua trà thạch đào
chị cho cô đặt mua trà thanh đào
chị cho cô đặt mua trà thạch vải
chị cho cô order cà phê phin
chị cho cô order cà phê espresso
chị cho cô order freeze cà phê phin
chị cho cô order freeze không cà phê
chị cho cô order trà sen vàng
chị cho cô order trà thạch đào
chị cho cô order trà thanh đào
chị cho cô order trà thạch vải
chị cho bác đặt cà phê phin
chị cho bác đặt cà phê espresso
chị cho bác đặt freeze cà phê phin
chị cho bác đặt freeze không cà phê
chị cho bác đặt trà sen vàng
chị cho bác đặt trà thạch đào
chị cho bác đặt trà thanh đào
chị cho bác đặt trà thạch vải
chị cho bác mua cà phê phin
chị cho bác mua cà phê espresso
chị cho bác mua freeze cà phê phin
chị cho bác mua freeze không cà phê
chị cho bác mua trà sen vàng
chị cho bác mua trà thạch đào
chị cho bác mua trà thanh đào
chị cho bác mua trà thạch vải
chị cho bác đặt mua cà phê phin
chị cho bác đặt mua cà phê espresso
chị cho bác đặt mua freeze cà phê phin
chị cho bác đặt mua freeze không cà phê
chị cho bác đặt mua trà sen vàng
chị cho bác đặt mua trà thạch đào
chị cho bác đặt mua trà thanh đào
chị cho bác đặt mua trà thạch vải
chị cho bác order cà phê phin
chị cho bác order cà phê espresso
chị cho bác order freeze cà phê phin
chị cho bác order freeze không cà phê
chị cho bác order trà sen vàng
chị cho bác order trà thạch đào
chị cho bác order trà thanh đào
chị cho bác order trà thạch vải
bên mình cho tôi đặt cà phê phin
bên mình cho tôi đặt cà phê espresso
bên mình cho tôi đặt freeze cà phê phin
bên mình cho tôi đặt freeze không cà phê
bên mình cho tôi đặt trà sen vàng
bên mình cho tôi đặt trà thạch đào
bên mình cho tôi đặt trà thanh đào
bên mình cho tôi đặt trà thạch vải
bên mình cho tôi mua cà phê phin
bên mình cho tôi mua cà phê espresso
bên mình cho tôi mua freeze cà phê phin
bên mình cho tôi mua freeze không cà phê
bên mình cho tôi mua trà sen vàng
bên mình cho tôi mua trà thạch đào
bên mình cho tôi mua trà thanh đào
bên mình cho tôi mua trà thạch vải
bên mình cho tôi đặt mua cà phê phin
bên mình cho tôi đặt mua cà phê espresso
bên mình cho tôi đặt mua freeze cà phê phin
bên mình cho tôi đặt mua freeze không cà phê
bên mình cho tôi đặt mua trà sen vàng
bên mình cho tôi đặt mua trà thạch đào
bên mình cho tôi đặt mua trà thanh đào
bên mình cho tôi đặt mua trà thạch vải
bên mình cho tôi order cà phê phin
bên mình cho tôi order cà phê espresso
bên mình cho tôi order freeze cà phê phin
bên mình cho tôi order freeze không cà phê
bên mình cho tôi order trà sen vàng
bên mình cho tôi order trà thạch đào
bên mình cho tôi order trà thanh đào
bên mình cho tôi order trà thạch vải
bên mình cho anh đặt cà phê phin
bên mình cho anh đặt cà phê espresso
bên mình cho anh đặt freeze cà phê phin
bên mình cho anh đặt freeze không cà phê
bên mình cho anh đặt trà sen vàng
bên mình cho anh đặt trà thạch đào
bên mình cho anh đặt trà thanh đào
bên mình cho anh đặt trà thạch vải
bên mình cho anh mua cà phê phin
bên mình cho anh mua cà phê espresso
bên mình cho anh mua freeze cà phê phin
bên mình cho anh mua freeze không cà phê
bên mình cho anh mua trà sen vàng
bên mình cho anh mua trà thạch đào
bên mình cho anh mua trà thanh đào
bên mình cho anh mua trà thạch vải
bên mình cho anh đặt mua cà phê phin
bên mình cho anh đặt mua cà phê espresso
bên mình cho anh đặt mua freeze cà phê phin
bên mình cho anh đặt mua freeze không cà phê
bên mình cho anh đặt mua trà sen vàng
bên mình cho anh đặt mua trà thạch đào
bên mình cho anh đặt mua trà thanh đào
bên mình cho anh đặt mua trà thạch vải
bên mình cho anh order cà phê phin
bên mình cho anh order cà phê espresso
bên mình cho anh order freeze cà phê phin
bên mình cho anh order freeze không cà phê
bên mình cho anh order trà sen vàng
bên mình cho anh order trà thạch đào
bên mình cho anh order trà thanh đào
bên mình cho anh order trà thạch vải
bên mình cho chị đặt cà phê phin
bên mình cho chị đặt cà phê espresso
bên mình cho chị đặt freeze cà phê phin
bên mình cho chị đặt freeze không cà phê
bên mình cho chị đặt trà sen vàng
bên mình cho chị đặt trà thạch đào
bên mình cho chị đặt trà thanh đào
bên mình cho chị đặt trà thạch vải
bên mình cho chị mua cà phê phin
bên mình cho chị mua cà phê espresso
bên mình cho chị mua freeze cà phê phin
bên mình cho chị mua freeze không cà phê
bên mình cho chị mua trà sen vàng
bên mình cho chị mua trà thạch đào
bên mình cho chị mua trà thanh đào
bên mình cho chị mua trà thạch vải
bên mình cho chị đặt mua cà phê phin
bên mình cho chị đặt mua cà phê espresso
bên mình cho chị đặt mua freeze cà phê phin
bên mình cho chị đặt mua freeze không cà phê
bên mình cho chị đặt mua trà sen vàng
bên mình cho chị đặt mua trà thạch đào
bên mình cho chị đặt mua trà thanh đào
bên mình cho chị đặt mua trà thạch vải
bên mình cho chị order cà phê phin
bên mình cho chị order cà phê espresso
bên mình cho chị order freeze cà phê phin
bên mình cho chị order freeze không cà phê
bên mình cho chị order trà sen vàng
bên mình cho chị order trà thạch đào
bên mình cho chị order trà thanh đào
bên mình cho chị order trà thạch vải
bên mình cho em đặt cà phê phin
bên mình cho em đặt cà phê espresso
bên mình cho em đặt freeze cà phê phin
bên mình cho em đặt freeze không cà phê
bên mình cho em đặt trà sen vàng
bên mình cho em đặt trà thạch đào
bên mình cho em đặt trà thanh đào
bên mình cho em đặt trà thạch vải
bên mình cho em mua cà phê phin
bên mình cho em mua cà phê espresso
bên mình cho em mua freeze cà phê phin
bên mình cho em mua freeze không cà phê
bên mình cho em mua trà sen vàng
bên mình cho em mua trà thạch đào
bên mình cho em mua trà thanh đào
bên mình cho em mua trà thạch vải
bên mình cho em đặt mua cà phê phin
bên mình cho em đặt mua cà phê espresso
bên mình cho em đặt mua freeze cà phê phin
bên mình cho em đặt mua freeze không cà phê
bên mình cho em đặt mua trà sen vàng
bên mình cho em đặt mua trà thạch đào
bên mình cho em đặt mua trà thanh đào
bên mình cho em đặt mua trà thạch vải
bên mình cho em order cà phê phin
bên mình cho em order cà phê espresso
bên mình cho em order freeze cà phê phin
bên mình cho em order freeze không cà phê
bên mình cho em order trà sen vàng
bên mình cho em order trà thạch đào
bên mình cho em order trà thanh đào
bên mình cho em order trà thạch vải
bên mình cho mình đặt cà phê phin
bên mình cho mình đặt cà phê espresso
bên mình cho mình đặt freeze cà phê phin
bên mình cho mình đặt freeze không cà phê
bên mình cho mình đặt trà sen vàng
bên mình cho mình đặt trà thạch đào
bên mình cho mình đặt trà thanh đào
bên mình cho mình đặt trà thạch vải
bên mình cho mình mua cà phê phin
bên mình cho mình mua cà phê espresso
bên mình cho mình mua freeze cà phê phin
bên mình cho mình mua freeze không cà phê
bên mình cho mình mua trà sen vàng
bên mình cho mình mua trà thạch đào
bên mình cho mình mua trà thanh đào
bên mình cho mình mua trà thạch vải
bên mình cho mình đặt mua cà phê phin
bên mình cho mình đặt mua cà phê espresso
bên mình cho mình đặt mua freeze cà phê phin
bên mình cho mình đặt mua freeze không cà phê
bên mình cho mình đặt mua trà sen vàng
bên mình cho mình đặt mua trà thạch đào
bên mình cho mình đặt mua trà thanh đào
bên mình cho mình đặt mua trà thạch vải
bên mình cho mình order cà phê phin
bên mình cho mình order cà phê espresso
bên mình cho mình order freeze cà phê phin
bên mình cho mình order freeze không cà phê
bên mình cho mình order trà sen vàng
bên mình cho mình order trà thạch đào
bên mình cho mình order trà thanh đào
bên mình cho mình order trà thạch vải
bên mình cho tớ đặt cà phê phin
bên mình cho tớ đặt cà phê espresso
bên mình cho tớ đặt freeze cà phê phin
bên mình cho tớ đặt freeze không cà phê
bên mình cho tớ đặt trà sen vàng
bên mình cho tớ đặt trà thạch đào
bên mình cho tớ đặt trà thanh đào
bên mình cho tớ đặt trà thạch vải
bên mình cho tớ mua cà phê phin
bên mình cho tớ mua cà phê espresso
bên mình cho tớ mua freeze cà phê phin
bên mình cho tớ mua freeze không cà phê
bên mình cho tớ mua trà sen vàng
bên mình cho tớ mua trà thạch đào
bên mình cho tớ mua trà thanh đào
bên mình cho tớ mua trà thạch vải
bên mình cho tớ đặt mua cà phê phin
bên mình cho tớ đặt mua cà phê espresso
bên mình cho tớ đặt mua freeze cà phê phin
bên mình cho tớ đặt mua freeze không cà phê
bên mình cho tớ đặt mua trà sen vàng
bên mình cho tớ đặt mua trà thạch đào
bên mình cho tớ đặt mua trà thanh đào
bên mình cho tớ đặt mua trà thạch vải
bên mình cho tớ order cà phê phin
bên mình cho tớ order cà phê espresso
bên mình cho tớ order freeze cà phê phin
bên mình cho tớ order freeze không cà phê
bên mình cho tớ order trà sen vàng
bên mình cho tớ order trà thạch đào
bên mình cho tớ order trà thanh đào
bên mình cho tớ order trà thạch vải
bên mình cho chú đặt cà phê phin
bên mình cho chú đặt cà phê espresso
bên mình cho chú đặt freeze cà phê phin
bên mình cho chú đặt freeze không cà phê
bên mình cho chú đặt trà sen vàng
bên mình cho chú đặt trà thạch đào
bên mình cho chú đặt trà thanh đào
bên mình cho chú đặt trà thạch vải
bên mình cho chú mua cà phê phin
bên mình cho chú mua cà phê espresso
bên mình cho chú mua freeze cà phê phin
bên mình cho chú mua freeze không cà phê
bên mình cho chú mua trà sen vàng
bên mình cho chú mua trà thạch đào
bên mình cho chú mua trà thanh đào
bên mình cho chú mua trà thạch vải
bên mình cho chú đặt mua cà phê phin
bên mình cho chú đặt mua cà phê espresso
bên mình cho chú đặt mua freeze cà phê phin
bên mình cho chú đặt mua freeze không cà phê
bên mình cho chú đặt mua trà sen vàng
bên mình cho chú đặt mua trà thạch đào
bên mình cho chú đặt mua trà thanh đào
bên mình cho chú đặt mua trà thạch vải
bên mình cho chú order cà phê phin
bên mình cho chú order cà phê espresso
bên mình cho chú order freeze cà phê phin
bên mình cho chú order freeze không cà phê
bên mình cho chú order trà sen vàng
bên mình cho chú order trà thạch đào
bên mình cho chú order trà thanh đào
bên mình cho chú order trà thạch vải
bên mình cho cô đặt cà phê phin
bên mình cho cô đặt cà phê espresso
bên mình cho cô đặt freeze cà phê phin
bên mình cho cô đặt freeze không cà phê
bên mình cho cô đặt trà sen vàng
bên mình cho cô đặt trà thạch đào
bên mình cho cô đặt trà thanh đào
bên mình cho cô đặt trà thạch vải
bên mình cho cô mua cà phê phin
bên mình cho cô mua cà phê espresso
bên mình cho cô mua freeze cà phê phin
bên mình cho cô mua freeze không cà phê
bên mình cho cô mua trà sen vàng
bên mình cho cô mua trà thạch đào
bên mình cho cô mua trà thanh đào
bên mình cho cô mua trà thạch vải
bên mình cho cô đặt mua cà phê phin
bên mình cho cô đặt mua cà phê espresso
bên mình cho cô đặt mua freeze cà phê phin
bên mình cho cô đặt mua freeze không cà phê
bên mình cho cô đặt mua trà sen vàng
bên mình cho cô đặt mua trà thạch đào
bên mình cho cô đặt mua trà thanh đào
bên mình cho cô đặt mua trà thạch vải
bên mình cho cô order cà phê phin
bên mình cho cô order cà phê espresso
bên mình cho cô order freeze cà phê phin
bên mình cho cô order freeze không cà phê
bên mình cho cô order trà sen vàng
bên mình cho cô order trà thạch đào
bên mình cho cô order trà thanh đào
bên mình cho cô order trà thạch vải
bên mình cho bác đặt cà phê phin
bên mình cho bác đặt cà phê espresso
bên mình cho bác đặt freeze cà phê phin
bên mình cho bác đặt freeze không cà phê
bên mình cho bác đặt trà sen vàng
bên mình cho bác đặt trà thạch đào
bên mình cho bác đặt trà thanh đào
bên mình cho bác đặt trà thạch vải
bên mình cho bác mua cà phê phin
bên mình cho bác mua cà phê espresso
bên mình cho bác mua freeze cà phê phin
bên mình cho bác mua freeze không cà phê
bên mình cho bác mua trà sen vàng
bên mình cho bác mua trà thạch đào
bên mình cho bác mua trà thanh đào
bên mình cho bác mua trà thạch vải
bên mình cho bác đặt mua cà phê phin
bên mình cho bác đặt mua cà phê espresso
bên mình cho bác đặt mua freeze cà phê phin
bên mình cho bác đặt mua freeze không cà phê
bên mình cho bác đặt mua trà sen vàng
bên mình cho bác đặt mua trà thạch đào
bên mình cho bác đặt mua trà thanh đào
bên mình cho bác đặt mua trà thạch vải
bên mình cho bác order cà phê phin
bên mình cho bác order cà phê espresso
bên mình cho bác order freeze cà phê phin
bên mình cho bác order freeze không cà phê
bên mình cho bác order trà sen vàng
bên mình cho bác order trà thạch đào
bên mình cho bác order trà thanh đào
bên mình cho bác order trà thạch vải
mình cho tôi đặt cà phê phin
mình cho tôi đặt cà phê espresso
mình cho tôi đặt freeze cà phê phin
mình cho tôi đặt freeze không cà phê
mình cho tôi đặt trà sen vàng
mình cho tôi đặt trà thạch đào
mình cho tôi đặt trà thanh đào
mình cho tôi đặt trà thạch vải
mình cho tôi mua cà phê phin
mình cho tôi mua cà phê espresso
mình cho tôi mua freeze cà phê phin
mình cho tôi mua freeze không cà phê
mình cho tôi mua trà sen vàng
mình cho tôi mua trà thạch đào
mình cho tôi mua trà thanh đào
mình cho tôi mua trà thạch vải
mình cho tôi đặt mua cà phê phin
mình cho tôi đặt mua cà phê espresso
mình cho tôi đặt mua freeze cà phê phin
mình cho tôi đặt mua freeze không cà phê
mình cho tôi đặt mua trà sen vàng
mình cho tôi đặt mua trà thạch đào
mình cho tôi đặt mua trà thanh đào
mình cho tôi đặt mua trà thạch vải
mình cho tôi order cà phê phin
mình cho tôi order cà phê espresso
mình cho tôi order freeze cà phê phin
mình cho tôi order freeze không cà phê
mình cho tôi order trà sen vàng
mình cho tôi order trà thạch đào
mình cho tôi order trà thanh đào
mình cho tôi order trà thạch vải
mình cho anh đặt cà phê phin
mình cho anh đặt cà phê espresso
mình cho anh đặt freeze cà phê phin
mình cho anh đặt freeze không cà phê
mình cho anh đặt trà sen vàng
mình cho anh đặt trà thạch đào
mình cho anh đặt trà thanh đào
mình cho anh đặt trà thạch vải
mình cho anh mua cà phê phin
mình cho anh mua cà phê espresso
mình cho anh mua freeze cà phê phin
mình cho anh mua freeze không cà phê
mình cho anh mua trà sen vàng
mình cho anh mua trà thạch đào
mình cho anh mua trà thanh đào
mình cho anh mua trà thạch vải
mình cho anh đặt mua cà phê phin
mình cho anh đặt mua cà phê espresso
mình cho anh đặt mua freeze cà phê phin
mình cho anh đặt mua freeze không cà phê
mình cho anh đặt mua trà sen vàng
mình cho anh đặt mua trà thạch đào
mình cho anh đặt mua trà thanh đào
mình cho anh đặt mua trà thạch vải
mình cho anh order cà phê phin
mình cho anh order cà phê espresso
mình cho anh order freeze cà phê phin
mình cho anh order freeze không cà phê
mình cho anh order trà sen vàng
mình cho anh order trà thạch đào
mình cho anh order trà thanh đào
mình cho anh order trà thạch vải
mình cho chị đặt cà phê phin
mình cho chị đặt cà phê espresso
mình cho chị đặt freeze cà phê phin
mình cho chị đặt freeze không cà phê
mình cho chị đặt trà sen vàng
mình cho chị đặt trà thạch đào
mình cho chị đặt trà thanh đào
mình cho chị đặt trà thạch vải
mình cho chị mua cà phê phin
mình cho chị mua cà phê espresso
mình cho chị mua freeze cà phê phin
mình cho chị mua freeze không cà phê
mình cho chị mua trà sen vàng
mình cho chị mua trà thạch đào
mình cho chị mua trà thanh đào
mình cho chị mua trà thạch vải
mình cho chị đặt mua cà phê phin
mình cho chị đặt mua cà phê espresso
mình cho chị đặt mua freeze cà phê phin
mình cho chị đặt mua freeze không cà phê
mình cho chị đặt mua trà sen vàng
mình cho chị đặt mua trà thạch đào
mình cho chị đặt mua trà thanh đào
mình cho chị đặt mua trà thạch vải
mình cho chị order cà phê phin
mình cho chị order cà phê espresso
mình cho chị order freeze cà phê phin
mình cho chị order freeze không cà phê
mình cho chị order trà sen vàng
mình cho chị order trà thạch đào
mình cho chị order trà thanh đào
mình cho chị order trà thạch vải
mình cho em đặt cà phê phin
mình cho em đặt cà phê espresso
mình cho em đặt freeze cà phê phin
mình cho em đặt freeze không cà phê
mình cho em đặt trà sen vàng
mình cho em đặt trà thạch đào
mình cho em đặt trà thanh đào
mình cho em đặt trà thạch vải
mình cho em mua cà phê phin
mình cho em mua cà phê espresso
mình cho em mua freeze cà phê phin
mình cho em mua freeze không cà phê
mình cho em mua trà sen vàng
mình cho em mua trà thạch đào
mình cho em mua trà thanh đào
mình cho em mua trà thạch vải
mình cho em đặt mua cà phê phin
mình cho em đặt mua cà phê espresso
mình cho em đặt mua freeze cà phê phin
mình cho em đặt mua freeze không cà phê
mình cho em đặt mua trà sen vàng
mình cho em đặt mua trà thạch đào
mình cho em đặt mua trà thanh đào
mình cho em đặt mua trà thạch vải
mình cho em order cà phê phin
mình cho em order cà phê espresso
mình cho em order freeze cà phê phin
mình cho em order freeze không cà phê
mình cho em order trà sen vàng
mình cho em order trà thạch đào
mình cho em order trà thanh đào
mình cho em order trà thạch vải
mình cho mình đặt cà phê phin
mình cho mình đặt cà phê espresso
mình cho mình đặt freeze cà phê phin
mình cho mình đặt freeze không cà phê
mình cho mình đặt trà sen vàng
mình cho mình đặt trà thạch đào
mình cho mình đặt trà thanh đào
mình cho mình đặt trà thạch vải
mình cho mình mua cà phê phin
mình cho mình mua cà phê espresso
mình cho mình mua freeze cà phê phin
mình cho mình mua freeze không cà phê
mình cho mình mua trà sen vàng
mình cho mình mua trà thạch đào
mình cho mình mua trà thanh đào
mình cho mình mua trà thạch vải
mình cho mình đặt mua cà phê phin
mình cho mình đặt mua cà phê espresso
mình cho mình đặt mua freeze cà phê phin
mình cho mình đặt mua freeze không cà phê
mình cho mình đặt mua trà sen vàng
mình cho mình đặt mua trà thạch đào
mình cho mình đặt mua trà thanh đào
mình cho mình đặt mua trà thạch vải
mình cho mình order cà phê phin
mình cho mình order cà phê espresso
mình cho mình order freeze cà phê phin
mình cho mình order freeze không cà phê
mình cho mình order trà sen vàng
mình cho mình order trà thạch đào
mình cho mình order trà thanh đào
mình cho mình order trà thạch vải
mình cho tớ đặt cà phê phin
mình cho tớ đặt cà phê espresso
mình cho tớ đặt freeze cà phê phin
mình cho tớ đặt freeze không cà phê
mình cho tớ đặt trà sen vàng
mình cho tớ đặt trà thạch đào
mình cho tớ đặt trà thanh đào
mình cho tớ đặt trà thạch vải
mình cho tớ mua cà phê phin
mình cho tớ mua cà phê espresso
mình cho tớ mua freeze cà phê phin
mình cho tớ mua freeze không cà phê
mình cho tớ mua trà sen vàng
mình cho tớ mua trà thạch đào
mình cho tớ mua trà thanh đào
mình cho tớ mua trà thạch vải
mình cho tớ đặt mua cà phê phin
mình cho tớ đặt mua cà phê espresso
mình cho tớ đặt mua freeze cà phê phin
mình cho tớ đặt mua freeze không cà phê
mình cho tớ đặt mua trà sen vàng
mình cho tớ đặt mua trà thạch đào
mình cho tớ đặt mua trà thanh đào
mình cho tớ đặt mua trà thạch vải
mình cho tớ order cà phê phin
mình cho tớ order cà phê espresso
mình cho tớ order freeze cà phê phin
mình cho tớ order freeze không cà phê
mình cho tớ order trà sen vàng
mình cho tớ order trà thạch đào
mình cho tớ order trà thanh đào
mình cho tớ order trà thạch vải
mình cho chú đặt cà phê phin
mình cho chú đặt cà phê espresso
mình cho chú đặt freeze cà phê phin
mình cho chú đặt freeze không cà phê
mình cho chú đặt trà sen vàng
mình cho chú đặt trà thạch đào
mình cho chú đặt trà thanh đào
mình cho chú đặt trà thạch vải
mình cho chú mua cà phê phin
mình cho chú mua cà phê espresso
mình cho chú mua freeze cà phê phin
mình cho chú mua freeze không cà phê
mình cho chú mua trà sen vàng
mình cho chú mua trà thạch đào
mình cho chú mua trà thanh đào
mình cho chú mua trà thạch vải
mình cho chú đặt mua cà phê phin
mình cho chú đặt mua cà phê espresso
mình cho chú đặt mua freeze cà phê phin
mình cho chú đặt mua freeze không cà phê
mình cho chú đặt mua trà sen vàng
mình cho chú đặt mua trà thạch đào
mình cho chú đặt mua trà thanh đào
mình cho chú đặt mua trà thạch vải
mình cho chú order cà phê phin
mình cho chú order cà phê espresso
mình cho chú order freeze cà phê phin
mình cho chú order freeze không cà phê
mình cho chú order trà sen vàng
mình cho chú order trà thạch đào
mình cho chú order trà thanh đào
mình cho chú order trà thạch vải
mình cho cô đặt cà phê phin
mình cho cô đặt cà phê espresso
mình cho cô đặt freeze cà phê phin
mình cho cô đặt freeze không cà phê
mình cho cô đặt trà sen vàng
mình cho cô đặt trà thạch đào
mình cho cô đặt trà thanh đào
mình cho cô đặt trà thạch vải
mình cho cô mua cà phê phin
mình cho cô mua cà phê espresso
mình cho cô mua freeze cà phê phin
mình cho cô mua freeze không cà phê
mình cho cô mua trà sen vàng
mình cho cô mua trà thạch đào
mình cho cô mua trà thanh đào
mình cho cô mua trà thạch vải
mình cho cô đặt mua cà phê phin
mình cho cô đặt mua cà phê espresso
mình cho cô đặt mua freeze cà phê phin
mình cho cô đặt mua freeze không cà phê
mình cho cô đặt mua trà sen vàng
mình cho cô đặt mua trà thạch đào
mình cho cô đặt mua trà thanh đào
mình cho cô đặt mua trà thạch vải
mình cho cô order cà phê phin
mình cho cô order cà phê espresso
mình cho cô order freeze cà phê phin
mình cho cô order freeze không cà phê
mình cho cô order trà sen vàng
mình cho cô order trà thạch đào
mình cho cô order trà thanh đào
mình cho cô order trà thạch vải
mình cho bác đặt cà phê phin
mình cho bác đặt cà phê espresso
mình cho bác đặt freeze cà phê phin
mình cho bác đặt freeze không cà phê
mình cho bác đặt trà sen vàng
mình cho bác đặt trà thạch đào
mình cho bác đặt trà thanh đào
mình cho bác đặt trà thạch vải
mình cho bác mua cà phê phin
mình cho bác mua cà phê espresso
mình cho bác mua freeze cà phê phin
mình cho bác mua freeze không cà phê
mình cho bác mua trà sen vàng
mình cho bác mua trà thạch đào
mình cho bác mua trà thanh đào
mình cho bác mua trà thạch vải
mình cho bác đặt mua cà phê phin
mình cho bác đặt mua cà phê espresso
mình cho bác đặt mua freeze cà phê phin
mình cho bác đặt mua freeze không cà phê
mình cho bác đặt mua trà sen vàng
mình cho bác đặt mua trà thạch đào
mình cho bác đặt mua trà thanh đào
mình cho bác đặt mua trà thạch vải
mình cho bác order cà phê phin
mình cho bác order cà phê espresso
mình cho bác order freeze cà phê phin
mình cho bác order freeze không cà phê
mình cho bác order trà sen vàng
mình cho bác order trà thạch đào
mình cho bác order trà thanh đào
mình cho bác order trà thạch vải
cửa hàng cho tôi đặt cà phê phin
cửa hàng cho tôi đặt cà phê espresso
cửa hàng cho tôi đặt freeze cà phê phin
cửa hàng cho tôi đặt freeze không cà phê
cửa hàng cho tôi đặt trà sen vàng
cửa hàng cho tôi đặt trà thạch đào
cửa hàng cho tôi đặt trà thanh đào
cửa hàng cho tôi đặt trà thạch vải
cửa hàng cho tôi mua cà phê phin
cửa hàng cho tôi mua cà phê espresso
cửa hàng cho tôi mua freeze cà phê phin
cửa hàng cho tôi mua freeze không cà phê
cửa hàng cho tôi mua trà sen vàng
cửa hàng cho tôi mua trà thạch đào
cửa hàng cho tôi mua trà thanh đào
cửa hàng cho tôi mua trà thạch vải
cửa hàng cho tôi đặt mua cà phê phin
cửa hàng cho tôi đặt mua cà phê espresso
cửa hàng cho tôi đặt mua freeze cà phê phin
cửa hàng cho tôi đặt mua freeze không cà phê
cửa hàng cho tôi đặt mua trà sen vàng
cửa hàng cho tôi đặt mua trà thạch đào
cửa hàng cho tôi đặt mua trà thanh đào
cửa hàng cho tôi đặt mua trà thạch vải
cửa hàng cho tôi order cà phê phin
cửa hàng cho tôi order cà phê espresso
cửa hàng cho tôi order freeze cà phê phin
cửa hàng cho tôi order freeze không cà phê
cửa hàng cho tôi order trà sen vàng
cửa hàng cho tôi order trà thạch đào
cửa hàng cho tôi order trà thanh đào
cửa hàng cho tôi order trà thạch vải
cửa hàng cho anh đặt cà phê phin
cửa hàng cho anh đặt cà phê espresso
cửa hàng cho anh đặt freeze cà phê phin
cửa hàng cho anh đặt freeze không cà phê
cửa hàng cho anh đặt trà sen vàng
cửa hàng cho anh đặt trà thạch đào
cửa hàng cho anh đặt trà thanh đào
cửa hàng cho anh đặt trà thạch vải
cửa hàng cho anh mua cà phê phin
cửa hàng cho anh mua cà phê espresso
cửa hàng cho anh mua freeze cà phê phin
cửa hàng cho anh mua freeze không cà phê
cửa hàng cho anh mua trà sen vàng
cửa hàng cho anh mua trà thạch đào
cửa hàng cho anh mua trà thanh đào
cửa hàng cho anh mua trà thạch vải
cửa hàng cho anh đặt mua cà phê phin
cửa hàng cho anh đặt mua cà phê espresso
cửa hàng cho anh đặt mua freeze cà phê phin
cửa hàng cho anh đặt mua freeze không cà phê
cửa hàng cho anh đặt mua trà sen vàng
cửa hàng cho anh đặt mua trà thạch đào
cửa hàng cho anh đặt mua trà thanh đào
cửa hàng cho anh đặt mua trà thạch vải
cửa hàng cho anh order cà phê phin
cửa hàng cho anh order cà phê espresso
cửa hàng cho anh order freeze cà phê phin
cửa hàng cho anh order freeze không cà phê
cửa hàng cho anh order trà sen vàng
cửa hàng cho anh order trà thạch đào
cửa hàng cho anh order trà thanh đào
cửa hàng cho anh order trà thạch vải
cửa hàng cho chị đặt cà phê phin
cửa hàng cho chị đặt cà phê espresso
cửa hàng cho chị đặt freeze cà phê phin
cửa hàng cho chị đặt freeze không cà phê
cửa hàng cho chị đặt trà sen vàng
cửa hàng cho chị đặt trà thạch đào
cửa hàng cho chị đặt trà thanh đào
cửa hàng cho chị đặt trà thạch vải
cửa hàng cho chị mua cà phê phin
cửa hàng cho chị mua cà phê espresso
cửa hàng cho chị mua freeze cà phê phin
cửa hàng cho chị mua freeze không cà phê
cửa hàng cho chị mua trà sen vàng
cửa hàng cho chị mua trà thạch đào
cửa hàng cho chị mua trà thanh đào
cửa hàng cho chị mua trà thạch vải
cửa hàng cho chị đặt mua cà phê phin
cửa hàng cho chị đặt mua cà phê espresso
cửa hàng cho chị đặt mua freeze cà phê phin
cửa hàng cho chị đặt mua freeze không cà phê
cửa hàng cho chị đặt mua trà sen vàng
cửa hàng cho chị đặt mua trà thạch đào
cửa hàng cho chị đặt mua trà thanh đào
cửa hàng cho chị đặt mua trà thạch vải
cửa hàng cho chị order cà phê phin
cửa hàng cho chị order cà phê espresso
cửa hàng cho chị order freeze cà phê phin
cửa hàng cho chị order freeze không cà phê
cửa hàng cho chị order trà sen vàng
cửa hàng cho chị order trà thạch đào
cửa hàng cho chị order trà thanh đào
cửa hàng cho chị order trà thạch vải
cửa hàng cho em đặt cà phê phin
cửa hàng cho em đặt cà phê espresso
cửa hàng cho em đặt freeze cà phê phin
cửa hàng cho em đặt freeze không cà phê
cửa hàng cho em đặt trà sen vàng
cửa hàng cho em đặt trà thạch đào
cửa hàng cho em đặt trà thanh đào
cửa hàng cho em đặt trà thạch vải
cửa hàng cho em mua cà phê phin
cửa hàng cho em mua cà phê espresso
cửa hàng cho em mua freeze cà phê phin
cửa hàng cho em mua freeze không cà phê
cửa hàng cho em mua trà sen vàng
cửa hàng cho em mua trà thạch đào
cửa hàng cho em mua trà thanh đào
cửa hàng cho em mua trà thạch vải
cửa hàng cho em đặt mua cà phê phin
cửa hàng cho em đặt mua cà phê espresso
cửa hàng cho em đặt mua freeze cà phê phin
cửa hàng cho em đặt mua freeze không cà phê
cửa hàng cho em đặt mua trà sen vàng
cửa hàng cho em đặt mua trà thạch đào
cửa hàng cho em đặt mua trà thanh đào
cửa hàng cho em đặt mua trà thạch vải
cửa hàng cho em order cà phê phin
cửa hàng cho em order cà phê espresso
cửa hàng cho em order freeze cà phê phin
cửa hàng cho em order freeze không cà phê
cửa hàng cho em order trà sen vàng
cửa hàng cho em order trà thạch đào
cửa hàng cho em order trà thanh đào
cửa hàng cho em order trà thạch vải
cửa hàng cho mình đặt cà phê phin
cửa hàng cho mình đặt cà phê espresso
cửa hàng cho mình đặt freeze cà phê phin
cửa hàng cho mình đặt freeze không cà phê
cửa hàng cho mình đặt trà sen vàng
cửa hàng cho mình đặt trà thạch đào
cửa hàng cho mình đặt trà thanh đào
cửa hàng cho mình đặt trà thạch vải
cửa hàng cho mình mua cà phê phin
cửa hàng cho mình mua cà phê espresso
cửa hàng cho mình mua freeze cà phê phin
cửa hàng cho mình mua freeze không cà phê
cửa hàng cho mình mua trà sen vàng
cửa hàng cho mình mua trà thạch đào
cửa hàng cho mình mua trà thanh đào
cửa hàng cho mình mua trà thạch vải
cửa hàng cho mình đặt mua cà phê phin
cửa hàng cho mình đặt mua cà phê espresso
cửa hàng cho mình đặt mua freeze cà phê phin
cửa hàng cho mình đặt mua freeze không cà phê
cửa hàng cho mình đặt mua trà sen vàng
cửa hàng cho mình đặt mua trà thạch đào
cửa hàng cho mình đặt mua trà thanh đào
cửa hàng cho mình đặt mua trà thạch vải
cửa hàng cho mình order cà phê phin
cửa hàng cho mình order cà phê espresso
cửa hàng cho mình order freeze cà phê phin
cửa hàng cho mình order freeze không cà phê
cửa hàng cho mình order trà sen vàng
cửa hàng cho mình order trà thạch đào
cửa hàng cho mình order trà thanh đào
cửa hàng cho mình order trà thạch vải
cửa hàng cho tớ đặt cà phê phin
cửa hàng cho tớ đặt cà phê espresso
cửa hàng cho tớ đặt freeze cà phê phin
cửa hàng cho tớ đặt freeze không cà phê
cửa hàng cho tớ đặt trà sen vàng
cửa hàng cho tớ đặt trà thạch đào
cửa hàng cho tớ đặt trà thanh đào
cửa hàng cho tớ đặt trà thạch vải
cửa hàng cho tớ mua cà phê phin
cửa hàng cho tớ mua cà phê espresso
cửa hàng cho tớ mua freeze cà phê phin
cửa hàng cho tớ mua freeze không cà phê
cửa hàng cho tớ mua trà sen vàng
cửa hàng cho tớ mua trà thạch đào
cửa hàng cho tớ mua trà thanh đào
cửa hàng cho tớ mua trà thạch vải
cửa hàng cho tớ đặt mua cà phê phin
cửa hàng cho tớ đặt mua cà phê espresso
cửa hàng cho tớ đặt mua freeze cà phê phin
cửa hàng cho tớ đặt mua freeze không cà phê
cửa hàng cho tớ đặt mua trà sen vàng
cửa hàng cho tớ đặt mua trà thạch đào
cửa hàng cho tớ đặt mua trà thanh đào
cửa hàng cho tớ đặt mua trà thạch vải
cửa hàng cho tớ order cà phê phin
cửa hàng cho tớ order cà phê espresso
cửa hàng cho tớ order freeze cà phê phin
cửa hàng cho tớ order freeze không cà phê
cửa hàng cho tớ order trà sen vàng
cửa hàng cho tớ order trà thạch đào
cửa hàng cho tớ order trà thanh đào
cửa hàng cho tớ order trà thạch vải
cửa hàng cho chú đặt cà phê phin
cửa hàng cho chú đặt cà phê espresso
cửa hàng cho chú đặt freeze cà phê phin
cửa hàng cho chú đặt freeze không cà phê
cửa hàng cho chú đặt trà sen vàng
cửa hàng cho chú đặt trà thạch đào
cửa hàng cho chú đặt trà thanh đào
cửa hàng cho chú đặt trà thạch vải
cửa hàng cho chú mua cà phê phin
cửa hàng cho chú mua cà phê espresso
cửa hàng cho chú mua freeze cà phê phin
cửa hàng cho chú mua freeze không cà phê
cửa hàng cho chú mua trà sen vàng
cửa hàng cho chú mua trà thạch đào
cửa hàng cho chú mua trà thanh đào
cửa hàng cho chú mua trà thạch vải
cửa hàng cho chú đặt mua cà phê phin
cửa hàng cho chú đặt mua cà phê espresso
cửa hàng cho chú đặt mua freeze cà phê phin
cửa hàng cho chú đặt mua freeze không cà phê
cửa hàng cho chú đặt mua trà sen vàng
cửa hàng cho chú đặt mua trà thạch đào
cửa hàng cho chú đặt mua trà thanh đào
cửa hàng cho chú đặt mua trà thạch vải
cửa hàng cho chú order cà phê phin
cửa hàng cho chú order cà phê espresso
cửa hàng cho chú order freeze cà phê phin
cửa hàng cho chú order freeze không cà phê
cửa hàng cho chú order trà sen vàng
cửa hàng cho chú order trà thạch đào
cửa hàng cho chú order trà thanh đào
cửa hàng cho chú order trà thạch vải
cửa hàng cho cô đặt cà phê phin
cửa hàng cho cô đặt cà phê espresso
cửa hàng cho cô đặt freeze cà phê phin
cửa hàng cho cô đặt freeze không cà phê
cửa hàng cho cô đặt trà sen vàng
cửa hàng cho cô đặt trà thạch đào
cửa hàng cho cô đặt trà thanh đào
cửa hàng cho cô đặt trà thạch vải
cửa hàng cho cô mua cà phê phin
cửa hàng cho cô mua cà phê espresso
cửa hàng cho cô mua freeze cà phê phin
cửa hàng cho cô mua freeze không cà phê
cửa hàng cho cô mua trà sen vàng
cửa hàng cho cô mua trà thạch đào
cửa hàng cho cô mua trà thanh đào
cửa hàng cho cô mua trà thạch vải
cửa hàng cho cô đặt mua cà phê phin
cửa hàng cho cô đặt mua cà phê espresso
cửa hàng cho cô đặt mua freeze cà phê phin
cửa hàng cho cô đặt mua freeze không cà phê
cửa hàng cho cô đặt mua trà sen vàng
cửa hàng cho cô đặt mua trà thạch đào
cửa hàng cho cô đặt mua trà thanh đào
cửa hàng cho cô đặt mua trà thạch vải
cửa hàng cho cô order cà phê phin
cửa hàng cho cô order cà phê espresso
cửa hàng cho cô order freeze cà phê phin
cửa hàng cho cô order freeze không cà phê
cửa hàng cho cô order trà sen vàng
cửa hàng cho cô order trà thạch đào
cửa hàng cho cô order trà thanh đào
cửa hàng cho cô order trà thạch vải
cửa hàng cho bác đặt cà phê phin
cửa hàng cho bác đặt cà phê espresso
cửa hàng cho bác đặt freeze cà phê phin
cửa hàng cho bác đặt freeze không cà phê
cửa hàng cho bác đặt trà sen vàng
cửa hàng cho bác đặt trà thạch đào
cửa hàng cho bác đặt trà thanh đào
cửa hàng cho bác đặt trà thạch vải
cửa hàng cho bác mua cà phê phin
cửa hàng cho bác mua cà phê espresso
cửa hàng cho bác mua freeze cà phê phin
cửa hàng cho bác mua freeze không cà phê
cửa hàng cho bác mua trà sen vàng
cửa hàng cho bác mua trà thạch đào
cửa hàng cho bác mua trà thanh đào
cửa hàng cho bác mua trà thạch vải
cửa hàng cho bác đặt mua cà phê phin
cửa hàng cho bác đặt mua cà phê espresso
cửa hàng cho bác đặt mua freeze cà phê phin
cửa hàng cho bác đặt mua freeze không cà phê
cửa hàng cho bác đặt mua trà sen vàng
cửa hàng cho bác đặt mua trà thạch đào
cửa hàng cho bác đặt mua trà thanh đào
cửa hàng cho bác đặt mua trà thạch vải
cửa hàng cho bác order cà phê phin
cửa hàng cho bác order cà phê espresso
cửa hàng cho bác order freeze cà phê phin
cửa hàng cho bác order freeze không cà phê
cửa hàng cho bác order trà sen vàng
cửa hàng cho bác order trà thạch đào
cửa hàng cho bác order trà thanh đào
cửa hàng cho bác order trà thạch vải
shop cho tôi đặt cà phê phin
shop cho tôi đặt cà phê espresso
shop cho tôi đặt freeze cà phê phin
shop cho tôi đặt freeze không cà phê
shop cho tôi đặt trà sen vàng
shop cho tôi đặt trà thạch đào
shop cho tôi đặt trà thanh đào
shop cho tôi đặt trà thạch vải
shop cho tôi mua cà phê phin
shop cho tôi mua cà phê espresso
shop cho tôi mua freeze cà phê phin
shop cho tôi mua freeze không cà phê
shop cho tôi mua trà sen vàng
shop cho tôi mua trà thạch đào
shop cho tôi mua trà thanh đào
shop cho tôi mua trà thạch vải
shop cho tôi đặt mua cà phê phin
shop cho tôi đặt mua cà phê espresso
shop cho tôi đặt mua freeze cà phê phin
shop cho tôi đặt mua freeze không cà phê
shop cho tôi đặt mua trà sen vàng
shop cho tôi đặt mua trà thạch đào
shop cho tôi đặt mua trà thanh đào
shop cho tôi đặt mua trà thạch vải
shop cho tôi order cà phê phin
shop cho tôi order cà phê espresso
shop cho tôi order freeze cà phê phin
shop cho tôi order freeze không cà phê
shop cho tôi order trà sen vàng
shop cho tôi order trà thạch đào
shop cho tôi order trà thanh đào
shop cho tôi order trà thạch vải
shop cho anh đặt cà phê phin
shop cho anh đặt cà phê espresso
shop cho anh đặt freeze cà phê phin
shop cho anh đặt freeze không cà phê
shop cho anh đặt trà sen vàng
shop cho anh đặt trà thạch đào
shop cho anh đặt trà thanh đào
shop cho anh đặt trà thạch vải
shop cho anh mua cà phê phin
shop cho anh mua cà phê espresso
shop cho anh mua freeze cà phê phin
shop cho anh mua freeze không cà phê
shop cho anh mua trà sen vàng
shop cho anh mua trà thạch đào
shop cho anh mua trà thanh đào
shop cho anh mua trà thạch vải
shop cho anh đặt mua cà phê phin
shop cho anh đặt mua cà phê espresso
shop cho anh đặt mua freeze cà phê phin
shop cho anh đặt mua freeze không cà phê
shop cho anh đặt mua trà sen vàng
shop cho anh đặt mua trà thạch đào
shop cho anh đặt mua trà thanh đào
shop cho anh đặt mua trà thạch vải
shop cho anh order cà phê phin
shop cho anh order cà phê espresso
shop cho anh order freeze cà phê phin
shop cho anh order freeze không cà phê
shop cho anh order trà sen vàng
shop cho anh order trà thạch đào
shop cho anh order trà thanh đào
shop cho anh order trà thạch vải
shop cho chị đặt cà phê phin
shop cho chị đặt cà phê espresso
shop cho chị đặt freeze cà phê phin
shop cho chị đặt freeze không cà phê
shop cho chị đặt trà sen vàng
shop cho chị đặt trà thạch đào
shop cho chị đặt trà thanh đào
shop cho chị đặt trà thạch vải
shop cho chị mua cà phê phin
shop cho chị mua cà phê espresso
shop cho chị mua freeze cà phê phin
shop cho chị mua freeze không cà phê
shop cho chị mua trà sen vàng
shop cho chị mua trà thạch đào
shop cho chị mua trà thanh đào
shop cho chị mua trà thạch vải
shop cho chị đặt mua cà phê phin
shop cho chị đặt mua cà phê espresso
shop cho chị đặt mua freeze cà phê phin
shop cho chị đặt mua freeze không cà phê
shop cho chị đặt mua trà sen vàng
shop cho chị đặt mua trà thạch đào
shop cho chị đặt mua trà thanh đào
shop cho chị đặt mua trà thạch vải
shop cho chị order cà phê phin
shop cho chị order cà phê espresso
shop cho chị order freeze cà phê phin
shop cho chị order freeze không cà phê
shop cho chị order trà sen vàng
shop cho chị order trà thạch đào
shop cho chị order trà thanh đào
shop cho chị order trà thạch vải
shop cho em đặt cà phê phin
shop cho em đặt cà phê espresso
shop cho em đặt freeze cà phê phin
shop cho em đặt freeze không cà phê
shop cho em đặt trà sen vàng
shop cho em đặt trà thạch đào
shop cho em đặt trà thanh đào
shop cho em đặt trà thạch vải
shop cho em mua cà phê phin
shop cho em mua cà phê espresso
shop cho em mua freeze cà phê phin
shop cho em mua freeze không cà phê
shop cho em mua trà sen vàng
shop cho em mua trà thạch đào
shop cho em mua trà thanh đào
shop cho em mua trà thạch vải
shop cho em đặt mua cà phê phin
shop cho em đặt mua cà phê espresso
shop cho em đặt mua freeze cà phê phin
shop cho em đặt mua freeze không cà phê
shop cho em đặt mua trà sen vàng
shop cho em đặt mua trà thạch đào
shop cho em đặt mua trà thanh đào
shop cho em đặt mua trà thạch vải
shop cho em order cà phê phin
shop cho em order cà phê espresso
shop cho em order freeze cà phê phin
shop cho em order freeze không cà phê
shop cho em order trà sen vàng
shop cho em order trà thạch đào
shop cho em order trà thanh đào
shop cho em order trà thạch vải
shop cho mình đặt cà phê phin
shop cho mình đặt cà phê espresso
shop cho mình đặt freeze cà phê phin
shop cho mình đặt freeze không cà phê
shop cho mình đặt trà sen vàng
shop cho mình đặt trà thạch đào
shop cho mình đặt trà thanh đào
shop cho mình đặt trà thạch vải
shop cho mình mua cà phê phin
shop cho mình mua cà phê espresso
shop cho mình mua freeze cà phê phin
shop cho mình mua freeze không cà phê
shop cho mình mua trà sen vàng
shop cho mình mua trà thạch đào
shop cho mình mua trà thanh đào
shop cho mình mua trà thạch vải
shop cho mình đặt mua cà phê phin
shop cho mình đặt mua cà phê espresso
shop cho mình đặt mua freeze cà phê phin
shop cho mình đặt mua freeze không cà phê
shop cho mình đặt mua trà sen vàng
shop cho mình đặt mua trà thạch đào
shop cho mình đặt mua trà thanh đào
shop cho mình đặt mua trà thạch vải
shop cho mình order cà phê phin
shop cho mình order cà phê espresso
shop cho mình order freeze cà phê phin
shop cho mình order freeze không cà phê
shop cho mình order trà sen vàng
shop cho mình order trà thạch đào
shop cho mình order trà thanh đào
shop cho mình order trà thạch vải
shop cho tớ đặt cà phê phin
shop cho tớ đặt cà phê espresso
shop cho tớ đặt freeze cà phê phin
shop cho tớ đặt freeze không cà phê
shop cho tớ đặt trà sen vàng
shop cho tớ đặt trà thạch đào
shop cho tớ đặt trà thanh đào
shop cho tớ đặt trà thạch vải
shop cho tớ mua cà phê phin
shop cho tớ mua cà phê espresso
shop cho tớ mua freeze cà phê phin
shop cho tớ mua freeze không cà phê
shop cho tớ mua trà sen vàng
shop cho tớ mua trà thạch đào
shop cho tớ mua trà thanh đào
shop cho tớ mua trà thạch vải
shop cho tớ đặt mua cà phê phin
shop cho tớ đặt mua cà phê espresso
shop cho tớ đặt mua freeze cà phê phin
shop cho tớ đặt mua freeze không cà phê
shop cho tớ đặt mua trà sen vàng
shop cho tớ đặt mua trà thạch đào
shop cho tớ đặt mua trà thanh đào
shop cho tớ đặt mua trà thạch vải
shop cho tớ order cà phê phin
shop cho tớ order cà phê espresso
shop cho tớ order freeze cà phê phin
shop cho tớ order freeze không cà phê
shop cho tớ order trà sen vàng
shop cho tớ order trà thạch đào
shop cho tớ order trà thanh đào
shop cho tớ order trà thạch vải
shop cho chú đặt cà phê phin
shop cho chú đặt cà phê espresso
shop cho chú đặt freeze cà phê phin
shop cho chú đặt freeze không cà phê
shop cho chú đặt trà sen vàng
shop cho chú đặt trà thạch đào
shop cho chú đặt trà thanh đào
shop cho chú đặt trà thạch vải
shop cho chú mua cà phê phin
shop cho chú mua cà phê espresso
shop cho chú mua freeze cà phê phin
shop cho chú mua freeze không cà phê
shop cho chú mua trà sen vàng
shop cho chú mua trà thạch đào
shop cho chú mua trà thanh đào
shop cho chú mua trà thạch vải
shop cho chú đặt mua cà phê phin
shop cho chú đặt mua cà phê espresso
shop cho chú đặt mua freeze cà phê phin
shop cho chú đặt mua freeze không cà phê
shop cho chú đặt mua trà sen vàng
shop cho chú đặt mua trà thạch đào
shop cho chú đặt mua trà thanh đào
shop cho chú đặt mua trà thạch vải
shop cho chú order cà phê phin
shop cho chú order cà phê espresso
shop cho chú order freeze cà phê phin
shop cho chú order freeze không cà phê
shop cho chú order trà sen vàng
shop cho chú order trà thạch đào
shop cho chú order trà thanh đào
shop cho chú order trà thạch vải
shop cho cô đặt cà phê phin
shop cho cô đặt cà phê espresso
shop cho cô đặt freeze cà phê phin
shop cho cô đặt freeze không cà phê
shop cho cô đặt trà sen vàng
shop cho cô đặt trà thạch đào
shop cho cô đặt trà thanh đào
shop cho cô đặt trà thạch vải
shop cho cô mua cà phê phin
shop cho cô mua cà phê espresso
shop cho cô mua freeze cà phê phin
shop cho cô mua freeze không cà phê
shop cho cô mua trà sen vàng
shop cho cô mua trà thạch đào
shop cho cô mua trà thanh đào
shop cho cô mua trà thạch vải
shop cho cô đặt mua cà phê phin
shop cho cô đặt mua cà phê espresso
shop cho cô đặt mua freeze cà phê phin
shop cho cô đặt mua freeze không cà phê
shop cho cô đặt mua trà sen vàng
shop cho cô đặt mua trà thạch đào
shop cho cô đặt mua trà thanh đào
shop cho cô đặt mua trà thạch vải
shop cho cô order cà phê phin
shop cho cô order cà phê espresso
shop cho cô order freeze cà phê phin
shop cho cô order freeze không cà phê
shop cho cô order trà sen vàng
shop cho cô order trà thạch đào
shop cho cô order trà thanh đào
shop cho cô order trà thạch vải
shop cho bác đặt cà phê phin
shop cho bác đặt cà phê espresso
shop cho bác đặt freeze cà phê phin
shop cho bác đặt freeze không cà phê
shop cho bác đặt trà sen vàng
shop cho bác đặt trà thạch đào
shop cho bác đặt trà thanh đào
shop cho bác đặt trà thạch vải
shop cho bác mua cà phê phin
shop cho bác mua cà phê espresso
shop cho bác mua freeze cà phê phin
shop cho bác mua freeze không cà phê
shop cho bác mua trà sen vàng
shop cho bác mua trà thạch đào
shop cho bác mua trà thanh đào
shop cho bác mua trà thạch vải
shop cho bác đặt mua cà phê phin
shop cho bác đặt mua cà phê espresso
shop cho bác đặt mua freeze cà phê phin
shop cho bác đặt mua freeze không cà phê
shop cho bác đặt mua trà sen vàng
shop cho bác đặt mua trà thạch đào
shop cho bác đặt mua trà thanh đào
shop cho bác đặt mua trà thạch vải
shop cho bác order cà phê phin
shop cho bác order cà phê espresso
shop cho bác order freeze cà phê phin
shop cho bác order freeze không cà phê
shop cho bác order trà sen vàng
shop cho bác order trà thạch đào
shop cho bác order trà thanh đào
shop cho bác order trà thạch vải
