có những cà phê nào shop
có những cà phê nào em
có những cà phê nào anh
có những cà phê nào chị
có những cà phê nào bạn
có những cà phê gì shop
có những cà phê gì em
có những cà phê gì anh
có những cà phê gì chị
có những cà phê gì bạn
có những caffee nào shop
có những caffee nào em
có những caffee nào anh
có những caffee nào chị
có những caffee nào bạn
có những caffee gì shop
có những caffee gì em
có những caffee gì anh
có những caffee gì chị
có những caffee gì bạn
có những freeze nào shop
có những freeze nào em
có những freeze nào anh
có những freeze nào chị
có những freeze nào bạn
có những freeze gì shop
có những freeze gì em
có những freeze gì anh
có những freeze gì chị
có những freeze gì bạn
có những trà nào shop
có những trà nào em
có những trà nào anh
có những trà nào chị
có những trà nào bạn
có những trà gì shop
có những trà gì em
có những trà gì anh
có những trà gì chị
có những trà gì bạn
có các cà phê nào shop
có các cà phê nào em
có các cà phê nào anh
có các cà phê nào chị
có các cà phê nào bạn
có các cà phê gì shop
có các cà phê gì em
có các cà phê gì anh
có các cà phê gì chị
có các cà phê gì bạn
có các caffee nào shop
có các caffee nào em
có các caffee nào anh
có các caffee nào chị
có các caffee nào bạn
có các caffee gì shop
có các caffee gì em
có các caffee gì anh
có các caffee gì chị
có các caffee gì bạn
có các freeze nào shop
có các freeze nào em
có các freeze nào anh
có các freeze nào chị
có các freeze nào bạn
có các freeze gì shop
có các freeze gì em
có các freeze gì anh
có các freeze gì chị
có các freeze gì bạn
có các trà nào shop
có các trà nào em
có các trà nào anh
có các trà nào chị
có các trà nào bạn
có các trà gì shop
có các trà gì em
có các trà gì anh
có các trà gì chị
có các trà gì bạn
có những loại cà phê nào shop nhỉ
có những loại cà phê nào em nhỉ
có những loại cà phê nào anh nhỉ
có những loại cà phê nào chị nhỉ
có những loại cà phê nào bạn nhỉ
có những loại cà phê gì shop nhỉ
có những loại cà phê gì em nhỉ
có những loại cà phê gì anh nhỉ
có những loại cà phê gì chị nhỉ
có những loại cà phê gì bạn nhỉ
có những loại caffee nào shop nhỉ
có những loại caffee nào em nhỉ
có những loại caffee nào anh nhỉ
có những loại caffee nào chị nhỉ
có những loại caffee nào bạn nhỉ
có những loại caffee gì shop nhỉ
có những loại caffee gì em nhỉ
có những loại caffee gì anh nhỉ
có những loại caffee gì chị nhỉ
có những loại caffee gì bạn nhỉ
có những loại freeze nào shop nhỉ
có những loại freeze nào em nhỉ
có những loại freeze nào anh nhỉ
có những loại freeze nào chị nhỉ
có những loại freeze nào bạn nhỉ
có những loại freeze gì shop nhỉ
có những loại freeze gì em nhỉ
có những loại freeze gì anh nhỉ
có những loại freeze gì chị nhỉ
có những loại freeze gì bạn nhỉ
có những loại trà nào shop nhỉ
có những loại trà nào em nhỉ
có những loại trà nào anh nhỉ
có những loại trà nào chị nhỉ
có những loại trà nào bạn nhỉ
có những loại trà gì shop nhỉ
có những loại trà gì em nhỉ
có những loại trà gì anh nhỉ
có những loại trà gì chị nhỉ
có những loại trà gì bạn nhỉ
có các loại cà phê nào shop nhỉ
có các loại cà phê nào em nhỉ
có các loại cà phê nào anh nhỉ
có các loại cà phê nào chị nhỉ
có các loại cà phê nào bạn nhỉ
có các loại cà phê gì shop nhỉ
có các loại cà phê gì em nhỉ
có các loại cà phê gì anh nhỉ
có các loại cà phê gì chị nhỉ
có các loại cà phê gì bạn nhỉ
có các loại caffee nào shop nhỉ
có các loại caffee nào em nhỉ
có các loại caffee nào anh nhỉ
có các loại caffee nào chị nhỉ
có các loại caffee nào bạn nhỉ
có các loại caffee gì shop nhỉ
có các loại caffee gì em nhỉ
có các loại caffee gì anh nhỉ
có các loại caffee gì chị nhỉ
có các loại caffee gì bạn nhỉ
có các loại freeze nào shop nhỉ
có các loại freeze nào em nhỉ
có các loại freeze nào anh nhỉ
có các loại freeze nào chị nhỉ
có các loại freeze nào bạn nhỉ
có các loại freeze gì shop nhỉ
có các loại freeze gì em nhỉ
có các loại freeze gì anh nhỉ
có các loại freeze gì chị nhỉ
có các loại freeze gì bạn nhỉ
có các loại trà nào shop nhỉ
có các loại trà nào em nhỉ
có các loại trà nào anh nhỉ
có các loại trà nào chị nhỉ
có các loại trà nào bạn nhỉ
có các loại trà gì shop nhỉ
có các loại trà gì em nhỉ
có các loại trà gì anh nhỉ
có các loại trà gì chị nhỉ
có các loại trà gì bạn nhỉ
