tôi lấy cà phê phin
tôi lấy cà phê espresso
tôi lấy freeze cà phê phin
tôi lấy freeze không cà phê
tôi lấy trà sen vàng
tôi lấy trà thạch đào
tôi lấy trà thanh đào
tôi lấy trà thạch vải
tôi mua cà phê phin
tôi mua cà phê espresso
tôi mua freeze cà phê phin
tôi mua freeze không cà phê
tôi mua trà sen vàng
tôi mua trà thạch đào
tôi mua trà thanh đào
tôi mua trà thạch vải
tôi chọn cà phê phin
tôi chọn cà phê espresso
tôi chọn freeze cà phê phin
tôi chọn freeze không cà phê
tôi chọn trà sen vàng
tôi chọn trà thạch đào
tôi chọn trà thanh đào
tôi chọn trà thạch vải
anh lấy cà phê phin
anh lấy cà phê espresso
anh lấy freeze cà phê phin
anh lấy freeze không cà phê
anh lấy trà sen vàng
anh lấy trà thạch đào
anh lấy trà thanh đào
anh lấy trà thạch vải
anh mua cà phê phin
anh mua cà phê espresso
anh mua freeze cà phê phin
anh mua freeze không cà phê
anh mua trà sen vàng
anh mua trà thạch đào
anh mua trà thanh đào
anh mua trà thạch vải
anh chọn cà phê phin
anh chọn cà phê espresso
anh chọn freeze cà phê phin
anh chọn freeze không cà phê
anh chọn trà sen vàng
anh chọn trà thạch đào
anh chọn trà thanh đào
anh chọn trà thạch vải
chị lấy cà phê phin
chị lấy cà phê espresso
chị lấy freeze cà phê phin
chị lấy freeze không cà phê
chị lấy trà sen vàng
chị lấy trà thạch đào
chị lấy trà thanh đào
chị lấy trà thạch vải
chị mua cà phê phin
chị mua cà phê espresso
chị mua freeze cà phê phin
chị mua freeze không cà phê
chị mua trà sen vàng
chị mua trà thạch đào
chị mua trà thanh đào
chị mua trà thạch vải
chị chọn cà phê phin
chị chọn cà phê espresso
chị chọn freeze cà phê phin
chị chọn freeze không cà phê
chị chọn trà sen vàng
chị chọn trà thạch đào
chị chọn trà thanh đào
chị chọn trà thạch vải
em lấy cà phê phin
em lấy cà phê espresso
em lấy freeze cà phê phin
em lấy freeze không cà phê
em lấy trà sen vàng
em lấy trà thạch đào
em lấy trà thanh đào
em lấy trà thạch vải
em mua cà phê phin
em mua cà phê espresso
em mua freeze cà phê phin
em mua freeze không cà phê
em mua trà sen vàng
em mua trà thạch đào
em mua trà thanh đào
em mua trà thạch vải
em chọn cà phê phin
em chọn cà phê espresso
em chọn freeze cà phê phin
em chọn freeze không cà phê
em chọn trà sen vàng
em chọn trà thạch đào
em chọn trà thanh đào
em chọn trà thạch vải
mình lấy cà phê phin
mình lấy cà phê espresso
mình lấy freeze cà phê phin
mình lấy freeze không cà phê
mình lấy trà sen vàng
mình lấy trà thạch đào
mình lấy trà thanh đào
mình lấy trà thạch vải
mình mua cà phê phin
mình mua cà phê espresso
mình mua freeze cà phê phin
mình mua freeze không cà phê
mình mua trà sen vàng
mình mua trà thạch đào
mình mua trà thanh đào
mình mua trà thạch vải
mình chọn cà phê phin
mình chọn cà phê espresso
mình chọn freeze cà phê phin
mình chọn freeze không cà phê
mình chọn trà sen vàng
mình chọn trà thạch đào
mình chọn trà thanh đào
mình chọn trà thạch vải
tớ lấy cà phê phin
tớ lấy cà phê espresso
tớ lấy freeze cà phê phin
tớ lấy freeze không cà phê
tớ lấy trà sen vàng
tớ lấy trà thạch đào
tớ lấy trà thanh đào
tớ lấy trà thạch vải
tớ mua cà phê phin
tớ mua cà phê espresso
tớ mua freeze cà phê phin
tớ mua freeze không cà phê
tớ mua trà sen vàng
tớ mua trà thạch đào
tớ mua trà thanh đào
tớ mua trà thạch vải
tớ chọn cà phê phin
tớ chọn cà phê espresso
tớ chọn freeze cà phê phin
tớ chọn freeze không cà phê
tớ chọn trà sen vàng
tớ chọn trà thạch đào
tớ chọn trà thanh đào
tớ chọn trà thạch vải
chú lấy cà phê phin
chú lấy cà phê espresso
chú lấy freeze cà phê phin
chú lấy freeze không cà phê
chú lấy trà sen vàng
chú lấy trà thạch đào
chú lấy trà thanh đào
chú lấy trà thạch vải
chú mua cà phê phin
chú mua cà phê espresso
chú mua freeze cà phê phin
chú mua freeze không cà phê
chú mua trà sen vàng
chú mua trà thạch đào
chú mua trà thanh đào
chú mua trà thạch vải
chú chọn cà phê phin
chú chọn cà phê espresso
chú chọn freeze cà phê phin
chú chọn freeze không cà phê
chú chọn trà sen vàng
chú chọn trà thạch đào
chú chọn trà thanh đào
chú chọn trà thạch vải
cô lấy cà phê phin
cô lấy cà phê espresso
cô lấy freeze cà phê phin
cô lấy freeze không cà phê
cô lấy trà sen vàng
cô lấy trà thạch đào
cô lấy trà thanh đào
cô lấy trà thạch vải
cô mua cà phê phin
cô mua cà phê espresso
cô mua freeze cà phê phin
cô mua freeze không cà phê
cô mua trà sen vàng
cô mua trà thạch đào
cô mua trà thanh đào
cô mua trà thạch vải
cô chọn cà phê phin
cô chọn cà phê espresso
cô chọn freeze cà phê phin
cô chọn freeze không cà phê
cô chọn trà sen vàng
cô chọn trà thạch đào
cô chọn trà thanh đào
cô chọn trà thạch vải
bác lấy cà phê phin
bác lấy cà phê espresso
bác lấy freeze cà phê phin
bác lấy freeze không cà phê
bác lấy trà sen vàng
bác lấy trà thạch đào
bác lấy trà thanh đào
bác lấy trà thạch vải
bác mua cà phê phin
bác mua cà phê espresso
bác mua freeze cà phê phin
bác mua freeze không cà phê
bác mua trà sen vàng
bác mua trà thạch đào
bác mua trà thanh đào
bác mua trà thạch vải
bác chọn cà phê phin
bác chọn cà phê espresso
bác chọn freeze cà phê phin
bác chọn freeze không cà phê
bác chọn trà sen vàng
bác chọn trà thạch đào
bác chọn trà thanh đào
bác chọn trà thạch vải
cho tôi lấy cà phê phin
cho tôi lấy cà phê espresso
cho tôi lấy freeze cà phê phin
cho tôi lấy freeze không cà phê
cho tôi lấy trà sen vàng
cho tôi lấy trà thạch đào
cho tôi lấy trà thanh đào
cho tôi lấy trà thạch vải
cho tôi mua cà phê phin
cho tôi mua cà phê espresso
cho tôi mua freeze cà phê phin
cho tôi mua freeze không cà phê
cho tôi mua trà sen vàng
cho tôi mua trà thạch đào
cho tôi mua trà thanh đào
cho tôi mua trà thạch vải
cho tôi chọn cà phê phin
cho tôi chọn cà phê espresso
cho tôi chọn freeze cà phê phin
cho tôi chọn freeze không cà phê
cho tôi chọn trà sen vàng
cho tôi chọn trà thạch đào
cho tôi chọn trà thanh đào
cho tôi chọn trà thạch vải
cho anh lấy cà phê phin
cho anh lấy cà phê espresso
cho anh lấy freeze cà phê phin
cho anh lấy freeze không cà phê
cho anh lấy trà sen vàng
cho anh lấy trà thạch đào
cho anh lấy trà thanh đào
cho anh lấy trà thạch vải
cho anh mua cà phê phin
cho anh mua cà phê espresso
cho anh mua freeze cà phê phin
cho anh mua freeze không cà phê
cho anh mua trà sen vàng
cho anh mua trà thạch đào
cho anh mua trà thanh đào
cho anh mua trà thạch vải
cho anh chọn cà phê phin
cho anh chọn cà phê espresso
cho anh chọn freeze cà phê phin
cho anh chọn freeze không cà phê
cho anh chọn trà sen vàng
cho anh chọn trà thạch đào
cho anh chọn trà thanh đào
cho anh chọn trà thạch vải
cho chị lấy cà phê phin
cho chị lấy cà phê espresso
cho chị lấy freeze cà phê phin
cho chị lấy freeze không cà phê
cho chị lấy trà sen vàng
cho chị lấy trà thạch đào
cho chị lấy trà thanh đào
cho chị lấy trà thạch vải
cho chị mua cà phê phin
cho chị mua cà phê espresso
cho chị mua freeze cà phê phin
cho chị mua freeze không cà phê
cho chị mua trà sen vàng
cho chị mua trà thạch đào
cho chị mua trà thanh đào
cho chị mua trà thạch vải
cho chị chọn cà phê phin
cho chị chọn cà phê espresso
cho chị chọn freeze cà phê phin
cho chị chọn freeze không cà phê
cho chị chọn trà sen vàng
cho chị chọn trà thạch đào
cho chị chọn trà thanh đào
cho chị chọn trà thạch vải
cho em lấy cà phê phin
cho em lấy cà phê espresso
cho em lấy freeze cà phê phin
cho em lấy freeze không cà phê
cho em lấy trà sen vàng
cho em lấy trà thạch đào
cho em lấy trà thanh đào
cho em lấy trà thạch vải
cho em mua cà phê phin
cho em mua cà phê espresso
cho em mua freeze cà phê phin
cho em mua freeze không cà phê
cho em mua trà sen vàng
cho em mua trà thạch đào
cho em mua trà thanh đào
cho em mua trà thạch vải
cho em chọn cà phê phin
cho em chọn cà phê espresso
cho em chọn freeze cà phê phin
cho em chọn freeze không cà phê
cho em chọn trà sen vàng
cho em chọn trà thạch đào
cho em chọn trà thanh đào
cho em chọn trà thạch vải
cho mình lấy cà phê phin
cho mình lấy cà phê espresso
cho mình lấy freeze cà phê phin
cho mình lấy freeze không cà phê
cho mình lấy trà sen vàng
cho mình lấy trà thạch đào
cho mình lấy trà thanh đào
cho mình lấy trà thạch vải
cho mình mua cà phê phin
cho mình mua cà phê espresso
cho mình mua freeze cà phê phin
cho mình mua freeze không cà phê
cho mình mua trà sen vàng
cho mình mua trà thạch đào
cho mình mua trà thanh đào
cho mình mua trà thạch vải
cho mình chọn cà phê phin
cho mình chọn cà phê espresso
cho mình chọn freeze cà phê phin
cho mình chọn freeze không cà phê
cho mình chọn trà sen vàng
cho mình chọn trà thạch đào
cho mình chọn trà thanh đào
cho mình chọn trà thạch vải
cho tớ lấy cà phê phin
cho tớ lấy cà phê espresso
cho tớ lấy freeze cà phê phin
cho tớ lấy freeze không cà phê
cho tớ lấy trà sen vàng
cho tớ lấy trà thạch đào
cho tớ lấy trà thanh đào
cho tớ lấy trà thạch vải
cho tớ mua cà phê phin
cho tớ mua cà phê espresso
cho tớ mua freeze cà phê phin
cho tớ mua freeze không cà phê
cho tớ mua trà sen vàng
cho tớ mua trà thạch đào
cho tớ mua trà thanh đào
cho tớ mua trà thạch vải
cho tớ chọn cà phê phin
cho tớ chọn cà phê espresso
cho tớ chọn freeze cà phê phin
cho tớ chọn freeze không cà phê
cho tớ chọn trà sen vàng
cho tớ chọn trà thạch đào
cho tớ chọn trà thanh đào
cho tớ chọn trà thạch vải
cho chú lấy cà phê phin
cho chú lấy cà phê espresso
cho chú lấy freeze cà phê phin
cho chú lấy freeze không cà phê
cho chú lấy trà sen vàng
cho chú lấy trà thạch đào
cho chú lấy trà thanh đào
cho chú lấy trà thạch vải
cho chú mua cà phê phin
cho chú mua cà phê espresso
cho chú mua freeze cà phê phin
cho chú mua freeze không cà phê
cho chú mua trà sen vàng
cho chú mua trà thạch đào
cho chú mua trà thanh đào
cho chú mua trà thạch vải
cho chú chọn cà phê phin
cho chú chọn cà phê espresso
cho chú chọn freeze cà phê phin
cho chú chọn freeze không cà phê
cho chú chọn trà sen vàng
cho chú chọn trà thạch đào
cho chú chọn trà thanh đào
cho chú chọn trà thạch vải
cho cô lấy cà phê phin
cho cô lấy cà phê espresso
cho cô lấy freeze cà phê phin
cho cô lấy freeze không cà phê
cho cô lấy trà sen vàng
cho cô lấy trà thạch đào
cho cô lấy trà thanh đào
cho cô lấy trà thạch vải
cho cô mua cà phê phin
cho cô mua cà phê espresso
cho cô mua freeze cà phê phin
cho cô mua freeze không cà phê
cho cô mua trà sen vàng
cho cô mua trà thạch đào
cho cô mua trà thanh đào
cho cô mua trà thạch vải
cho cô chọn cà phê phin
cho cô chọn cà phê espresso
cho cô chọn freeze cà phê phin
cho cô chọn freeze không cà phê
cho cô chọn trà sen vàng
cho cô chọn trà thạch đào
cho cô chọn trà thanh đào
cho cô chọn trà thạch vải
cho bác lấy cà phê phin
cho bác lấy cà phê espresso
cho bác lấy freeze cà phê phin
cho bác lấy freeze không cà phê
cho bác lấy trà sen vàng
cho bác lấy trà thạch đào
cho bác lấy trà thanh đào
cho bác lấy trà thạch vải
cho bác mua cà phê phin
cho bác mua cà phê espresso
cho bác mua freeze cà phê phin
cho bác mua freeze không cà phê
cho bác mua trà sen vàng
cho bác mua trà thạch đào
cho bác mua trà thanh đào
cho bác mua trà thạch vải
cho bác chọn cà phê phin
cho bác chọn cà phê espresso
cho bác chọn freeze cà phê phin
cho bác chọn freeze không cà phê
cho bác chọn trà sen vàng
cho bác chọn trà thạch đào
cho bác chọn trà thanh đào
cho bác chọn trà thạch vải
vậy tôi lấy cà phê phin
vậy tôi lấy cà phê espresso
vậy tôi lấy freeze cà phê phin
vậy tôi lấy freeze không cà phê
vậy tôi lấy trà sen vàng
vậy tôi lấy trà thạch đào
vậy tôi lấy trà thanh đào
vậy tôi lấy trà thạch vải
vậy tôi mua cà phê phin
vậy tôi mua cà phê espresso
vậy tôi mua freeze cà phê phin
vậy tôi mua freeze không cà phê
vậy tôi mua trà sen vàng
vậy tôi mua trà thạch đào
vậy tôi mua trà thanh đào
vậy tôi mua trà thạch vải
vậy tôi chọn cà phê phin
vậy tôi chọn cà phê espresso
vậy tôi chọn freeze cà phê phin
vậy tôi chọn freeze không cà phê
vậy tôi chọn trà sen vàng
vậy tôi chọn trà thạch đào
vậy tôi chọn trà thanh đào
vậy tôi chọn trà thạch vải
vậy anh lấy cà phê phin
vậy anh lấy cà phê espresso
vậy anh lấy freeze cà phê phin
vậy anh lấy freeze không cà phê
vậy anh lấy trà sen vàng
vậy anh lấy trà thạch đào
vậy anh lấy trà thanh đào
vậy anh lấy trà thạch vải
vậy anh mua cà phê phin
vậy anh mua cà phê espresso
vậy anh mua freeze cà phê phin
vậy anh mua freeze không cà phê
vậy anh mua trà sen vàng
vậy anh mua trà thạch đào
vậy anh mua trà thanh đào
vậy anh mua trà thạch vải
vậy anh chọn cà phê phin
vậy anh chọn cà phê espresso
vậy anh chọn freeze cà phê phin
vậy anh chọn freeze không cà phê
vậy anh chọn trà sen vàng
vậy anh chọn trà thạch đào
vậy anh chọn trà thanh đào
vậy anh chọn trà thạch vải
vậy chị lấy cà phê phin
vậy chị lấy cà phê espresso
vậy chị lấy freeze cà phê phin
vậy chị lấy freeze không cà phê
vậy chị lấy trà sen vàng
vậy chị lấy trà thạch đào
vậy chị lấy trà thanh đào
vậy chị lấy trà thạch vải
vậy chị mua cà phê phin
vậy chị mua cà phê espresso
vậy chị mua freeze cà phê phin
vậy chị mua freeze không cà phê
vậy chị mua trà sen vàng
vậy chị mua trà thạch đào
vậy chị mua trà thanh đào
vậy chị mua trà thạch vải
vậy chị chọn cà phê phin
vậy chị chọn cà phê espresso
vậy chị chọn freeze cà phê phin
vậy chị chọn freeze không cà phê
vậy chị chọn trà sen vàng
vậy chị chọn trà thạch đào
vậy chị chọn trà thanh đào
vậy chị chọn trà thạch vải
vậy em lấy cà phê phin
vậy em lấy cà phê espresso
vậy em lấy freeze cà phê phin
vậy em lấy freeze không cà phê
vậy em lấy trà sen vàng
vậy em lấy trà thạch đào
vậy em lấy trà thanh đào
vậy em lấy trà thạch vải
vậy em mua cà phê phin
vậy em mua cà phê espresso
vậy em mua freeze cà phê phin
vậy em mua freeze không cà phê
vậy em mua trà sen vàng
vậy em mua trà thạch đào
vậy em mua trà thanh đào
vậy em mua trà thạch vải
vậy em chọn cà phê phin
vậy em chọn cà phê espresso
vậy em chọn freeze cà phê phin
vậy em chọn freeze không cà phê
vậy em chọn trà sen vàng
vậy em chọn trà thạch đào
vậy em chọn trà thanh đào
vậy em chọn trà thạch vải
vậy mình lấy cà phê phin
vậy mình lấy cà phê espresso
vậy mình lấy freeze cà phê phin
vậy mình lấy freeze không cà phê
vậy mình lấy trà sen vàng
vậy mình lấy trà thạch đào
vậy mình lấy trà thanh đào
vậy mình lấy trà thạch vải
vậy mình mua cà phê phin
vậy mình mua cà phê espresso
vậy mình mua freeze cà phê phin
vậy mình mua freeze không cà phê
vậy mình mua trà sen vàng
vậy mình mua trà thạch đào
vậy mình mua trà thanh đào
vậy mình mua trà thạch vải
vậy mình chọn cà phê phin
vậy mình chọn cà phê espresso
vậy mình chọn freeze cà phê phin
vậy mình chọn freeze không cà phê
vậy mình chọn trà sen vàng
vậy mình chọn trà thạch đào
vậy mình chọn trà thanh đào
vậy mình chọn trà thạch vải
vậy tớ lấy cà phê phin
vậy tớ lấy cà phê espresso
vậy tớ lấy freeze cà phê phin
vậy tớ lấy freeze không cà phê
vậy tớ lấy trà sen vàng
vậy tớ lấy trà thạch đào
vậy tớ lấy trà thanh đào
vậy tớ lấy trà thạch vải
vậy tớ mua cà phê phin
vậy tớ mua cà phê espresso
vậy tớ mua freeze cà phê phin
vậy tớ mua freeze không cà phê
vậy tớ mua trà sen vàng
vậy tớ mua trà thạch đào
vậy tớ mua trà thanh đào
vậy tớ mua trà thạch vải
vậy tớ chọn cà phê phin
vậy tớ chọn cà phê espresso
vậy tớ chọn freeze cà phê phin
vậy tớ chọn freeze không cà phê
vậy tớ chọn trà sen vàng
vậy tớ chọn trà thạch đào
vậy tớ chọn trà thanh đào
vậy tớ chọn trà thạch vải
vậy chú lấy cà phê phin
vậy chú lấy cà phê espresso
vậy chú lấy freeze cà phê phin
vậy chú lấy freeze không cà phê
vậy chú lấy trà sen vàng
vậy chú lấy trà thạch đào
vậy chú lấy trà thanh đào
vậy chú lấy trà thạch vải
vậy chú mua cà phê phin
vậy chú mua cà phê espresso
vậy chú mua freeze cà phê phin
vậy chú mua freeze không cà phê
vậy chú mua trà sen vàng
vậy chú mua trà thạch đào
vậy chú mua trà thanh đào
vậy chú mua trà thạch vải
vậy chú chọn cà phê phin
vậy chú chọn cà phê espresso
vậy chú chọn freeze cà phê phin
vậy chú chọn freeze không cà phê
vậy chú chọn trà sen vàng
vậy chú chọn trà thạch đào
vậy chú chọn trà thanh đào
vậy chú chọn trà thạch vải
vậy cô lấy cà phê phin
vậy cô lấy cà phê espresso
vậy cô lấy freeze cà phê phin
vậy cô lấy freeze không cà phê
vậy cô lấy trà sen vàng
vậy cô lấy trà thạch đào
vậy cô lấy trà thanh đào
vậy cô lấy trà thạch vải
vậy cô mua cà phê phin
vậy cô mua cà phê espresso
vậy cô mua freeze cà phê phin
vậy cô mua freeze không cà phê
vậy cô mua trà sen vàng
vậy cô mua trà thạch đào
vậy cô mua trà thanh đào
vậy cô mua trà thạch vải
vậy cô chọn cà phê phin
vậy cô chọn cà phê espresso
vậy cô chọn freeze cà phê phin
vậy cô chọn freeze không cà phê
vậy cô chọn trà sen vàng
vậy cô chọn trà thạch đào
vậy cô chọn trà thanh đào
vậy cô chọn trà thạch vải
vậy bác lấy cà phê phin
vậy bác lấy cà phê espresso
vậy bác lấy freeze cà phê phin
vậy bác lấy freeze không cà phê
vậy bác lấy trà sen vàng
vậy bác lấy trà thạch đào
vậy bác lấy trà thanh đào
vậy bác lấy trà thạch vải
vậy bác mua cà phê phin
vậy bác mua cà phê espresso
vậy bác mua freeze cà phê phin
vậy bác mua freeze không cà phê
vậy bác mua trà sen vàng
vậy bác mua trà thạch đào
vậy bác mua trà thanh đào
vậy bác mua trà thạch vải
vậy bác chọn cà phê phin
vậy bác chọn cà phê espresso
vậy bác chọn freeze cà phê phin
vậy bác chọn freeze không cà phê
vậy bác chọn trà sen vàng
vậy bác chọn trà thạch đào
vậy bác chọn trà thanh đào
vậy bác chọn trà thạch vải
ok tôi lấy cà phê phin
ok tôi lấy cà phê espresso
ok tôi lấy freeze cà phê phin
ok tôi lấy freeze không cà phê
ok tôi lấy trà sen vàng
ok tôi lấy trà thạch đào
ok tôi lấy trà thanh đào
ok tôi lấy trà thạch vải
ok tôi mua cà phê phin
ok tôi mua cà phê espresso
ok tôi mua freeze cà phê phin
ok tôi mua freeze không cà phê
ok tôi mua trà sen vàng
ok tôi mua trà thạch đào
ok tôi mua trà thanh đào
ok tôi mua trà thạch vải
ok tôi chọn cà phê phin
ok tôi chọn cà phê espresso
ok tôi chọn freeze cà phê phin
ok tôi chọn freeze không cà phê
ok tôi chọn trà sen vàng
ok tôi chọn trà thạch đào
ok tôi chọn trà thanh đào
ok tôi chọn trà thạch vải
ok anh lấy cà phê phin
ok anh lấy cà phê espresso
ok anh lấy freeze cà phê phin
ok anh lấy freeze không cà phê
ok anh lấy trà sen vàng
ok anh lấy trà thạch đào
ok anh lấy trà thanh đào
ok anh lấy trà thạch vải
ok anh mua cà phê phin
ok anh mua cà phê espresso
ok anh mua freeze cà phê phin
ok anh mua freeze không cà phê
ok anh mua trà sen vàng
ok anh mua trà thạch đào
ok anh mua trà thanh đào
ok anh mua trà thạch vải
ok anh chọn cà phê phin
ok anh chọn cà phê espresso
ok anh chọn freeze cà phê phin
ok anh chọn freeze không cà phê
ok anh chọn trà sen vàng
ok anh chọn trà thạch đào
ok anh chọn trà thanh đào
ok anh chọn trà thạch vải
ok chị lấy cà phê phin
ok chị lấy cà phê espresso
ok chị lấy freeze cà phê phin
ok chị lấy freeze không cà phê
ok chị lấy trà sen vàng
ok chị lấy trà thạch đào
ok chị lấy trà thanh đào
ok chị lấy trà thạch vải
ok chị mua cà phê phin
ok chị mua cà phê espresso
ok chị mua freeze cà phê phin
ok chị mua freeze không cà phê
ok chị mua trà sen vàng
ok chị mua trà thạch đào
ok chị mua trà thanh đào
ok chị mua trà thạch vải
ok chị chọn cà phê phin
ok chị chọn cà phê espresso
ok chị chọn freeze cà phê phin
ok chị chọn freeze không cà phê
ok chị chọn trà sen vàng
ok chị chọn trà thạch đào
ok chị chọn trà thanh đào
ok chị chọn trà thạch vải
ok em lấy cà phê phin
ok em lấy cà phê espresso
ok em lấy freeze cà phê phin
ok em lấy freeze không cà phê
ok em lấy trà sen vàng
ok em lấy trà thạch đào
ok em lấy trà thanh đào
ok em lấy trà thạch vải
ok em mua cà phê phin
ok em mua cà phê espresso
ok em mua freeze cà phê phin
ok em mua freeze không cà phê
ok em mua trà sen vàng
ok em mua trà thạch đào
ok em mua trà thanh đào
ok em mua trà thạch vải
ok em chọn cà phê phin
ok em chọn cà phê espresso
ok em chọn freeze cà phê phin
ok em chọn freeze không cà phê
ok em chọn trà sen vàng
ok em chọn trà thạch đào
ok em chọn trà thanh đào
ok em chọn trà thạch vải
ok mình lấy cà phê phin
ok mình lấy cà phê espresso
ok mình lấy freeze cà phê phin
ok mình lấy freeze không cà phê
ok mình lấy trà sen vàng
ok mình lấy trà thạch đào
ok mình lấy trà thanh đào
ok mình lấy trà thạch vải
ok mình mua cà phê phin
ok mình mua cà phê espresso
ok mình mua freeze cà phê phin
ok mình mua freeze không cà phê
ok mình mua trà sen vàng
ok mình mua trà thạch đào
ok mình mua trà thanh đào
ok mình mua trà thạch vải
ok mình chọn cà phê phin
ok mình chọn cà phê espresso
ok mình chọn freeze cà phê phin
ok mình chọn freeze không cà phê
ok mình chọn trà sen vàng
ok mình chọn trà thạch đào
ok mình chọn trà thanh đào
ok mình chọn trà thạch vải
ok tớ lấy cà phê phin
ok tớ lấy cà phê espresso
ok tớ lấy freeze cà phê phin
ok tớ lấy freeze không cà phê
ok tớ lấy trà sen vàng
ok tớ lấy trà thạch đào
ok tớ lấy trà thanh đào
ok tớ lấy trà thạch vải
ok tớ mua cà phê phin
ok tớ mua cà phê espresso
ok tớ mua freeze cà phê phin
ok tớ mua freeze không cà phê
ok tớ mua trà sen vàng
ok tớ mua trà thạch đào
ok tớ mua trà thanh đào
ok tớ mua trà thạch vải
ok tớ chọn cà phê phin
ok tớ chọn cà phê espresso
ok tớ chọn freeze cà phê phin
ok tớ chọn freeze không cà phê
ok tớ chọn trà sen vàng
ok tớ chọn trà thạch đào
ok tớ chọn trà thanh đào
ok tớ chọn trà thạch vải
ok chú lấy cà phê phin
ok chú lấy cà phê espresso
ok chú lấy freeze cà phê phin
ok chú lấy freeze không cà phê
ok chú lấy trà sen vàng
ok chú lấy trà thạch đào
ok chú lấy trà thanh đào
ok chú lấy trà thạch vải
ok chú mua cà phê phin
ok chú mua cà phê espresso
ok chú mua freeze cà phê phin
ok chú mua freeze không cà phê
ok chú mua trà sen vàng
ok chú mua trà thạch đào
ok chú mua trà thanh đào
ok chú mua trà thạch vải
ok chú chọn cà phê phin
ok chú chọn cà phê espresso
ok chú chọn freeze cà phê phin
ok chú chọn freeze không cà phê
ok chú chọn trà sen vàng
ok chú chọn trà thạch đào
ok chú chọn trà thanh đào
ok chú chọn trà thạch vải
ok cô lấy cà phê phin
ok cô lấy cà phê espresso
ok cô lấy freeze cà phê phin
ok cô lấy freeze không cà phê
ok cô lấy trà sen vàng
ok cô lấy trà thạch đào
ok cô lấy trà thanh đào
ok cô lấy trà thạch vải
ok cô mua cà phê phin
ok cô mua cà phê espresso
ok cô mua freeze cà phê phin
ok cô mua freeze không cà phê
ok cô mua trà sen vàng
ok cô mua trà thạch đào
ok cô mua trà thanh đào
ok cô mua trà thạch vải
ok cô chọn cà phê phin
ok cô chọn cà phê espresso
ok cô chọn freeze cà phê phin
ok cô chọn freeze không cà phê
ok cô chọn trà sen vàng
ok cô chọn trà thạch đào
ok cô chọn trà thanh đào
ok cô chọn trà thạch vải
ok bác lấy cà phê phin
ok bác lấy cà phê espresso
ok bác lấy freeze cà phê phin
ok bác lấy freeze không cà phê
ok bác lấy trà sen vàng
ok bác lấy trà thạch đào
ok bác lấy trà thanh đào
ok bác lấy trà thạch vải
ok bác mua cà phê phin
ok bác mua cà phê espresso
ok bác mua freeze cà phê phin
ok bác mua freeze không cà phê
ok bác mua trà sen vàng
ok bác mua trà thạch đào
ok bác mua trà thanh đào
ok bác mua trà thạch vải
ok bác chọn cà phê phin
ok bác chọn cà phê espresso
ok bác chọn freeze cà phê phin
ok bác chọn freeze không cà phê
ok bác chọn trà sen vàng
ok bác chọn trà thạch đào
ok bác chọn trà thanh đào
ok bác chọn trà thạch vải
