ship bao lâu tới nơi anh
ship bao lâu tới nơi chị
ship bao lâu tới nơi bên mình
ship bao lâu tới nơi mình
ship bao lâu tới nơi cửa hàng
ship bao lâu tới nơi shop
ship bao giờ tới nơi anh
ship bao giờ tới nơi chị
ship bao giờ tới nơi bên mình
ship bao giờ tới nơi mình
ship bao giờ tới nơi cửa hàng
ship bao giờ tới nơi shop
ship khi nào tới nơi anh
ship khi nào tới nơi chị
ship khi nào tới nơi bên mình
ship khi nào tới nơi mình
ship khi nào tới nơi cửa hàng
ship khi nào tới nơi shop
giao bao lâu tới nơi anh
giao bao lâu tới nơi chị
giao bao lâu tới nơi bên mình
giao bao lâu tới nơi mình
giao bao lâu tới nơi cửa hàng
giao bao lâu tới nơi shop
giao bao giờ tới nơi anh
giao bao giờ tới nơi chị
giao bao giờ tới nơi bên mình
giao bao giờ tới nơi mình
giao bao giờ tới nơi cửa hàng
giao bao giờ tới nơi shop
giao khi nào tới nơi anh
giao khi nào tới nơi chị
giao khi nào tới nơi bên mình
giao khi nào tới nơi mình
giao khi nào tới nơi cửa hàng
giao khi nào tới nơi shop
chuyển bao lâu tới nơi anh
chuyển bao lâu tới nơi chị
chuyển bao lâu tới nơi bên mình
chuyển bao lâu tới nơi mình
chuyển bao lâu tới nơi cửa hàng
chuyển bao lâu tới nơi shop
chuyển bao giờ tới nơi anh
chuyển bao giờ tới nơi chị
chuyển bao giờ tới nơi bên mình
chuyển bao giờ tới nơi mình
chuyển bao giờ tới nơi cửa hàng
chuyển bao giờ tới nơi shop
chuyển khi nào tới nơi anh
chuyển khi nào tới nơi chị
chuyển khi nào tới nơi bên mình
chuyển khi nào tới nơi mình
chuyển khi nào tới nơi cửa hàng
chuyển khi nào tới nơi shop
vận chuyển bao lâu tới nơi anh
vận chuyển bao lâu tới nơi chị
vận chuyển bao lâu tới nơi bên mình
vận chuyển bao lâu tới nơi mình
vận chuyển bao lâu tới nơi cửa hàng
vận chuyển bao lâu tới nơi shop
vận chuyển bao giờ tới nơi anh
vận chuyển bao giờ tới nơi chị
vận chuyển bao giờ tới nơi bên mình
vận chuyển bao giờ tới nơi mình
vận chuyển bao giờ tới nơi cửa hàng
vận chuyển bao giờ tới nơi shop
vận chuyển khi nào tới nơi anh
vận chuyển khi nào tới nơi chị
vận chuyển khi nào tới nơi bên mình
vận chuyển khi nào tới nơi mình
vận chuyển khi nào tới nơi cửa hàng
vận chuyển khi nào tới nơi shop
ship bao lâu tới nơi anh nhỉ
ship bao lâu tới nơi chị nhỉ
ship bao lâu tới nơi bên mình nhỉ
ship bao lâu tới nơi mình nhỉ
ship bao lâu tới nơi cửa hàng nhỉ
ship bao lâu tới nơi shop nhỉ
ship bao giờ tới nơi anh nhỉ
ship bao giờ tới nơi chị nhỉ
ship bao giờ tới nơi bên mình nhỉ
ship bao giờ tới nơi mình nhỉ
ship bao giờ tới nơi cửa hàng nhỉ
ship bao giờ tới nơi shop nhỉ
ship khi nào tới nơi anh nhỉ
ship khi nào tới nơi chị nhỉ
ship khi nào tới nơi bên mình nhỉ
ship khi nào tới nơi mình nhỉ
ship khi nào tới nơi cửa hàng nhỉ
ship khi nào tới nơi shop nhỉ
giao bao lâu tới nơi anh nhỉ
giao bao lâu tới nơi chị nhỉ
giao bao lâu tới nơi bên mình nhỉ
giao bao lâu tới nơi mình nhỉ
giao bao lâu tới nơi cửa hàng nhỉ
giao bao lâu tới nơi shop nhỉ
giao bao giờ tới nơi anh nhỉ
giao bao giờ tới nơi chị nhỉ
giao bao giờ tới nơi bên mình nhỉ
giao bao giờ tới nơi mình nhỉ
giao bao giờ tới nơi cửa hàng nhỉ
giao bao giờ tới nơi shop nhỉ
giao khi nào tới nơi anh nhỉ
giao khi nào tới nơi chị nhỉ
giao khi nào tới nơi bên mình nhỉ
giao khi nào tới nơi mình nhỉ
giao khi nào tới nơi cửa hàng nhỉ
giao khi nào tới nơi shop nhỉ
chuyển bao lâu tới nơi anh nhỉ
chuyển bao lâu tới nơi chị nhỉ
chuyển bao lâu tới nơi bên mình nhỉ
chuyển bao lâu tới nơi mình nhỉ
chuyển bao lâu tới nơi cửa hàng nhỉ
chuyển bao lâu tới nơi shop nhỉ
chuyển bao giờ tới nơi anh nhỉ
chuyển bao giờ tới nơi chị nhỉ
chuyển bao giờ tới nơi bên mình nhỉ
chuyển bao giờ tới nơi mình nhỉ
chuyển bao giờ tới nơi cửa hàng nhỉ
chuyển bao giờ tới nơi shop nhỉ
chuyển khi nào tới nơi anh nhỉ
chuyển khi nào tới nơi chị nhỉ
chuyển khi nào tới nơi bên mình nhỉ
chuyển khi nào tới nơi mình nhỉ
chuyển khi nào tới nơi cửa hàng nhỉ
chuyển khi nào tới nơi shop nhỉ
vận chuyển bao lâu tới nơi anh nhỉ
vận chuyển bao lâu tới nơi chị nhỉ
vận chuyển bao lâu tới nơi bên mình nhỉ
vận chuyển bao lâu tới nơi mình nhỉ
vận chuyển bao lâu tới nơi cửa hàng nhỉ
vận chuyển bao lâu tới nơi shop nhỉ
vận chuyển bao giờ tới nơi anh nhỉ
vận chuyển bao giờ tới nơi chị nhỉ
vận chuyển bao giờ tới nơi bên mình nhỉ
vận chuyển bao giờ tới nơi mình nhỉ
vận chuyển bao giờ tới nơi cửa hàng nhỉ
vận chuyển bao giờ tới nơi shop nhỉ
vận chuyển khi nào tới nơi anh nhỉ
vận chuyển khi nào tới nơi chị nhỉ
vận chuyển khi nào tới nơi bên mình nhỉ
vận chuyển khi nào tới nơi mình nhỉ
vận chuyển khi nào tới nơi cửa hàng nhỉ
vận chuyển khi nào tới nơi shop nhỉ
