cà phê phin nhỏ giá bao nhiêu
cà phê phin nhỏ giá đắt không
cà phê phin nhỏ giá thế nào
cà phê phin nhỏ giá ra sao
cà phê phin nhỏ giá cả bao nhiêu
cà phê phin nhỏ giá cả đắt không
cà phê phin nhỏ giá cả thế nào
cà phê phin nhỏ giá cả ra sao
cà phê phin lớn giá bao nhiêu
cà phê phin lớn giá đắt không
cà phê phin lớn giá thế nào
cà phê phin lớn giá ra sao
cà phê phin lớn giá cả bao nhiêu
cà phê phin lớn giá cả đắt không
cà phê phin lớn giá cả thế nào
cà phê phin lớn giá cả ra sao
cà phê phin vừa giá bao nhiêu
cà phê phin vừa giá đắt không
cà phê phin vừa giá thế nào
cà phê phin vừa giá ra sao
cà phê phin vừa giá cả bao nhiêu
cà phê phin vừa giá cả đắt không
cà phê phin vừa giá cả thế nào
cà phê phin vừa giá cả ra sao
cà phê phin bé giá bao nhiêu
cà phê phin bé giá đắt không
cà phê phin bé giá thế nào
cà phê phin bé giá ra sao
cà phê phin bé giá cả bao nhiêu
cà phê phin bé giá cả đắt không
cà phê phin bé giá cả thế nào
cà phê phin bé giá cả ra sao
cà phê espresso nhỏ giá bao nhiêu
cà phê espresso nhỏ giá đắt không
cà phê espresso nhỏ giá thế nào
cà phê espresso nhỏ giá ra sao
cà phê espresso nhỏ giá cả bao nhiêu
cà phê espresso nhỏ giá cả đắt không
cà phê espresso nhỏ giá cả thế nào
cà phê espresso nhỏ giá cả ra sao
cà phê espresso lớn giá bao nhiêu
cà phê espresso lớn giá đắt không
cà phê espresso lớn giá thế nào
cà phê espresso lớn giá ra sao
cà phê espresso lớn giá cả bao nhiêu
cà phê espresso lớn giá cả đắt không
cà phê espresso lớn giá cả thế nào
cà phê espresso lớn giá cả ra sao
cà phê espresso vừa giá bao nhiêu
cà phê espresso vừa giá đắt không
cà phê espresso vừa giá thế nào
cà phê espresso vừa giá ra sao
cà phê espresso vừa giá cả bao nhiêu
cà phê espresso vừa giá cả đắt không
cà phê espresso vừa giá cả thế nào
cà phê espresso vừa giá cả ra sao
cà phê espresso bé giá bao nhiêu
cà phê espresso bé giá đắt không
cà phê espresso bé giá thế nào
cà phê espresso bé giá ra sao
cà phê espresso bé giá cả bao nhiêu
cà phê espresso bé giá cả đắt không
cà phê espresso bé giá cả thế nào
cà phê espresso bé giá cả ra sao
freeze cà phê phin nhỏ giá bao nhiêu
freeze cà phê phin nhỏ giá đắt không
freeze cà phê phin nhỏ giá thế nào
freeze cà phê phin nhỏ giá ra sao
freeze cà phê phin nhỏ giá cả bao nhiêu
freeze cà phê phin nhỏ giá cả đắt không
freeze cà phê phin nhỏ giá cả thế nào
freeze cà phê phin nhỏ giá cả ra sao
freeze cà phê phin lớn giá bao nhiêu
freeze cà phê phin lớn giá đắt không
freeze cà phê phin lớn giá thế nào
freeze cà phê phin lớn giá ra sao
freeze cà phê phin lớn giá cả bao nhiêu
freeze cà phê phin lớn giá cả đắt không
freeze cà phê phin lớn giá cả thế nào
freeze cà phê phin lớn giá cả ra sao
freeze cà phê phin vừa giá bao nhiêu
freeze cà phê phin vừa giá đắt không
freeze cà phê phin vừa giá thế nào
freeze cà phê phin vừa giá ra sao
freeze cà phê phin vừa giá cả bao nhiêu
freeze cà phê phin vừa giá cả đắt không
freeze cà phê phin vừa giá cả thế nào
freeze cà phê phin vừa giá cả ra sao
freeze cà phê phin bé giá bao nhiêu
freeze cà phê phin bé giá đắt không
freeze cà phê phin bé giá thế nào
freeze cà phê phin bé giá ra sao
freeze cà phê phin bé giá cả bao nhiêu
freeze cà phê phin bé giá cả đắt không
freeze cà phê phin bé giá cả thế nào
freeze cà phê phin bé giá cả ra sao
freeze không cà phê nhỏ giá bao nhiêu
freeze không cà phê nhỏ giá đắt không
freeze không cà phê nhỏ giá thế nào
freeze không cà phê nhỏ giá ra sao
freeze không cà phê nhỏ giá cả bao nhiêu
freeze không cà phê nhỏ giá cả đắt không
freeze không cà phê nhỏ giá cả thế nào
freeze không cà phê nhỏ giá cả ra sao
freeze không cà phê lớn giá bao nhiêu
freeze không cà phê lớn giá đắt không
freeze không cà phê lớn giá thế nào
freeze không cà phê lớn giá ra sao
freeze không cà phê lớn giá cả bao nhiêu
freeze không cà phê lớn giá cả đắt không
freeze không cà phê lớn giá cả thế nào
freeze không cà phê lớn giá cả ra sao
freeze không cà phê vừa giá bao nhiêu
freeze không cà phê vừa giá đắt không
freeze không cà phê vừa giá thế nào
freeze không cà phê vừa giá ra sao
freeze không cà phê vừa giá cả bao nhiêu
freeze không cà phê vừa giá cả đắt không
freeze không cà phê vừa giá cả thế nào
freeze không cà phê vừa giá cả ra sao
freeze không cà phê bé giá bao nhiêu
freeze không cà phê bé giá đắt không
freeze không cà phê bé giá thế nào
freeze không cà phê bé giá ra sao
freeze không cà phê bé giá cả bao nhiêu
freeze không cà phê bé giá cả đắt không
freeze không cà phê bé giá cả thế nào
freeze không cà phê bé giá cả ra sao
trà sen vàng nhỏ giá bao nhiêu
trà sen vàng nhỏ giá đắt không
trà sen vàng nhỏ giá thế nào
trà sen vàng nhỏ giá ra sao
trà sen vàng nhỏ giá cả bao nhiêu
trà sen vàng nhỏ giá cả đắt không
trà sen vàng nhỏ giá cả thế nào
trà sen vàng nhỏ giá cả ra sao
trà sen vàng lớn giá bao nhiêu
trà sen vàng lớn giá đắt không
trà sen vàng lớn giá thế nào
trà sen vàng lớn giá ra sao
trà sen vàng lớn giá cả bao nhiêu
trà sen vàng lớn giá cả đắt không
trà sen vàng lớn giá cả thế nào
trà sen vàng lớn giá cả ra sao
trà sen vàng vừa giá bao nhiêu
trà sen vàng vừa giá đắt không
trà sen vàng vừa giá thế nào
trà sen vàng vừa giá ra sao
trà sen vàng vừa giá cả bao nhiêu
trà sen vàng vừa giá cả đắt không
trà sen vàng vừa giá cả thế nào
trà sen vàng vừa giá cả ra sao
trà sen vàng bé giá bao nhiêu
trà sen vàng bé giá đắt không
trà sen vàng bé giá thế nào
trà sen vàng bé giá ra sao
trà sen vàng bé giá cả bao nhiêu
trà sen vàng bé giá cả đắt không
trà sen vàng bé giá cả thế nào
trà sen vàng bé giá cả ra sao
trà thạch đào nhỏ giá bao nhiêu
trà thạch đào nhỏ giá đắt không
trà thạch đào nhỏ giá thế nào
trà thạch đào nhỏ giá ra sao
trà thạch đào nhỏ giá cả bao nhiêu
trà thạch đào nhỏ giá cả đắt không
trà thạch đào nhỏ giá cả thế nào
trà thạch đào nhỏ giá cả ra sao
trà thạch đào lớn giá bao nhiêu
trà thạch đào lớn giá đắt không
trà thạch đào lớn giá thế nào
trà thạch đào lớn giá ra sao
trà thạch đào lớn giá cả bao nhiêu
trà thạch đào lớn giá cả đắt không
trà thạch đào lớn giá cả thế nào
trà thạch đào lớn giá cả ra sao
trà thạch đào vừa giá bao nhiêu
trà thạch đào vừa giá đắt không
trà thạch đào vừa giá thế nào
trà thạch đào vừa giá ra sao
trà thạch đào vừa giá cả bao nhiêu
trà thạch đào vừa giá cả đắt không
trà thạch đào vừa giá cả thế nào
trà thạch đào vừa giá cả ra sao
trà thạch đào bé giá bao nhiêu
trà thạch đào bé giá đắt không
trà thạch đào bé giá thế nào
trà thạch đào bé giá ra sao
trà thạch đào bé giá cả bao nhiêu
trà thạch đào bé giá cả đắt không
trà thạch đào bé giá cả thế nào
trà thạch đào bé giá cả ra sao
trà thanh đào nhỏ giá bao nhiêu
trà thanh đào nhỏ giá đắt không
trà thanh đào nhỏ giá thế nào
trà thanh đào nhỏ giá ra sao
trà thanh đào nhỏ giá cả bao nhiêu
trà thanh đào nhỏ giá cả đắt không
trà thanh đào nhỏ giá cả thế nào
trà thanh đào nhỏ giá cả ra sao
trà thanh đào lớn giá bao nhiêu
trà thanh đào lớn giá đắt không
trà thanh đào lớn giá thế nào
trà thanh đào lớn giá ra sao
trà thanh đào lớn giá cả bao nhiêu
trà thanh đào lớn giá cả đắt không
trà thanh đào lớn giá cả thế nào
trà thanh đào lớn giá cả ra sao
trà thanh đào vừa giá bao nhiêu
trà thanh đào vừa giá đắt không
trà thanh đào vừa giá thế nào
trà thanh đào vừa giá ra sao
trà thanh đào vừa giá cả bao nhiêu
trà thanh đào vừa giá cả đắt không
trà thanh đào vừa giá cả thế nào
trà thanh đào vừa giá cả ra sao
trà thanh đào bé giá bao nhiêu
trà thanh đào bé giá đắt không
trà thanh đào bé giá thế nào
trà thanh đào bé giá ra sao
trà thanh đào bé giá cả bao nhiêu
trà thanh đào bé giá cả đắt không
trà thanh đào bé giá cả thế nào
trà thanh đào bé giá cả ra sao
trà thạch vải nhỏ giá bao nhiêu
trà thạch vải nhỏ giá đắt không
trà thạch vải nhỏ giá thế nào
trà thạch vải nhỏ giá ra sao
trà thạch vải nhỏ giá cả bao nhiêu
trà thạch vải nhỏ giá cả đắt không
trà thạch vải nhỏ giá cả thế nào
trà thạch vải nhỏ giá cả ra sao
trà thạch vải lớn giá bao nhiêu
trà thạch vải lớn giá đắt không
trà thạch vải lớn giá thế nào
trà thạch vải lớn giá ra sao
trà thạch vải lớn giá cả bao nhiêu
trà thạch vải lớn giá cả đắt không
trà thạch vải lớn giá cả thế nào
trà thạch vải lớn giá cả ra sao
trà thạch vải vừa giá bao nhiêu
trà thạch vải vừa giá đắt không
trà thạch vải vừa giá thế nào
trà thạch vải vừa giá ra sao
trà thạch vải vừa giá cả bao nhiêu
trà thạch vải vừa giá cả đắt không
trà thạch vải vừa giá cả thế nào
trà thạch vải vừa giá cả ra sao
trà thạch vải bé giá bao nhiêu
trà thạch vải bé giá đắt không
trà thạch vải bé giá thế nào
trà thạch vải bé giá ra sao
trà thạch vải bé giá cả bao nhiêu
trà thạch vải bé giá cả đắt không
trà thạch vải bé giá cả thế nào
trà thạch vải bé giá cả ra sao
