tôi đặt cà phê
tôi đặt caffee
tôi đặt freeze
tôi đặt trà
tôi mua cà phê
tôi mua caffee
tôi mua freeze
tôi mua trà
tôi đặt mua cà phê
tôi đặt mua caffee
tôi đặt mua freeze
tôi đặt mua trà
tôi order cà phê
tôi order caffee
tôi order freeze
tôi order trà
anh đặt cà phê
anh đặt caffee
anh đặt freeze
anh đặt trà
anh mua cà phê
anh mua caffee
anh mua freeze
anh mua trà
anh đặt mua cà phê
anh đặt mua caffee
anh đặt mua freeze
anh đặt mua trà
anh order cà phê
anh order caffee
anh order freeze
anh order trà
chị đặt cà phê
chị đặt caffee
chị đặt freeze
chị đặt trà
chị mua cà phê
chị mua caffee
chị mua freeze
chị mua trà
chị đặt mua cà phê
chị đặt mua caffee
chị đặt mua freeze
chị đặt mua trà
chị order cà phê
chị order caffee
chị order freeze
chị order trà
em đặt cà phê
em đặt caffee
em đặt freeze
em đặt trà
em mua cà phê
em mua caffee
em mua freeze
em mua trà
em đặt mua cà phê
em đặt mua caffee
em đặt mua freeze
em đặt mua trà
em order cà phê
em order caffee
em order freeze
em order trà
mình đặt cà phê
mình đặt caffee
mình đặt freeze
mình đặt trà
mình mua cà phê
mình mua caffee
mình mua freeze
mình mua trà
mình đặt mua cà phê
mình đặt mua caffee
mình đặt mua freeze
mình đặt mua trà
mình order cà phê
mình order caffee
mình order freeze
mình order trà
tớ đặt cà phê
tớ đặt caffee
tớ đặt freeze
tớ đặt trà
tớ mua cà phê
tớ mua caffee
tớ mua freeze
tớ mua trà
tớ đặt mua cà phê
tớ đặt mua caffee
tớ đặt mua freeze
tớ đặt mua trà
tớ order cà phê
tớ order caffee
tớ order freeze
tớ order trà
chú đặt cà phê
chú đặt caffee
chú đặt freeze
chú đặt trà
chú mua cà phê
chú mua caffee
chú mua freeze
chú mua trà
chú đặt mua cà phê
chú đặt mua caffee
chú đặt mua freeze
chú đặt mua trà
chú order cà phê
chú order caffee
chú order freeze
chú order trà
cô đặt cà phê
cô đặt caffee
cô đặt freeze
cô đặt trà
cô mua cà phê
cô mua caffee
cô mua freeze
cô mua trà
cô đặt mua cà phê
cô đặt mua caffee
cô đặt mua freeze
cô đặt mua trà
cô order cà phê
cô order caffee
cô order freeze
cô order trà
bác đặt cà phê
bác đặt caffee
bác đặt freeze
bác đặt trà
bác mua cà phê
bác mua caffee
bác mua freeze
bác mua trà
bác đặt mua cà phê
bác đặt mua caffee
bác đặt mua freeze
bác đặt mua trà
bác order cà phê
bác order caffee
bác order freeze
bác order trà
tôi muốn đặt cà phê
tôi muốn đặt caffee
tôi muốn đặt freeze
tôi muốn đặt trà
tôi muốn mua cà phê
tôi muốn mua caffee
tôi muốn mua freeze
tôi muốn mua trà
tôi muốn đặt mua cà phê
tôi muốn đặt mua caffee
tôi muốn đặt mua freeze
tôi muốn đặt mua trà
tôi muốn order cà phê
tôi muốn order caffee
tôi muốn order freeze
tôi muốn order trà
tôi cần đặt cà phê
tôi cần đặt caffee
tôi cần đặt freeze
tôi cần đặt trà
tôi cần mua cà phê
tôi cần mua caffee
tôi cần mua freeze
tôi cần mua trà
tôi cần đặt mua cà phê
tôi cần đặt mua caffee
tôi cần đặt mua freeze
tôi cần đặt mua trà
tôi cần order cà phê
tôi cần order caffee
tôi cần order freeze
tôi cần order trà
anh muốn đặt cà phê
anh muốn đặt caffee
anh muốn đặt freeze
anh muốn đặt trà
anh muốn mua cà phê
anh muốn mua caffee
anh muốn mua freeze
anh muốn mua trà
anh muốn đặt mua cà phê
anh muốn đặt mua caffee
anh muốn đặt mua freeze
anh muốn đặt mua trà
anh muốn order cà phê
anh muốn order caffee
anh muốn order freeze
anh muốn order trà
anh cần đặt cà phê
anh cần đặt caffee
anh cần đặt freeze
anh cần đặt trà
anh cần mua cà phê
anh cần mua caffee
anh cần mua freeze
anh cần mua trà
anh cần đặt mua cà phê
anh cần đặt mua caffee
anh cần đặt mua freeze
anh cần đặt mua trà
anh cần order cà phê
anh cần order caffee
anh cần order freeze
anh cần order trà
chị muốn đặt cà phê
chị muốn đặt caffee
chị muốn đặt freeze
chị muốn đặt trà
chị muốn mua cà phê
chị muốn mua caffee
chị muốn mua freeze
chị muốn mua trà
chị muốn đặt mua cà phê
chị muốn đặt mua caffee
chị muốn đặt mua freeze
chị muốn đặt mua trà
chị muốn order cà phê
chị muốn order caffee
chị muốn order freeze
chị muốn order trà
chị cần đặt cà phê
chị cần đặt caffee
chị cần đặt freeze
chị cần đặt trà
chị cần mua cà phê
chị cần mua caffee
chị cần mua freeze
chị cần mua trà
chị cần đặt mua cà phê
chị cần đặt mua caffee
chị cần đặt mua freeze
chị cần đặt mua trà
chị cần order cà phê
chị cần order caffee
chị cần order freeze
chị cần order trà
em muốn đặt cà phê
em muốn đặt caffee
em muốn đặt freeze
em muốn đặt trà
em muốn mua cà phê
em muốn mua caffee
em muốn mua freeze
em muốn mua trà
em muốn đặt mua cà phê
em muốn đặt mua caffee
em muốn đặt mua freeze
em muốn đặt mua trà
em muốn order cà phê
em muốn order caffee
em muốn order freeze
em muốn order trà
em cần đặt cà phê
em cần đặt caffee
em cần đặt freeze
em cần đặt trà
em cần mua cà phê
em cần mua caffee
em cần mua freeze
em cần mua trà
em cần đặt mua cà phê
em cần đặt mua caffee
em cần đặt mua freeze
em cần đặt mua trà
em cần order cà phê
em cần order caffee
em cần order freeze
em cần order trà
mình muốn đặt cà phê
mình muốn đặt caffee
mình muốn đặt freeze
mình muốn đặt trà
mình muốn mua cà phê
mình muốn mua caffee
mình muốn mua freeze
mình muốn mua trà
mình muốn đặt mua cà phê
mình muốn đặt mua caffee
mình muốn đặt mua freeze
mình muốn đặt mua trà
mình muốn order cà phê
mình muốn order caffee
mình muốn order freeze
mình muốn order trà
mình cần đặt cà phê
mình cần đặt caffee
mình cần đặt freeze
mình cần đặt trà
mình cần mua cà phê
mình cần mua caffee
mình cần mua freeze
mình cần mua trà
mình cần đặt mua cà phê
mình cần đặt mua caffee
mình cần đặt mua freeze
mình cần đặt mua trà
mình cần order cà phê
mình cần order caffee
mình cần order freeze
mình cần order trà
tớ muốn đặt cà phê
tớ muốn đặt caffee
tớ muốn đặt freeze
tớ muốn đặt trà
tớ muốn mua cà phê
tớ muốn mua caffee
tớ muốn mua freeze
tớ muốn mua trà
tớ muốn đặt mua cà phê
tớ muốn đặt mua caffee
tớ muốn đặt mua freeze
tớ muốn đặt mua trà
tớ muốn order cà phê
tớ muốn order caffee
tớ muốn order freeze
tớ muốn order trà
tớ cần đặt cà phê
tớ cần đặt caffee
tớ cần đặt freeze
tớ cần đặt trà
tớ cần mua cà phê
tớ cần mua caffee
tớ cần mua freeze
tớ cần mua trà
tớ cần đặt mua cà phê
tớ cần đặt mua caffee
tớ cần đặt mua freeze
tớ cần đặt mua trà
tớ cần order cà phê
tớ cần order caffee
tớ cần order freeze
tớ cần order trà
chú muốn đặt cà phê
chú muốn đặt caffee
chú muốn đặt freeze
chú muốn đặt trà
chú muốn mua cà phê
chú muốn mua caffee
chú muốn mua freeze
chú muốn mua trà
chú muốn đặt mua cà phê
chú muốn đặt mua caffee
chú muốn đặt mua freeze
chú muốn đặt mua trà
chú muốn order cà phê
chú muốn order caffee
chú muốn order freeze
chú muốn order trà
chú cần đặt cà phê
chú cần đặt caffee
chú cần đặt freeze
chú cần đặt trà
chú cần mua cà phê
chú cần mua caffee
chú cần mua freeze
chú cần mua trà
chú cần đặt mua cà phê
chú cần đặt mua caffee
chú cần đặt mua freeze
chú cần đặt mua trà
chú cần order cà phê
chú cần order caffee
chú cần order freeze
chú cần order trà
cô muốn đặt cà phê
cô muốn đặt caffee
cô muốn đặt freeze
cô muốn đặt trà
cô muốn mua cà phê
cô muốn mua caffee
cô muốn mua freeze
cô muốn mua trà
cô muốn đặt mua cà phê
cô muốn đặt mua caffee
cô muốn đặt mua freeze
cô muốn đặt mua trà
cô muốn order cà phê
cô muốn order caffee
cô muốn order freeze
cô muốn order trà
cô cần đặt cà phê
cô cần đặt caffee
cô cần đặt freeze
cô cần đặt trà
cô cần mua cà phê
cô cần mua caffee
cô cần mua freeze
cô cần mua trà
cô cần đặt mua cà phê
cô cần đặt mua caffee
cô cần đặt mua freeze
cô cần đặt mua trà
cô cần order cà phê
cô cần order caffee
cô cần order freeze
cô cần order trà
bác muốn đặt cà phê
bác muốn đặt caffee
bác muốn đặt freeze
bác muốn đặt trà
bác muốn mua cà phê
bác muốn mua caffee
bác muốn mua freeze
bác muốn mua trà
bác muốn đặt mua cà phê
bác muốn đặt mua caffee
bác muốn đặt mua freeze
bác muốn đặt mua trà
bác muốn order cà phê
bác muốn order caffee
bác muốn order freeze
bác muốn order trà
bác cần đặt cà phê
bác cần đặt caffee
bác cần đặt freeze
bác cần đặt trà
bác cần mua cà phê
bác cần mua caffee
bác cần mua freeze
bác cần mua trà
bác cần đặt mua cà phê
bác cần đặt mua caffee
bác cần đặt mua freeze
bác cần đặt mua trà
bác cần order cà phê
bác cần order caffee
bác cần order freeze
bác cần order trà
