cho tôi cà phê phin
cho tôi cà phê espresso
cho tôi freeze cà phê phin
cho tôi freeze không cà phê
cho tôi trà sen vàng
cho tôi trà thạch đào
cho tôi trà thanh đào
cho tôi trà thạch vải
cho anh cà phê phin
cho anh cà phê espresso
cho anh freeze cà phê phin
cho anh freeze không cà phê
cho anh trà sen vàng
cho anh trà thạch đào
cho anh trà thanh đào
cho anh trà thạch vải
cho chị cà phê phin
cho chị cà phê espresso
cho chị freeze cà phê phin
cho chị freeze không cà phê
cho chị trà sen vàng
cho chị trà thạch đào
cho chị trà thanh đào
cho chị trà thạch vải
cho em cà phê phin
cho em cà phê espresso
cho em freeze cà phê phin
cho em freeze không cà phê
cho em trà sen vàng
cho em trà thạch đào
cho em trà thanh đào
cho em trà thạch vải
cho mình cà phê phin
cho mình cà phê espresso
cho mình freeze cà phê phin
cho mình freeze không cà phê
cho mình trà sen vàng
cho mình trà thạch đào
cho mình trà thanh đào
cho mình trà thạch vải
cho tớ cà phê phin
cho tớ cà phê espresso
cho tớ freeze cà phê phin
cho tớ freeze không cà phê
cho tớ trà sen vàng
cho tớ trà thạch đào
cho tớ trà thanh đào
cho tớ trà thạch vải
cho chú cà phê phin
cho chú cà phê espresso
cho chú freeze cà phê phin
cho chú freeze không cà phê
cho chú trà sen vàng
cho chú trà thạch đào
cho chú trà thanh đào
cho chú trà thạch vải
cho cô cà phê phin
cho cô cà phê espresso
cho cô freeze cà phê phin
cho cô freeze không cà phê
cho cô trà sen vàng
cho cô trà thạch đào
cho cô trà thanh đào
cho cô trà thạch vải
cho bác cà phê phin
cho bác cà phê espresso
cho bác freeze cà phê phin
cho bác freeze không cà phê
cho bác trà sen vàng
cho bác trà thạch đào
cho bác trà thanh đào
cho bác trà thạch vải
để cho tôi cà phê phin
để cho tôi cà phê espresso
để cho tôi freeze cà phê phin
để cho tôi freeze không cà phê
để cho tôi trà sen vàng
để cho tôi trà thạch đào
để cho tôi trà thanh đào
để cho tôi trà thạch vải
để cho anh cà phê phin
để cho anh cà phê espresso
để cho anh freeze cà phê phin
để cho anh freeze không cà phê
để cho anh trà sen vàng
để cho anh trà thạch đào
để cho anh trà thanh đào
để cho anh trà thạch vải
để cho chị cà phê phin
để cho chị cà phê espresso
để cho chị freeze cà phê phin
để cho chị freeze không cà phê
để cho chị trà sen vàng
để cho chị trà thạch đào
để cho chị trà thanh đào
để cho chị trà thạch vải
để cho em cà phê phin
để cho em cà phê espresso
để cho em freeze cà phê phin
để cho em freeze không cà phê
để cho em trà sen vàng
để cho em trà thạch đào
để cho em trà thanh đào
để cho em trà thạch vải
để cho mình cà phê phin
để cho mình cà phê espresso
để cho mình freeze cà phê phin
để cho mình freeze không cà phê
để cho mình trà sen vàng
để cho mình trà thạch đào
để cho mình trà thanh đào
để cho mình trà thạch vải
để cho tớ cà phê phin
để cho tớ cà phê espresso
để cho tớ freeze cà phê phin
để cho tớ freeze không cà phê
để cho tớ trà sen vàng
để cho tớ trà thạch đào
để cho tớ trà thanh đào
để cho tớ trà thạch vải
để cho chú cà phê phin
để cho chú cà phê espresso
để cho chú freeze cà phê phin
để cho chú freeze không cà phê
để cho chú trà sen vàng
để cho chú trà thạch đào
để cho chú trà thanh đào
để cho chú trà thạch vải
để cho cô cà phê phin
để cho cô cà phê espresso
để cho cô freeze cà phê phin
để cho cô freeze không cà phê
để cho cô trà sen vàng
để cho cô trà thạch đào
để cho cô trà thanh đào
để cho cô trà thạch vải
để cho bác cà phê phin
để cho bác cà phê espresso
để cho bác freeze cà phê phin
để cho bác freeze không cà phê
để cho bác trà sen vàng
để cho bác trà thạch đào
để cho bác trà thanh đào
để cho bác trà thạch vải
lấy cho tôi cà phê phin
lấy cho tôi cà phê espresso
lấy cho tôi freeze cà phê phin
lấy cho tôi freeze không cà phê
lấy cho tôi trà sen vàng
lấy cho tôi trà thạch đào
lấy cho tôi trà thanh đào
lấy cho tôi trà thạch vải
lấy cho anh cà phê phin
lấy cho anh cà phê espresso
lấy cho anh freeze cà phê phin
lấy cho anh freeze không cà phê
lấy cho anh trà sen vàng
lấy cho anh trà thạch đào
lấy cho anh trà thanh đào
lấy cho anh trà thạch vải
lấy cho chị cà phê phin
lấy cho chị cà phê espresso
lấy cho chị freeze cà phê phin
lấy cho chị freeze không cà phê
lấy cho chị trà sen vàng
lấy cho chị trà thạch đào
lấy cho chị trà thanh đào
lấy cho chị trà thạch vải
lấy cho em cà phê phin
lấy cho em cà phê espresso
lấy cho em freeze cà phê phin
lấy cho em freeze không cà phê
lấy cho em trà sen vàng
lấy cho em trà thạch đào
lấy cho em trà thanh đào
lấy cho em trà thạch vải
lấy cho mình cà phê phin
lấy cho mình cà phê espresso
lấy cho mình freeze cà phê phin
lấy cho mình freeze không cà phê
lấy cho mình trà sen vàng
lấy cho mình trà thạch đào
lấy cho mình trà thanh đào
lấy cho mình trà thạch vải
lấy cho tớ cà phê phin
lấy cho tớ cà phê espresso
lấy cho tớ freeze cà phê phin
lấy cho tớ freeze không cà phê
lấy cho tớ trà sen vàng
lấy cho tớ trà thạch đào
lấy cho tớ trà thanh đào
lấy cho tớ trà thạch vải
lấy cho chú cà phê phin
lấy cho chú cà phê espresso
lấy cho chú freeze cà phê phin
lấy cho chú freeze không cà phê
lấy cho chú trà sen vàng
lấy cho chú trà thạch đào
lấy cho chú trà thanh đào
lấy cho chú trà thạch vải
lấy cho cô cà phê phin
lấy cho cô cà phê espresso
lấy cho cô freeze cà phê phin
lấy cho cô freeze không cà phê
lấy cho cô trà sen vàng
lấy cho cô trà thạch đào
lấy cho cô trà thanh đào
lấy cho cô trà thạch vải
lấy cho bác cà phê phin
lấy cho bác cà phê espresso
lấy cho bác freeze cà phê phin
lấy cho bác freeze không cà phê
lấy cho bác trà sen vàng
lấy cho bác trà thạch đào
lấy cho bác trà thanh đào
lấy cho bác trà thạch vải
vậy cho tôi cà phê phin
vậy cho tôi cà phê espresso
vậy cho tôi freeze cà phê phin
vậy cho tôi freeze không cà phê
vậy cho tôi trà sen vàng
vậy cho tôi trà thạch đào
vậy cho tôi trà thanh đào
vậy cho tôi trà thạch vải
vậy cho anh cà phê phin
vậy cho anh cà phê espresso
vậy cho anh freeze cà phê phin
vậy cho anh freeze không cà phê
vậy cho anh trà sen vàng
vậy cho anh trà thạch đào
vậy cho anh trà thanh đào
vậy cho anh trà thạch vải
vậy cho chị cà phê phin
vậy cho chị cà phê espresso
vậy cho chị freeze cà phê phin
vậy cho chị freeze không cà phê
vậy cho chị trà sen vàng
vậy cho chị trà thạch đào
vậy cho chị trà thanh đào
vậy cho chị trà thạch vải
vậy cho em cà phê phin
vậy cho em cà phê espresso
vậy cho em freeze cà phê phin
vậy cho em freeze không cà phê
vậy cho em trà sen vàng
vậy cho em trà thạch đào
vậy cho em trà thanh đào
vậy cho em trà thạch vải
vậy cho mình cà phê phin
vậy cho mình cà phê espresso
vậy cho mình freeze cà phê phin
vậy cho mình freeze không cà phê
vậy cho mình trà sen vàng
vậy cho mình trà thạch đào
vậy cho mình trà thanh đào
vậy cho mình trà thạch vải
vậy cho tớ cà phê phin
vậy cho tớ cà phê espresso
vậy cho tớ freeze cà phê phin
vậy cho tớ freeze không cà phê
vậy cho tớ trà sen vàng
vậy cho tớ trà thạch đào
vậy cho tớ trà thanh đào
vậy cho tớ trà thạch vải
vậy cho chú cà phê phin
vậy cho chú cà phê espresso
vậy cho chú freeze cà phê phin
vậy cho chú freeze không cà phê
vậy cho chú trà sen vàng
vậy cho chú trà thạch đào
vậy cho chú trà thanh đào
vậy cho chú trà thạch vải
vậy cho cô cà phê phin
vậy cho cô cà phê espresso
vậy cho cô freeze cà phê phin
vậy cho cô freeze không cà phê
vậy cho cô trà sen vàng
vậy cho cô trà thạch đào
vậy cho cô trà thanh đào
vậy cho cô trà thạch vải
vậy cho bác cà phê phin
vậy cho bác cà phê espresso
vậy cho bác freeze cà phê phin
vậy cho bác freeze không cà phê
vậy cho bác trà sen vàng
vậy cho bác trà thạch đào
vậy cho bác trà thanh đào
vậy cho bác trà thạch vải
vậy để cho tôi cà phê phin
vậy để cho tôi cà phê espresso
vậy để cho tôi freeze cà phê phin
vậy để cho tôi freeze không cà phê
vậy để cho tôi trà sen vàng
vậy để cho tôi trà thạch đào
vậy để cho tôi trà thanh đào
vậy để cho tôi trà thạch vải
vậy để cho anh cà phê phin
vậy để cho anh cà phê espresso
vậy để cho anh freeze cà phê phin
vậy để cho anh freeze không cà phê
vậy để cho anh trà sen vàng
vậy để cho anh trà thạch đào
vậy để cho anh trà thanh đào
vậy để cho anh trà thạch vải
vậy để cho chị cà phê phin
vậy để cho chị cà phê espresso
vậy để cho chị freeze cà phê phin
vậy để cho chị freeze không cà phê
vậy để cho chị trà sen vàng
vậy để cho chị trà thạch đào
vậy để cho chị trà thanh đào
vậy để cho chị trà thạch vải
vậy để cho em cà phê phin
vậy để cho em cà phê espresso
vậy để cho em freeze cà phê phin
vậy để cho em freeze không cà phê
vậy để cho em trà sen vàng
vậy để cho em trà thạch đào
vậy để cho em trà thanh đào
vậy để cho em trà thạch vải
vậy để cho mình cà phê phin
vậy để cho mình cà phê espresso
vậy để cho mình freeze cà phê phin
vậy để cho mình freeze không cà phê
vậy để cho mình trà sen vàng
vậy để cho mình trà thạch đào
vậy để cho mình trà thanh đào
vậy để cho mình trà thạch vải
vậy để cho tớ cà phê phin
vậy để cho tớ cà phê espresso
vậy để cho tớ freeze cà phê phin
vậy để cho tớ freeze không cà phê
vậy để cho tớ trà sen vàng
vậy để cho tớ trà thạch đào
vậy để cho tớ trà thanh đào
vậy để cho tớ trà thạch vải
vậy để cho chú cà phê phin
vậy để cho chú cà phê espresso
vậy để cho chú freeze cà phê phin
vậy để cho chú freeze không cà phê
vậy để cho chú trà sen vàng
vậy để cho chú trà thạch đào
vậy để cho chú trà thanh đào
vậy để cho chú trà thạch vải
vậy để cho cô cà phê phin
vậy để cho cô cà phê espresso
vậy để cho cô freeze cà phê phin
vậy để cho cô freeze không cà phê
vậy để cho cô trà sen vàng
vậy để cho cô trà thạch đào
vậy để cho cô trà thanh đào
vậy để cho cô trà thạch vải
vậy để cho bác cà phê phin
vậy để cho bác cà phê espresso
vậy để cho bác freeze cà phê phin
vậy để cho bác freeze không cà phê
vậy để cho bác trà sen vàng
vậy để cho bác trà thạch đào
vậy để cho bác trà thanh đào
vậy để cho bác trà thạch vải
vậy lấy cho tôi cà phê phin
vậy lấy cho tôi cà phê espresso
vậy lấy cho tôi freeze cà phê phin
vậy lấy cho tôi freeze không cà phê
vậy lấy cho tôi trà sen vàng
vậy lấy cho tôi trà thạch đào
vậy lấy cho tôi trà thanh đào
vậy lấy cho tôi trà thạch vải
vậy lấy cho anh cà phê phin
vậy lấy cho anh cà phê espresso
vậy lấy cho anh freeze cà phê phin
vậy lấy cho anh freeze không cà phê
vậy lấy cho anh trà sen vàng
vậy lấy cho anh trà thạch đào
vậy lấy cho anh trà thanh đào
vậy lấy cho anh trà thạch vải
vậy lấy cho chị cà phê phin
vậy lấy cho chị cà phê espresso
vậy lấy cho chị freeze cà phê phin
vậy lấy cho chị freeze không cà phê
vậy lấy cho chị trà sen vàng
vậy lấy cho chị trà thạch đào
vậy lấy cho chị trà thanh đào
vậy lấy cho chị trà thạch vải
vậy lấy cho em cà phê phin
vậy lấy cho em cà phê espresso
vậy lấy cho em freeze cà phê phin
vậy lấy cho em freeze không cà phê
vậy lấy cho em trà sen vàng
vậy lấy cho em trà thạch đào
vậy lấy cho em trà thanh đào
vậy lấy cho em trà thạch vải
vậy lấy cho mình cà phê phin
vậy lấy cho mình cà phê espresso
vậy lấy cho mình freeze cà phê phin
vậy lấy cho mình freeze không cà phê
vậy lấy cho mình trà sen vàng
vậy lấy cho mình trà thạch đào
vậy lấy cho mình trà thanh đào
vậy lấy cho mình trà thạch vải
vậy lấy cho tớ cà phê phin
vậy lấy cho tớ cà phê espresso
vậy lấy cho tớ freeze cà phê phin
vậy lấy cho tớ freeze không cà phê
vậy lấy cho tớ trà sen vàng
vậy lấy cho tớ trà thạch đào
vậy lấy cho tớ trà thanh đào
vậy lấy cho tớ trà thạch vải
vậy lấy cho chú cà phê phin
vậy lấy cho chú cà phê espresso
vậy lấy cho chú freeze cà phê phin
vậy lấy cho chú freeze không cà phê
vậy lấy cho chú trà sen vàng
vậy lấy cho chú trà thạch đào
vậy lấy cho chú trà thanh đào
vậy lấy cho chú trà thạch vải
vậy lấy cho cô cà phê phin
vậy lấy cho cô cà phê espresso
vậy lấy cho cô freeze cà phê phin
vậy lấy cho cô freeze không cà phê
vậy lấy cho cô trà sen vàng
vậy lấy cho cô trà thạch đào
vậy lấy cho cô trà thanh đào
vậy lấy cho cô trà thạch vải
vậy lấy cho bác cà phê phin
vậy lấy cho bác cà phê espresso
vậy lấy cho bác freeze cà phê phin
vậy lấy cho bác freeze không cà phê
vậy lấy cho bác trà sen vàng
vậy lấy cho bác trà thạch đào
vậy lấy cho bác trà thanh đào
vậy lấy cho bác trà thạch vải
