cà phê phin giá bao nhiêu
cà phê phin giá đắt không
cà phê phin giá thế nào
cà phê phin giá ra sao
cà phê phin giá cả bao nhiêu
cà phê phin giá cả đắt không
cà phê phin giá cả thế nào
cà phê phin giá cả ra sao
cà phê espresso giá bao nhiêu
cà phê espresso giá đắt không
cà phê espresso giá thế nào
cà phê espresso giá ra sao
cà phê espresso giá cả bao nhiêu
cà phê espresso giá cả đắt không
cà phê espresso giá cả thế nào
cà phê espresso giá cả ra sao
freeze cà phê phin giá bao nhiêu
freeze cà phê phin giá đắt không
freeze cà phê phin giá thế nào
freeze cà phê phin giá ra sao
freeze cà phê phin giá cả bao nhiêu
freeze cà phê phin giá cả đắt không
freeze cà phê phin giá cả thế nào
freeze cà phê phin giá cả ra sao
freeze không cà phê giá bao nhiêu
freeze không cà phê giá đắt không
freeze không cà phê giá thế nào
freeze không cà phê giá ra sao
freeze không cà phê giá cả bao nhiêu
freeze không cà phê giá cả đắt không
freeze không cà phê giá cả thế nào
freeze không cà phê giá cả ra sao
trà sen vàng giá bao nhiêu
trà sen vàng giá đắt không
trà sen vàng giá thế nào
trà sen vàng giá ra sao
trà sen vàng giá cả bao nhiêu
trà sen vàng giá cả đắt không
trà sen vàng giá cả thế nào
trà sen vàng giá cả ra sao
trà thạch đào giá bao nhiêu
trà thạch đào giá đắt không
trà thạch đào giá thế nào
trà thạch đào giá ra sao
trà thạch đào giá cả bao nhiêu
trà thạch đào giá cả đắt không
trà thạch đào giá cả thế nào
trà thạch đào giá cả ra sao
trà thanh đào giá bao nhiêu
trà thanh đào giá đắt không
trà thanh đào giá thế nào
trà thanh đào giá ra sao
trà thanh đào giá cả bao nhiêu
trà thanh đào giá cả đắt không
trà thanh đào giá cả thế nào
trà thanh đào giá cả ra sao
trà thạch vải giá bao nhiêu
trà thạch vải giá đắt không
trà thạch vải giá thế nào
trà thạch vải giá ra sao
trà thạch vải giá cả bao nhiêu
trà thạch vải giá cả đắt không
trà thạch vải giá cả thế nào
trà thạch vải giá cả ra sao
