cà phê thành phần là gì
cà phê thành phần là như thế nào
cà phê thành phần ra sao
cà phê thành phần có gì
cà phê thành phần có những gì
caffee thành phần là gì
caffee thành phần là như thế nào
caffee thành phần ra sao
caffee thành phần có gì
caffee thành phần có những gì
freeze thành phần là gì
freeze thành phần là như thế nào
freeze thành phần ra sao
freeze thành phần có gì
freeze thành phần có những gì
trà thành phần là gì
trà thành phần là như thế nào
trà thành phần ra sao
trà thành phần có gì
trà thành phần có những gì
