có những cà phê nào
có những cà phê gì
có những caffee nào
có những caffee gì
có những freeze nào
có những freeze gì
có những trà nào
có những trà gì
có các cà phê nào
có các cà phê gì
có các caffee nào
có các caffee gì
có các freeze nào
có các freeze gì
có các trà nào
có các trà gì
có những loại cà phê nào nhỉ
có những loại cà phê gì nhỉ
có những loại caffee nào nhỉ
có những loại caffee gì nhỉ
có những loại freeze nào nhỉ
có những loại freeze gì nhỉ
có những loại trà nào nhỉ
có những loại trà gì nhỉ
có các loại cà phê nào nhỉ
có các loại cà phê gì nhỉ
có các loại caffee nào nhỉ
có các loại caffee gì nhỉ
có các loại freeze nào nhỉ
có các loại freeze gì nhỉ
có các loại trà nào nhỉ
có các loại trà gì nhỉ
