giá như thế nào anh
giá như thế nào chị
giá như thế nào cửa hàng
giá như thế nào shop
giá như thế nào em
giá ra sao anh
giá ra sao chị
giá ra sao cửa hàng
giá ra sao shop
giá ra sao em
giả cả như thế nào anh
giả cả như thế nào chị
giả cả như thế nào cửa hàng
giả cả như thế nào shop
giả cả như thế nào em
giả cả ra sao anh
giả cả ra sao chị
giả cả ra sao cửa hàng
giả cả ra sao shop
giả cả ra sao em
giá như thế nào vậy anh
giá như thế nào vậy chị
giá như thế nào vậy cửa hàng
giá như thế nào vậy shop
giá như thế nào vậy em
giá ra sao vậy anh
giá ra sao vậy chị
giá ra sao vậy cửa hàng
giá ra sao vậy shop
giá ra sao vậy em
giả cả như thế nào vậy anh
giả cả như thế nào vậy chị
giả cả như thế nào vậy cửa hàng
giả cả như thế nào vậy shop
giả cả như thế nào vậy em
giả cả ra sao vậy anh
giả cả ra sao vậy chị
giả cả ra sao vậy cửa hàng
giả cả ra sao vậy shop
giả cả ra sao vậy em
