cho tôi đặt một cốc cà phê
cho tôi đặt một cốc caffee
cho tôi đặt một cốc freeze
cho tôi đặt một cốc trà
cho tôi đặt hai cốc cà phê
cho tôi đặt hai cốc caffee
cho tôi đặt hai cốc freeze
cho tôi đặt hai cốc trà
cho tôi đặt ba cốc cà phê
cho tôi đặt ba cốc caffee
cho tôi đặt ba cốc freeze
cho tôi đặt ba cốc trà
cho tôi đặt bốn cốc cà phê
cho tôi đặt bốn cốc caffee
cho tôi đặt bốn cốc freeze
cho tôi đặt bốn cốc trà
cho tôi đặt năm cốc cà phê
cho tôi đặt năm cốc caffee
cho tôi đặt năm cốc freeze
cho tôi đặt năm cốc trà
cho tôi đặt sáu cốc cà phê
cho tôi đặt sáu cốc caffee
cho tôi đặt sáu cốc freeze
cho tôi đặt sáu cốc trà
cho tôi đặt bảy cốc cà phê
cho tôi đặt bảy cốc caffee
cho tôi đặt bảy cốc freeze
cho tôi đặt bảy cốc trà
cho tôi đặt tám cốc cà phê
cho tôi đặt tám cốc caffee
cho tôi đặt tám cốc freeze
cho tôi đặt tám cốc trà
cho tôi đặt chín cốc cà phê
cho tôi đặt chín cốc caffee
cho tôi đặt chín cốc freeze
cho tôi đặt chín cốc trà
cho tôi đặt mười cốc cà phê
cho tôi đặt mười cốc caffee
cho tôi đặt mười cốc freeze
cho tôi đặt mười cốc trà
cho tôi mua một cốc cà phê
cho tôi mua một cốc caffee
cho tôi mua một cốc freeze
cho tôi mua một cốc trà
cho tôi mua hai cốc cà phê
cho tôi mua hai cốc caffee
cho tôi mua hai cốc freeze
cho tôi mua hai cốc trà
cho tôi mua ba cốc cà phê
cho tôi mua ba cốc caffee
cho tôi mua ba cốc freeze
cho tôi mua ba cốc trà
cho tôi mua bốn cốc cà phê
cho tôi mua bốn cốc caffee
cho tôi mua bốn cốc freeze
cho tôi mua bốn cốc trà
cho tôi mua năm cốc cà phê
cho tôi mua năm cốc caffee
cho tôi mua năm cốc freeze
cho tôi mua năm cốc trà
cho tôi mua sáu cốc cà phê
cho tôi mua sáu cốc caffee
cho tôi mua sáu cốc freeze
cho tôi mua sáu cốc trà
cho tôi mua bảy cốc cà phê
cho tôi mua bảy cốc caffee
cho tôi mua bảy cốc freeze
cho tôi mua bảy cốc trà
cho tôi mua tám cốc cà phê
cho tôi mua tám cốc caffee
cho tôi mua tám cốc freeze
cho tôi mua tám cốc trà
cho tôi mua chín cốc cà phê
cho tôi mua chín cốc caffee
cho tôi mua chín cốc freeze
cho tôi mua chín cốc trà
cho tôi mua mười cốc cà phê
cho tôi mua mười cốc caffee
cho tôi mua mười cốc freeze
cho tôi mua mười cốc trà
cho tôi đặt mua một cốc cà phê
cho tôi đặt mua một cốc caffee
cho tôi đặt mua một cốc freeze
cho tôi đặt mua một cốc trà
cho tôi đặt mua hai cốc cà phê
cho tôi đặt mua hai cốc caffee
cho tôi đặt mua hai cốc freeze
cho tôi đặt mua hai cốc trà
cho tôi đặt mua ba cốc cà phê
cho tôi đặt mua ba cốc caffee
cho tôi đặt mua ba cốc freeze
cho tôi đặt mua ba cốc trà
cho tôi đặt mua bốn cốc cà phê
cho tôi đặt mua bốn cốc caffee
cho tôi đặt mua bốn cốc freeze
cho tôi đặt mua bốn cốc trà
cho tôi đặt mua năm cốc cà phê
cho tôi đặt mua năm cốc caffee
cho tôi đặt mua năm cốc freeze
cho tôi đặt mua năm cốc trà
cho tôi đặt mua sáu cốc cà phê
cho tôi đặt mua sáu cốc caffee
cho tôi đặt mua sáu cốc freeze
cho tôi đặt mua sáu cốc trà
cho tôi đặt mua bảy cốc cà phê
cho tôi đặt mua bảy cốc caffee
cho tôi đặt mua bảy cốc freeze
cho tôi đặt mua bảy cốc trà
cho tôi đặt mua tám cốc cà phê
cho tôi đặt mua tám cốc caffee
cho tôi đặt mua tám cốc freeze
cho tôi đặt mua tám cốc trà
cho tôi đặt mua chín cốc cà phê
cho tôi đặt mua chín cốc caffee
cho tôi đặt mua chín cốc freeze
cho tôi đặt mua chín cốc trà
cho tôi đặt mua mười cốc cà phê
cho tôi đặt mua mười cốc caffee
cho tôi đặt mua mười cốc freeze
cho tôi đặt mua mười cốc trà
cho tôi order một cốc cà phê
cho tôi order một cốc caffee
cho tôi order một cốc freeze
cho tôi order một cốc trà
cho tôi order hai cốc cà phê
cho tôi order hai cốc caffee
cho tôi order hai cốc freeze
cho tôi order hai cốc trà
cho tôi order ba cốc cà phê
cho tôi order ba cốc caffee
cho tôi order ba cốc freeze
cho tôi order ba cốc trà
cho tôi order bốn cốc cà phê
cho tôi order bốn cốc caffee
cho tôi order bốn cốc freeze
cho tôi order bốn cốc trà
cho tôi order năm cốc cà phê
cho tôi order năm cốc caffee
cho tôi order năm cốc freeze
cho tôi order năm cốc trà
cho tôi order sáu cốc cà phê
cho tôi order sáu cốc caffee
cho tôi order sáu cốc freeze
cho tôi order sáu cốc trà
cho tôi order bảy cốc cà phê
cho tôi order bảy cốc caffee
cho tôi order bảy cốc freeze
cho tôi order bảy cốc trà
cho tôi order tám cốc cà phê
cho tôi order tám cốc caffee
cho tôi order tám cốc freeze
cho tôi order tám cốc trà
cho tôi order chín cốc cà phê
cho tôi order chín cốc caffee
cho tôi order chín cốc freeze
cho tôi order chín cốc trà
cho tôi order mười cốc cà phê
cho tôi order mười cốc caffee
cho tôi order mười cốc freeze
cho tôi order mười cốc trà
cho anh đặt một cốc cà phê
cho anh đặt một cốc caffee
cho anh đặt một cốc freeze
cho anh đặt một cốc trà
cho anh đặt hai cốc cà phê
cho anh đặt hai cốc caffee
cho anh đặt hai cốc freeze
cho anh đặt hai cốc trà
cho anh đặt ba cốc cà phê
cho anh đặt ba cốc caffee
cho anh đặt ba cốc freeze
cho anh đặt ba cốc trà
cho anh đặt bốn cốc cà phê
cho anh đặt bốn cốc caffee
cho anh đặt bốn cốc freeze
cho anh đặt bốn cốc trà
cho anh đặt năm cốc cà phê
cho anh đặt năm cốc caffee
cho anh đặt năm cốc freeze
cho anh đặt năm cốc trà
cho anh đặt sáu cốc cà phê
cho anh đặt sáu cốc caffee
cho anh đặt sáu cốc freeze
cho anh đặt sáu cốc trà
cho anh đặt bảy cốc cà phê
cho anh đặt bảy cốc caffee
cho anh đặt bảy cốc freeze
cho anh đặt bảy cốc trà
cho anh đặt tám cốc cà phê
cho anh đặt tám cốc caffee
cho anh đặt tám cốc freeze
cho anh đặt tám cốc trà
cho anh đặt chín cốc cà phê
cho anh đặt chín cốc caffee
cho anh đặt chín cốc freeze
cho anh đặt chín cốc trà
cho anh đặt mười cốc cà phê
cho anh đặt mười cốc caffee
cho anh đặt mười cốc freeze
cho anh đặt mười cốc trà
cho anh mua một cốc cà phê
cho anh mua một cốc caffee
cho anh mua một cốc freeze
cho anh mua một cốc trà
cho anh mua hai cốc cà phê
cho anh mua hai cốc caffee
cho anh mua hai cốc freeze
cho anh mua hai cốc trà
cho anh mua ba cốc cà phê
cho anh mua ba cốc caffee
cho anh mua ba cốc freeze
cho anh mua ba cốc trà
cho anh mua bốn cốc cà phê
cho anh mua bốn cốc caffee
cho anh mua bốn cốc freeze
cho anh mua bốn cốc trà
cho anh mua năm cốc cà phê
cho anh mua năm cốc caffee
cho anh mua năm cốc freeze
cho anh mua năm cốc trà
cho anh mua sáu cốc cà phê
cho anh mua sáu cốc caffee
cho anh mua sáu cốc freeze
cho anh mua sáu cốc trà
cho anh mua bảy cốc cà phê
cho anh mua bảy cốc caffee
cho anh mua bảy cốc freeze
cho anh mua bảy cốc trà
cho anh mua tám cốc cà phê
cho anh mua tám cốc caffee
cho anh mua tám cốc freeze
cho anh mua tám cốc trà
cho anh mua chín cốc cà phê
cho anh mua chín cốc caffee
cho anh mua chín cốc freeze
cho anh mua chín cốc trà
cho anh mua mười cốc cà phê
cho anh mua mười cốc caffee
cho anh mua mười cốc freeze
cho anh mua mười cốc trà
cho anh đặt mua một cốc cà phê
cho anh đặt mua một cốc caffee
cho anh đặt mua một cốc freeze
cho anh đặt mua một cốc trà
cho anh đặt mua hai cốc cà phê
cho anh đặt mua hai cốc caffee
cho anh đặt mua hai cốc freeze
cho anh đặt mua hai cốc trà
cho anh đặt mua ba cốc cà phê
cho anh đặt mua ba cốc caffee
cho anh đặt mua ba cốc freeze
cho anh đặt mua ba cốc trà
cho anh đặt mua bốn cốc cà phê
cho anh đặt mua bốn cốc caffee
cho anh đặt mua bốn cốc freeze
cho anh đặt mua bốn cốc trà
cho anh đặt mua năm cốc cà phê
cho anh đặt mua năm cốc caffee
cho anh đặt mua năm cốc freeze
cho anh đặt mua năm cốc trà
cho anh đặt mua sáu cốc cà phê
cho anh đặt mua sáu cốc caffee
cho anh đặt mua sáu cốc freeze
cho anh đặt mua sáu cốc trà
cho anh đặt mua bảy cốc cà phê
cho anh đặt mua bảy cốc caffee
cho anh đặt mua bảy cốc freeze
cho anh đặt mua bảy cốc trà
cho anh đặt mua tám cốc cà phê
cho anh đặt mua tám cốc caffee
cho anh đặt mua tám cốc freeze
cho anh đặt mua tám cốc trà
cho anh đặt mua chín cốc cà phê
cho anh đặt mua chín cốc caffee
cho anh đặt mua chín cốc freeze
cho anh đặt mua chín cốc trà
cho anh đặt mua mười cốc cà phê
cho anh đặt mua mười cốc caffee
cho anh đặt mua mười cốc freeze
cho anh đặt mua mười cốc trà
cho anh order một cốc cà phê
cho anh order một cốc caffee
cho anh order một cốc freeze
cho anh order một cốc trà
cho anh order hai cốc cà phê
cho anh order hai cốc caffee
cho anh order hai cốc freeze
cho anh order hai cốc trà
cho anh order ba cốc cà phê
cho anh order ba cốc caffee
cho anh order ba cốc freeze
cho anh order ba cốc trà
cho anh order bốn cốc cà phê
cho anh order bốn cốc caffee
cho anh order bốn cốc freeze
cho anh order bốn cốc trà
cho anh order năm cốc cà phê
cho anh order năm cốc caffee
cho anh order năm cốc freeze
cho anh order năm cốc trà
cho anh order sáu cốc cà phê
cho anh order sáu cốc caffee
cho anh order sáu cốc freeze
cho anh order sáu cốc trà
cho anh order bảy cốc cà phê
cho anh order bảy cốc caffee
cho anh order bảy cốc freeze
cho anh order bảy cốc trà
cho anh order tám cốc cà phê
cho anh order tám cốc caffee
cho anh order tám cốc freeze
cho anh order tám cốc trà
cho anh order chín cốc cà phê
cho anh order chín cốc caffee
cho anh order chín cốc freeze
cho anh order chín cốc trà
cho anh order mười cốc cà phê
cho anh order mười cốc caffee
cho anh order mười cốc freeze
cho anh order mười cốc trà
cho chị đặt một cốc cà phê
cho chị đặt một cốc caffee
cho chị đặt một cốc freeze
cho chị đặt một cốc trà
cho chị đặt hai cốc cà phê
cho chị đặt hai cốc caffee
cho chị đặt hai cốc freeze
cho chị đặt hai cốc trà
cho chị đặt ba cốc cà phê
cho chị đặt ba cốc caffee
cho chị đặt ba cốc freeze
cho chị đặt ba cốc trà
cho chị đặt bốn cốc cà phê
cho chị đặt bốn cốc caffee
cho chị đặt bốn cốc freeze
cho chị đặt bốn cốc trà
cho chị đặt năm cốc cà phê
cho chị đặt năm cốc caffee
cho chị đặt năm cốc freeze
cho chị đặt năm cốc trà
cho chị đặt sáu cốc cà phê
cho chị đặt sáu cốc caffee
cho chị đặt sáu cốc freeze
cho chị đặt sáu cốc trà
cho chị đặt bảy cốc cà phê
cho chị đặt bảy cốc caffee
cho chị đặt bảy cốc freeze
cho chị đặt bảy cốc trà
cho chị đặt tám cốc cà phê
cho chị đặt tám cốc caffee
cho chị đặt tám cốc freeze
cho chị đặt tám cốc trà
cho chị đặt chín cốc cà phê
cho chị đặt chín cốc caffee
cho chị đặt chín cốc freeze
cho chị đặt chín cốc trà
cho chị đặt mười cốc cà phê
cho chị đặt mười cốc caffee
cho chị đặt mười cốc freeze
cho chị đặt mười cốc trà
cho chị mua một cốc cà phê
cho chị mua một cốc caffee
cho chị mua một cốc freeze
cho chị mua một cốc trà
cho chị mua hai cốc cà phê
cho chị mua hai cốc caffee
cho chị mua hai cốc freeze
cho chị mua hai cốc trà
cho chị mua ba cốc cà phê
cho chị mua ba cốc caffee
cho chị mua ba cốc freeze
cho chị mua ba cốc trà
cho chị mua bốn cốc cà phê
cho chị mua bốn cốc caffee
cho chị mua bốn cốc freeze
cho chị mua bốn cốc trà
cho chị mua năm cốc cà phê
cho chị mua năm cốc caffee
cho chị mua năm cốc freeze
cho chị mua năm cốc trà
cho chị mua sáu cốc cà phê
cho chị mua sáu cốc caffee
cho chị mua sáu cốc freeze
cho chị mua sáu cốc trà
cho chị mua bảy cốc cà phê
cho chị mua bảy cốc caffee
cho chị mua bảy cốc freeze
cho chị mua bảy cốc trà
cho chị mua tám cốc cà phê
cho chị mua tám cốc caffee
cho chị mua tám cốc freeze
cho chị mua tám cốc trà
cho chị mua chín cốc cà phê
cho chị mua chín cốc caffee
cho chị mua chín cốc freeze
cho chị mua chín cốc trà
cho chị mua mười cốc cà phê
cho chị mua mười cốc caffee
cho chị mua mười cốc freeze
cho chị mua mười cốc trà
cho chị đặt mua một cốc cà phê
cho chị đặt mua một cốc caffee
cho chị đặt mua một cốc freeze
cho chị đặt mua một cốc trà
cho chị đặt mua hai cốc cà phê
cho chị đặt mua hai cốc caffee
cho chị đặt mua hai cốc freeze
cho chị đặt mua hai cốc trà
cho chị đặt mua ba cốc cà phê
cho chị đặt mua ba cốc caffee
cho chị đặt mua ba cốc freeze
cho chị đặt mua ba cốc trà
cho chị đặt mua bốn cốc cà phê
cho chị đặt mua bốn cốc caffee
cho chị đặt mua bốn cốc freeze
cho chị đặt mua bốn cốc trà
cho chị đặt mua năm cốc cà phê
cho chị đặt mua năm cốc caffee
cho chị đặt mua năm cốc freeze
cho chị đặt mua năm cốc trà
cho chị đặt mua sáu cốc cà phê
cho chị đặt mua sáu cốc caffee
cho chị đặt mua sáu cốc freeze
cho chị đặt mua sáu cốc trà
cho chị đặt mua bảy cốc cà phê
cho chị đặt mua bảy cốc caffee
cho chị đặt mua bảy cốc freeze
cho chị đặt mua bảy cốc trà
cho chị đặt mua tám cốc cà phê
cho chị đặt mua tám cốc caffee
cho chị đặt mua tám cốc freeze
cho chị đặt mua tám cốc trà
cho chị đặt mua chín cốc cà phê
cho chị đặt mua chín cốc caffee
cho chị đặt mua chín cốc freeze
cho chị đặt mua chín cốc trà
cho chị đặt mua mười cốc cà phê
cho chị đặt mua mười cốc caffee
cho chị đặt mua mười cốc freeze
cho chị đặt mua mười cốc trà
cho chị order một cốc cà phê
cho chị order một cốc caffee
cho chị order một cốc freeze
cho chị order một cốc trà
cho chị order hai cốc cà phê
cho chị order hai cốc caffee
cho chị order hai cốc freeze
cho chị order hai cốc trà
cho chị order ba cốc cà phê
cho chị order ba cốc caffee
cho chị order ba cốc freeze
cho chị order ba cốc trà
cho chị order bốn cốc cà phê
cho chị order bốn cốc caffee
cho chị order bốn cốc freeze
cho chị order bốn cốc trà
cho chị order năm cốc cà phê
cho chị order năm cốc caffee
cho chị order năm cốc freeze
cho chị order năm cốc trà
cho chị order sáu cốc cà phê
cho chị order sáu cốc caffee
cho chị order sáu cốc freeze
cho chị order sáu cốc trà
cho chị order bảy cốc cà phê
cho chị order bảy cốc caffee
cho chị order bảy cốc freeze
cho chị order bảy cốc trà
cho chị order tám cốc cà phê
cho chị order tám cốc caffee
cho chị order tám cốc freeze
cho chị order tám cốc trà
cho chị order chín cốc cà phê
cho chị order chín cốc caffee
cho chị order chín cốc freeze
cho chị order chín cốc trà
cho chị order mười cốc cà phê
cho chị order mười cốc caffee
cho chị order mười cốc freeze
cho chị order mười cốc trà
cho em đặt một cốc cà phê
cho em đặt một cốc caffee
cho em đặt một cốc freeze
cho em đặt một cốc trà
cho em đặt hai cốc cà phê
cho em đặt hai cốc caffee
cho em đặt hai cốc freeze
cho em đặt hai cốc trà
cho em đặt ba cốc cà phê
cho em đặt ba cốc caffee
cho em đặt ba cốc freeze
cho em đặt ba cốc trà
cho em đặt bốn cốc cà phê
cho em đặt bốn cốc caffee
cho em đặt bốn cốc freeze
cho em đặt bốn cốc trà
cho em đặt năm cốc cà phê
cho em đặt năm cốc caffee
cho em đặt năm cốc freeze
cho em đặt năm cốc trà
cho em đặt sáu cốc cà phê
cho em đặt sáu cốc caffee
cho em đặt sáu cốc freeze
cho em đặt sáu cốc trà
cho em đặt bảy cốc cà phê
cho em đặt bảy cốc caffee
cho em đặt bảy cốc freeze
cho em đặt bảy cốc trà
cho em đặt tám cốc cà phê
cho em đặt tám cốc caffee
cho em đặt tám cốc freeze
cho em đặt tám cốc trà
cho em đặt chín cốc cà phê
cho em đặt chín cốc caffee
cho em đặt chín cốc freeze
cho em đặt chín cốc trà
cho em đặt mười cốc cà phê
cho em đặt mười cốc caffee
cho em đặt mười cốc freeze
cho em đặt mười cốc trà
cho em mua một cốc cà phê
cho em mua một cốc caffee
cho em mua một cốc freeze
cho em mua một cốc trà
cho em mua hai cốc cà phê
cho em mua hai cốc caffee
cho em mua hai cốc freeze
cho em mua hai cốc trà
cho em mua ba cốc cà phê
cho em mua ba cốc caffee
cho em mua ba cốc freeze
cho em mua ba cốc trà
cho em mua bốn cốc cà phê
cho em mua bốn cốc caffee
cho em mua bốn cốc freeze
cho em mua bốn cốc trà
cho em mua năm cốc cà phê
cho em mua năm cốc caffee
cho em mua năm cốc freeze
cho em mua năm cốc trà
cho em mua sáu cốc cà phê
cho em mua sáu cốc caffee
cho em mua sáu cốc freeze
cho em mua sáu cốc trà
cho em mua bảy cốc cà phê
cho em mua bảy cốc caffee
cho em mua bảy cốc freeze
cho em mua bảy cốc trà
cho em mua tám cốc cà phê
cho em mua tám cốc caffee
cho em mua tám cốc freeze
cho em mua tám cốc trà
cho em mua chín cốc cà phê
cho em mua chín cốc caffee
cho em mua chín cốc freeze
cho em mua chín cốc trà
cho em mua mười cốc cà phê
cho em mua mười cốc caffee
cho em mua mười cốc freeze
cho em mua mười cốc trà
cho em đặt mua một cốc cà phê
cho em đặt mua một cốc caffee
cho em đặt mua một cốc freeze
cho em đặt mua một cốc trà
cho em đặt mua hai cốc cà phê
cho em đặt mua hai cốc caffee
cho em đặt mua hai cốc freeze
cho em đặt mua hai cốc trà
cho em đặt mua ba cốc cà phê
cho em đặt mua ba cốc caffee
cho em đặt mua ba cốc freeze
cho em đặt mua ba cốc trà
cho em đặt mua bốn cốc cà phê
cho em đặt mua bốn cốc caffee
cho em đặt mua bốn cốc freeze
cho em đặt mua bốn cốc trà
cho em đặt mua năm cốc cà phê
cho em đặt mua năm cốc caffee
cho em đặt mua năm cốc freeze
cho em đặt mua năm cốc trà
cho em đặt mua sáu cốc cà phê
cho em đặt mua sáu cốc caffee
cho em đặt mua sáu cốc freeze
cho em đặt mua sáu cốc trà
cho em đặt mua bảy cốc cà phê
cho em đặt mua bảy cốc caffee
cho em đặt mua bảy cốc freeze
cho em đặt mua bảy cốc trà
cho em đặt mua tám cốc cà phê
cho em đặt mua tám cốc caffee
cho em đặt mua tám cốc freeze
cho em đặt mua tám cốc trà
cho em đặt mua chín cốc cà phê
cho em đặt mua chín cốc caffee
cho em đặt mua chín cốc freeze
cho em đặt mua chín cốc trà
cho em đặt mua mười cốc cà phê
cho em đặt mua mười cốc caffee
cho em đặt mua mười cốc freeze
cho em đặt mua mười cốc trà
cho em order một cốc cà phê
cho em order một cốc caffee
cho em order một cốc freeze
cho em order một cốc trà
cho em order hai cốc cà phê
cho em order hai cốc caffee
cho em order hai cốc freeze
cho em order hai cốc trà
cho em order ba cốc cà phê
cho em order ba cốc caffee
cho em order ba cốc freeze
cho em order ba cốc trà
cho em order bốn cốc cà phê
cho em order bốn cốc caffee
cho em order bốn cốc freeze
cho em order bốn cốc trà
cho em order năm cốc cà phê
cho em order năm cốc caffee
cho em order năm cốc freeze
cho em order năm cốc trà
cho em order sáu cốc cà phê
cho em order sáu cốc caffee
cho em order sáu cốc freeze
cho em order sáu cốc trà
cho em order bảy cốc cà phê
cho em order bảy cốc caffee
cho em order bảy cốc freeze
cho em order bảy cốc trà
cho em order tám cốc cà phê
cho em order tám cốc caffee
cho em order tám cốc freeze
cho em order tám cốc trà
cho em order chín cốc cà phê
cho em order chín cốc caffee
cho em order chín cốc freeze
cho em order chín cốc trà
cho em order mười cốc cà phê
cho em order mười cốc caffee
cho em order mười cốc freeze
cho em order mười cốc trà
cho mình đặt một cốc cà phê
cho mình đặt một cốc caffee
cho mình đặt một cốc freeze
cho mình đặt một cốc trà
cho mình đặt hai cốc cà phê
cho mình đặt hai cốc caffee
cho mình đặt hai cốc freeze
cho mình đặt hai cốc trà
cho mình đặt ba cốc cà phê
cho mình đặt ba cốc caffee
cho mình đặt ba cốc freeze
cho mình đặt ba cốc trà
cho mình đặt bốn cốc cà phê
cho mình đặt bốn cốc caffee
cho mình đặt bốn cốc freeze
cho mình đặt bốn cốc trà
cho mình đặt năm cốc cà phê
cho mình đặt năm cốc caffee
cho mình đặt năm cốc freeze
cho mình đặt năm cốc trà
cho mình đặt sáu cốc cà phê
cho mình đặt sáu cốc caffee
cho mình đặt sáu cốc freeze
cho mình đặt sáu cốc trà
cho mình đặt bảy cốc cà phê
cho mình đặt bảy cốc caffee
cho mình đặt bảy cốc freeze
cho mình đặt bảy cốc trà
cho mình đặt tám cốc cà phê
cho mình đặt tám cốc caffee
cho mình đặt tám cốc freeze
cho mình đặt tám cốc trà
cho mình đặt chín cốc cà phê
cho mình đặt chín cốc caffee
cho mình đặt chín cốc freeze
cho mình đặt chín cốc trà
cho mình đặt mười cốc cà phê
cho mình đặt mười cốc caffee
cho mình đặt mười cốc freeze
cho mình đặt mười cốc trà
cho mình mua một cốc cà phê
cho mình mua một cốc caffee
cho mình mua một cốc freeze
cho mình mua một cốc trà
cho mình mua hai cốc cà phê
cho mình mua hai cốc caffee
cho mình mua hai cốc freeze
cho mình mua hai cốc trà
cho mình mua ba cốc cà phê
cho mình mua ba cốc caffee
cho mình mua ba cốc freeze
cho mình mua ba cốc trà
cho mình mua bốn cốc cà phê
cho mình mua bốn cốc caffee
cho mình mua bốn cốc freeze
cho mình mua bốn cốc trà
cho mình mua năm cốc cà phê
cho mình mua năm cốc caffee
cho mình mua năm cốc freeze
cho mình mua năm cốc trà
cho mình mua sáu cốc cà phê
cho mình mua sáu cốc caffee
cho mình mua sáu cốc freeze
cho mình mua sáu cốc trà
cho mình mua bảy cốc cà phê
cho mình mua bảy cốc caffee
cho mình mua bảy cốc freeze
cho mình mua bảy cốc trà
cho mình mua tám cốc cà phê
cho mình mua tám cốc caffee
cho mình mua tám cốc freeze
cho mình mua tám cốc trà
cho mình mua chín cốc cà phê
cho mình mua chín cốc caffee
cho mình mua chín cốc freeze
cho mình mua chín cốc trà
cho mình mua mười cốc cà phê
cho mình mua mười cốc caffee
cho mình mua mười cốc freeze
cho mình mua mười cốc trà
cho mình đặt mua một cốc cà phê
cho mình đặt mua một cốc caffee
cho mình đặt mua một cốc freeze
cho mình đặt mua một cốc trà
cho mình đặt mua hai cốc cà phê
cho mình đặt mua hai cốc caffee
cho mình đặt mua hai cốc freeze
cho mình đặt mua hai cốc trà
cho mình đặt mua ba cốc cà phê
cho mình đặt mua ba cốc caffee
cho mình đặt mua ba cốc freeze
cho mình đặt mua ba cốc trà
cho mình đặt mua bốn cốc cà phê
cho mình đặt mua bốn cốc caffee
cho mình đặt mua bốn cốc freeze
cho mình đặt mua bốn cốc trà
cho mình đặt mua năm cốc cà phê
cho mình đặt mua năm cốc caffee
cho mình đặt mua năm cốc freeze
cho mình đặt mua năm cốc trà
cho mình đặt mua sáu cốc cà phê
cho mình đặt mua sáu cốc caffee
cho mình đặt mua sáu cốc freeze
cho mình đặt mua sáu cốc trà
cho mình đặt mua bảy cốc cà phê
cho mình đặt mua bảy cốc caffee
cho mình đặt mua bảy cốc freeze
cho mình đặt mua bảy cốc trà
cho mình đặt mua tám cốc cà phê
cho mình đặt mua tám cốc caffee
cho mình đặt mua tám cốc freeze
cho mình đặt mua tám cốc trà
cho mình đặt mua chín cốc cà phê
cho mình đặt mua chín cốc caffee
cho mình đặt mua chín cốc freeze
cho mình đặt mua chín cốc trà
cho mình đặt mua mười cốc cà phê
cho mình đặt mua mười cốc caffee
cho mình đặt mua mười cốc freeze
cho mình đặt mua mười cốc trà
cho mình order một cốc cà phê
cho mình order một cốc caffee
cho mình order một cốc freeze
cho mình order một cốc trà
cho mình order hai cốc cà phê
cho mình order hai cốc caffee
cho mình order hai cốc freeze
cho mình order hai cốc trà
cho mình order ba cốc cà phê
cho mình order ba cốc caffee
cho mình order ba cốc freeze
cho mình order ba cốc trà
cho mình order bốn cốc cà phê
cho mình order bốn cốc caffee
cho mình order bốn cốc freeze
cho mình order bốn cốc trà
cho mình order năm cốc cà phê
cho mình order năm cốc caffee
cho mình order năm cốc freeze
cho mình order năm cốc trà
cho mình order sáu cốc cà phê
cho mình order sáu cốc caffee
cho mình order sáu cốc freeze
cho mình order sáu cốc trà
cho mình order bảy cốc cà phê
cho mình order bảy cốc caffee
cho mình order bảy cốc freeze
cho mình order bảy cốc trà
cho mình order tám cốc cà phê
cho mình order tám cốc caffee
cho mình order tám cốc freeze
cho mình order tám cốc trà
cho mình order chín cốc cà phê
cho mình order chín cốc caffee
cho mình order chín cốc freeze
cho mình order chín cốc trà
cho mình order mười cốc cà phê
cho mình order mười cốc caffee
cho mình order mười cốc freeze
cho mình order mười cốc trà
cho tớ đặt một cốc cà phê
cho tớ đặt một cốc caffee
cho tớ đặt một cốc freeze
cho tớ đặt một cốc trà
cho tớ đặt hai cốc cà phê
cho tớ đặt hai cốc caffee
cho tớ đặt hai cốc freeze
cho tớ đặt hai cốc trà
cho tớ đặt ba cốc cà phê
cho tớ đặt ba cốc caffee
cho tớ đặt ba cốc freeze
cho tớ đặt ba cốc trà
cho tớ đặt bốn cốc cà phê
cho tớ đặt bốn cốc caffee
cho tớ đặt bốn cốc freeze
cho tớ đặt bốn cốc trà
cho tớ đặt năm cốc cà phê
cho tớ đặt năm cốc caffee
cho tớ đặt năm cốc freeze
cho tớ đặt năm cốc trà
cho tớ đặt sáu cốc cà phê
cho tớ đặt sáu cốc caffee
cho tớ đặt sáu cốc freeze
cho tớ đặt sáu cốc trà
cho tớ đặt bảy cốc cà phê
cho tớ đặt bảy cốc caffee
cho tớ đặt bảy cốc freeze
cho tớ đặt bảy cốc trà
cho tớ đặt tám cốc cà phê
cho tớ đặt tám cốc caffee
cho tớ đặt tám cốc freeze
cho tớ đặt tám cốc trà
cho tớ đặt chín cốc cà phê
cho tớ đặt chín cốc caffee
cho tớ đặt chín cốc freeze
cho tớ đặt chín cốc trà
cho tớ đặt mười cốc cà phê
cho tớ đặt mười cốc caffee
cho tớ đặt mười cốc freeze
cho tớ đặt mười cốc trà
cho tớ mua một cốc cà phê
cho tớ mua một cốc caffee
cho tớ mua một cốc freeze
cho tớ mua một cốc trà
cho tớ mua hai cốc cà phê
cho tớ mua hai cốc caffee
cho tớ mua hai cốc freeze
cho tớ mua hai cốc trà
cho tớ mua ba cốc cà phê
cho tớ mua ba cốc caffee
cho tớ mua ba cốc freeze
cho tớ mua ba cốc trà
cho tớ mua bốn cốc cà phê
cho tớ mua bốn cốc caffee
cho tớ mua bốn cốc freeze
cho tớ mua bốn cốc trà
cho tớ mua năm cốc cà phê
cho tớ mua năm cốc caffee
cho tớ mua năm cốc freeze
cho tớ mua năm cốc trà
cho tớ mua sáu cốc cà phê
cho tớ mua sáu cốc caffee
cho tớ mua sáu cốc freeze
cho tớ mua sáu cốc trà
cho tớ mua bảy cốc cà phê
cho tớ mua bảy cốc caffee
cho tớ mua bảy cốc freeze
cho tớ mua bảy cốc trà
cho tớ mua tám cốc cà phê
cho tớ mua tám cốc caffee
cho tớ mua tám cốc freeze
cho tớ mua tám cốc trà
cho tớ mua chín cốc cà phê
cho tớ mua chín cốc caffee
cho tớ mua chín cốc freeze
cho tớ mua chín cốc trà
cho tớ mua mười cốc cà phê
cho tớ mua mười cốc caffee
cho tớ mua mười cốc freeze
cho tớ mua mười cốc trà
cho tớ đặt mua một cốc cà phê
cho tớ đặt mua một cốc caffee
cho tớ đặt mua một cốc freeze
cho tớ đặt mua một cốc trà
cho tớ đặt mua hai cốc cà phê
cho tớ đặt mua hai cốc caffee
cho tớ đặt mua hai cốc freeze
cho tớ đặt mua hai cốc trà
cho tớ đặt mua ba cốc cà phê
cho tớ đặt mua ba cốc caffee
cho tớ đặt mua ba cốc freeze
cho tớ đặt mua ba cốc trà
cho tớ đặt mua bốn cốc cà phê
cho tớ đặt mua bốn cốc caffee
cho tớ đặt mua bốn cốc freeze
cho tớ đặt mua bốn cốc trà
cho tớ đặt mua năm cốc cà phê
cho tớ đặt mua năm cốc caffee
cho tớ đặt mua năm cốc freeze
cho tớ đặt mua năm cốc trà
cho tớ đặt mua sáu cốc cà phê
cho tớ đặt mua sáu cốc caffee
cho tớ đặt mua sáu cốc freeze
cho tớ đặt mua sáu cốc trà
cho tớ đặt mua bảy cốc cà phê
cho tớ đặt mua bảy cốc caffee
cho tớ đặt mua bảy cốc freeze
cho tớ đặt mua bảy cốc trà
cho tớ đặt mua tám cốc cà phê
cho tớ đặt mua tám cốc caffee
cho tớ đặt mua tám cốc freeze
cho tớ đặt mua tám cốc trà
cho tớ đặt mua chín cốc cà phê
cho tớ đặt mua chín cốc caffee
cho tớ đặt mua chín cốc freeze
cho tớ đặt mua chín cốc trà
cho tớ đặt mua mười cốc cà phê
cho tớ đặt mua mười cốc caffee
cho tớ đặt mua mười cốc freeze
cho tớ đặt mua mười cốc trà
cho tớ order một cốc cà phê
cho tớ order một cốc caffee
cho tớ order một cốc freeze
cho tớ order một cốc trà
cho tớ order hai cốc cà phê
cho tớ order hai cốc caffee
cho tớ order hai cốc freeze
cho tớ order hai cốc trà
cho tớ order ba cốc cà phê
cho tớ order ba cốc caffee
cho tớ order ba cốc freeze
cho tớ order ba cốc trà
cho tớ order bốn cốc cà phê
cho tớ order bốn cốc caffee
cho tớ order bốn cốc freeze
cho tớ order bốn cốc trà
cho tớ order năm cốc cà phê
cho tớ order năm cốc caffee
cho tớ order năm cốc freeze
cho tớ order năm cốc trà
cho tớ order sáu cốc cà phê
cho tớ order sáu cốc caffee
cho tớ order sáu cốc freeze
cho tớ order sáu cốc trà
cho tớ order bảy cốc cà phê
cho tớ order bảy cốc caffee
cho tớ order bảy cốc freeze
cho tớ order bảy cốc trà
cho tớ order tám cốc cà phê
cho tớ order tám cốc caffee
cho tớ order tám cốc freeze
cho tớ order tám cốc trà
cho tớ order chín cốc cà phê
cho tớ order chín cốc caffee
cho tớ order chín cốc freeze
cho tớ order chín cốc trà
cho tớ order mười cốc cà phê
cho tớ order mười cốc caffee
cho tớ order mười cốc freeze
cho tớ order mười cốc trà
cho chú đặt một cốc cà phê
cho chú đặt một cốc caffee
cho chú đặt một cốc freeze
cho chú đặt một cốc trà
cho chú đặt hai cốc cà phê
cho chú đặt hai cốc caffee
cho chú đặt hai cốc freeze
cho chú đặt hai cốc trà
cho chú đặt ba cốc cà phê
cho chú đặt ba cốc caffee
cho chú đặt ba cốc freeze
cho chú đặt ba cốc trà
cho chú đặt bốn cốc cà phê
cho chú đặt bốn cốc caffee
cho chú đặt bốn cốc freeze
cho chú đặt bốn cốc trà
cho chú đặt năm cốc cà phê
cho chú đặt năm cốc caffee
cho chú đặt năm cốc freeze
cho chú đặt năm cốc trà
cho chú đặt sáu cốc cà phê
cho chú đặt sáu cốc caffee
cho chú đặt sáu cốc freeze
cho chú đặt sáu cốc trà
cho chú đặt bảy cốc cà phê
cho chú đặt bảy cốc caffee
cho chú đặt bảy cốc freeze
cho chú đặt bảy cốc trà
cho chú đặt tám cốc cà phê
cho chú đặt tám cốc caffee
cho chú đặt tám cốc freeze
cho chú đặt tám cốc trà
cho chú đặt chín cốc cà phê
cho chú đặt chín cốc caffee
cho chú đặt chín cốc freeze
cho chú đặt chín cốc trà
cho chú đặt mười cốc cà phê
cho chú đặt mười cốc caffee
cho chú đặt mười cốc freeze
cho chú đặt mười cốc trà
cho chú mua một cốc cà phê
cho chú mua một cốc caffee
cho chú mua một cốc freeze
cho chú mua một cốc trà
cho chú mua hai cốc cà phê
cho chú mua hai cốc caffee
cho chú mua hai cốc freeze
cho chú mua hai cốc trà
cho chú mua ba cốc cà phê
cho chú mua ba cốc caffee
cho chú mua ba cốc freeze
cho chú mua ba cốc trà
cho chú mua bốn cốc cà phê
cho chú mua bốn cốc caffee
cho chú mua bốn cốc freeze
cho chú mua bốn cốc trà
cho chú mua năm cốc cà phê
cho chú mua năm cốc caffee
cho chú mua năm cốc freeze
cho chú mua năm cốc trà
cho chú mua sáu cốc cà phê
cho chú mua sáu cốc caffee
cho chú mua sáu cốc freeze
cho chú mua sáu cốc trà
cho chú mua bảy cốc cà phê
cho chú mua bảy cốc caffee
cho chú mua bảy cốc freeze
cho chú mua bảy cốc trà
cho chú mua tám cốc cà phê
cho chú mua tám cốc caffee
cho chú mua tám cốc freeze
cho chú mua tám cốc trà
cho chú mua chín cốc cà phê
cho chú mua chín cốc caffee
cho chú mua chín cốc freeze
cho chú mua chín cốc trà
cho chú mua mười cốc cà phê
cho chú mua mười cốc caffee
cho chú mua mười cốc freeze
cho chú mua mười cốc trà
cho chú đặt mua một cốc cà phê
cho chú đặt mua một cốc caffee
cho chú đặt mua một cốc freeze
cho chú đặt mua một cốc trà
cho chú đặt mua hai cốc cà phê
cho chú đặt mua hai cốc caffee
cho chú đặt mua hai cốc freeze
cho chú đặt mua hai cốc trà
cho chú đặt mua ba cốc cà phê
cho chú đặt mua ba cốc caffee
cho chú đặt mua ba cốc freeze
cho chú đặt mua ba cốc trà
cho chú đặt mua bốn cốc cà phê
cho chú đặt mua bốn cốc caffee
cho chú đặt mua bốn cốc freeze
cho chú đặt mua bốn cốc trà
cho chú đặt mua năm cốc cà phê
cho chú đặt mua năm cốc caffee
cho chú đặt mua năm cốc freeze
cho chú đặt mua năm cốc trà
cho chú đặt mua sáu cốc cà phê
cho chú đặt mua sáu cốc caffee
cho chú đặt mua sáu cốc freeze
cho chú đặt mua sáu cốc trà
cho chú đặt mua bảy cốc cà phê
cho chú đặt mua bảy cốc caffee
cho chú đặt mua bảy cốc freeze
cho chú đặt mua bảy cốc trà
cho chú đặt mua tám cốc cà phê
cho chú đặt mua tám cốc caffee
cho chú đặt mua tám cốc freeze
cho chú đặt mua tám cốc trà
cho chú đặt mua chín cốc cà phê
cho chú đặt mua chín cốc caffee
cho chú đặt mua chín cốc freeze
cho chú đặt mua chín cốc trà
cho chú đặt mua mười cốc cà phê
cho chú đặt mua mười cốc caffee
cho chú đặt mua mười cốc freeze
cho chú đặt mua mười cốc trà
cho chú order một cốc cà phê
cho chú order một cốc caffee
cho chú order một cốc freeze
cho chú order một cốc trà
cho chú order hai cốc cà phê
cho chú order hai cốc caffee
cho chú order hai cốc freeze
cho chú order hai cốc trà
cho chú order ba cốc cà phê
cho chú order ba cốc caffee
cho chú order ba cốc freeze
cho chú order ba cốc trà
cho chú order bốn cốc cà phê
cho chú order bốn cốc caffee
cho chú order bốn cốc freeze
cho chú order bốn cốc trà
cho chú order năm cốc cà phê
cho chú order năm cốc caffee
cho chú order năm cốc freeze
cho chú order năm cốc trà
cho chú order sáu cốc cà phê
cho chú order sáu cốc caffee
cho chú order sáu cốc freeze
cho chú order sáu cốc trà
cho chú order bảy cốc cà phê
cho chú order bảy cốc caffee
cho chú order bảy cốc freeze
cho chú order bảy cốc trà
cho chú order tám cốc cà phê
cho chú order tám cốc caffee
cho chú order tám cốc freeze
cho chú order tám cốc trà
cho chú order chín cốc cà phê
cho chú order chín cốc caffee
cho chú order chín cốc freeze
cho chú order chín cốc trà
cho chú order mười cốc cà phê
cho chú order mười cốc caffee
cho chú order mười cốc freeze
cho chú order mười cốc trà
cho cô đặt một cốc cà phê
cho cô đặt một cốc caffee
cho cô đặt một cốc freeze
cho cô đặt một cốc trà
cho cô đặt hai cốc cà phê
cho cô đặt hai cốc caffee
cho cô đặt hai cốc freeze
cho cô đặt hai cốc trà
cho cô đặt ba cốc cà phê
cho cô đặt ba cốc caffee
cho cô đặt ba cốc freeze
cho cô đặt ba cốc trà
cho cô đặt bốn cốc cà phê
cho cô đặt bốn cốc caffee
cho cô đặt bốn cốc freeze
cho cô đặt bốn cốc trà
cho cô đặt năm cốc cà phê
cho cô đặt năm cốc caffee
cho cô đặt năm cốc freeze
cho cô đặt năm cốc trà
cho cô đặt sáu cốc cà phê
cho cô đặt sáu cốc caffee
cho cô đặt sáu cốc freeze
cho cô đặt sáu cốc trà
cho cô đặt bảy cốc cà phê
cho cô đặt bảy cốc caffee
cho cô đặt bảy cốc freeze
cho cô đặt bảy cốc trà
cho cô đặt tám cốc cà phê
cho cô đặt tám cốc caffee
cho cô đặt tám cốc freeze
cho cô đặt tám cốc trà
cho cô đặt chín cốc cà phê
cho cô đặt chín cốc caffee
cho cô đặt chín cốc freeze
cho cô đặt chín cốc trà
cho cô đặt mười cốc cà phê
cho cô đặt mười cốc caffee
cho cô đặt mười cốc freeze
cho cô đặt mười cốc trà
cho cô mua một cốc cà phê
cho cô mua một cốc caffee
cho cô mua một cốc freeze
cho cô mua một cốc trà
cho cô mua hai cốc cà phê
cho cô mua hai cốc caffee
cho cô mua hai cốc freeze
cho cô mua hai cốc trà
cho cô mua ba cốc cà phê
cho cô mua ba cốc caffee
cho cô mua ba cốc freeze
cho cô mua ba cốc trà
cho cô mua bốn cốc cà phê
cho cô mua bốn cốc caffee
cho cô mua bốn cốc freeze
cho cô mua bốn cốc trà
cho cô mua năm cốc cà phê
cho cô mua năm cốc caffee
cho cô mua năm cốc freeze
cho cô mua năm cốc trà
cho cô mua sáu cốc cà phê
cho cô mua sáu cốc caffee
cho cô mua sáu cốc freeze
cho cô mua sáu cốc trà
cho cô mua bảy cốc cà phê
cho cô mua bảy cốc caffee
cho cô mua bảy cốc freeze
cho cô mua bảy cốc trà
cho cô mua tám cốc cà phê
cho cô mua tám cốc caffee
cho cô mua tám cốc freeze
cho cô mua tám cốc trà
cho cô mua chín cốc cà phê
cho cô mua chín cốc caffee
cho cô mua chín cốc freeze
cho cô mua chín cốc trà
cho cô mua mười cốc cà phê
cho cô mua mười cốc caffee
cho cô mua mười cốc freeze
cho cô mua mười cốc trà
cho cô đặt mua một cốc cà phê
cho cô đặt mua một cốc caffee
cho cô đặt mua một cốc freeze
cho cô đặt mua một cốc trà
cho cô đặt mua hai cốc cà phê
cho cô đặt mua hai cốc caffee
cho cô đặt mua hai cốc freeze
cho cô đặt mua hai cốc trà
cho cô đặt mua ba cốc cà phê
cho cô đặt mua ba cốc caffee
cho cô đặt mua ba cốc freeze
cho cô đặt mua ba cốc trà
cho cô đặt mua bốn cốc cà phê
cho cô đặt mua bốn cốc caffee
cho cô đặt mua bốn cốc freeze
cho cô đặt mua bốn cốc trà
cho cô đặt mua năm cốc cà phê
cho cô đặt mua năm cốc caffee
cho cô đặt mua năm cốc freeze
cho cô đặt mua năm cốc trà
cho cô đặt mua sáu cốc cà phê
cho cô đặt mua sáu cốc caffee
cho cô đặt mua sáu cốc freeze
cho cô đặt mua sáu cốc trà
cho cô đặt mua bảy cốc cà phê
cho cô đặt mua bảy cốc caffee
cho cô đặt mua bảy cốc freeze
cho cô đặt mua bảy cốc trà
cho cô đặt mua tám cốc cà phê
cho cô đặt mua tám cốc caffee
cho cô đặt mua tám cốc freeze
cho cô đặt mua tám cốc trà
cho cô đặt mua chín cốc cà phê
cho cô đặt mua chín cốc caffee
cho cô đặt mua chín cốc freeze
cho cô đặt mua chín cốc trà
cho cô đặt mua mười cốc cà phê
cho cô đặt mua mười cốc caffee
cho cô đặt mua mười cốc freeze
cho cô đặt mua mười cốc trà
cho cô order một cốc cà phê
cho cô order một cốc caffee
cho cô order một cốc freeze
cho cô order một cốc trà
cho cô order hai cốc cà phê
cho cô order hai cốc caffee
cho cô order hai cốc freeze
cho cô order hai cốc trà
cho cô order ba cốc cà phê
cho cô order ba cốc caffee
cho cô order ba cốc freeze
cho cô order ba cốc trà
cho cô order bốn cốc cà phê
cho cô order bốn cốc caffee
cho cô order bốn cốc freeze
cho cô order bốn cốc trà
cho cô order năm cốc cà phê
cho cô order năm cốc caffee
cho cô order năm cốc freeze
cho cô order năm cốc trà
cho cô order sáu cốc cà phê
cho cô order sáu cốc caffee
cho cô order sáu cốc freeze
cho cô order sáu cốc trà
cho cô order bảy cốc cà phê
cho cô order bảy cốc caffee
cho cô order bảy cốc freeze
cho cô order bảy cốc trà
cho cô order tám cốc cà phê
cho cô order tám cốc caffee
cho cô order tám cốc freeze
cho cô order tám cốc trà
cho cô order chín cốc cà phê
cho cô order chín cốc caffee
cho cô order chín cốc freeze
cho cô order chín cốc trà
cho cô order mười cốc cà phê
cho cô order mười cốc caffee
cho cô order mười cốc freeze
cho cô order mười cốc trà
cho bác đặt một cốc cà phê
cho bác đặt một cốc caffee
cho bác đặt một cốc freeze
cho bác đặt một cốc trà
cho bác đặt hai cốc cà phê
cho bác đặt hai cốc caffee
cho bác đặt hai cốc freeze
cho bác đặt hai cốc trà
cho bác đặt ba cốc cà phê
cho bác đặt ba cốc caffee
cho bác đặt ba cốc freeze
cho bác đặt ba cốc trà
cho bác đặt bốn cốc cà phê
cho bác đặt bốn cốc caffee
cho bác đặt bốn cốc freeze
cho bác đặt bốn cốc trà
cho bác đặt năm cốc cà phê
cho bác đặt năm cốc caffee
cho bác đặt năm cốc freeze
cho bác đặt năm cốc trà
cho bác đặt sáu cốc cà phê
cho bác đặt sáu cốc caffee
cho bác đặt sáu cốc freeze
cho bác đặt sáu cốc trà
cho bác đặt bảy cốc cà phê
cho bác đặt bảy cốc caffee
cho bác đặt bảy cốc freeze
cho bác đặt bảy cốc trà
cho bác đặt tám cốc cà phê
cho bác đặt tám cốc caffee
cho bác đặt tám cốc freeze
cho bác đặt tám cốc trà
cho bác đặt chín cốc cà phê
cho bác đặt chín cốc caffee
cho bác đặt chín cốc freeze
cho bác đặt chín cốc trà
cho bác đặt mười cốc cà phê
cho bác đặt mười cốc caffee
cho bác đặt mười cốc freeze
cho bác đặt mười cốc trà
cho bác mua một cốc cà phê
cho bác mua một cốc caffee
cho bác mua một cốc freeze
cho bác mua một cốc trà
cho bác mua hai cốc cà phê
cho bác mua hai cốc caffee
cho bác mua hai cốc freeze
cho bác mua hai cốc trà
cho bác mua ba cốc cà phê
cho bác mua ba cốc caffee
cho bác mua ba cốc freeze
cho bác mua ba cốc trà
cho bác mua bốn cốc cà phê
cho bác mua bốn cốc caffee
cho bác mua bốn cốc freeze
cho bác mua bốn cốc trà
cho bác mua năm cốc cà phê
cho bác mua năm cốc caffee
cho bác mua năm cốc freeze
cho bác mua năm cốc trà
cho bác mua sáu cốc cà phê
cho bác mua sáu cốc caffee
cho bác mua sáu cốc freeze
cho bác mua sáu cốc trà
cho bác mua bảy cốc cà phê
cho bác mua bảy cốc caffee
cho bác mua bảy cốc freeze
cho bác mua bảy cốc trà
cho bác mua tám cốc cà phê
cho bác mua tám cốc caffee
cho bác mua tám cốc freeze
cho bác mua tám cốc trà
cho bác mua chín cốc cà phê
cho bác mua chín cốc caffee
cho bác mua chín cốc freeze
cho bác mua chín cốc trà
cho bác mua mười cốc cà phê
cho bác mua mười cốc caffee
cho bác mua mười cốc freeze
cho bác mua mười cốc trà
cho bác đặt mua một cốc cà phê
cho bác đặt mua một cốc caffee
cho bác đặt mua một cốc freeze
cho bác đặt mua một cốc trà
cho bác đặt mua hai cốc cà phê
cho bác đặt mua hai cốc caffee
cho bác đặt mua hai cốc freeze
cho bác đặt mua hai cốc trà
cho bác đặt mua ba cốc cà phê
cho bác đặt mua ba cốc caffee
cho bác đặt mua ba cốc freeze
cho bác đặt mua ba cốc trà
cho bác đặt mua bốn cốc cà phê
cho bác đặt mua bốn cốc caffee
cho bác đặt mua bốn cốc freeze
cho bác đặt mua bốn cốc trà
cho bác đặt mua năm cốc cà phê
cho bác đặt mua năm cốc caffee
cho bác đặt mua năm cốc freeze
cho bác đặt mua năm cốc trà
cho bác đặt mua sáu cốc cà phê
cho bác đặt mua sáu cốc caffee
cho bác đặt mua sáu cốc freeze
cho bác đặt mua sáu cốc trà
cho bác đặt mua bảy cốc cà phê
cho bác đặt mua bảy cốc caffee
cho bác đặt mua bảy cốc freeze
cho bác đặt mua bảy cốc trà
cho bác đặt mua tám cốc cà phê
cho bác đặt mua tám cốc caffee
cho bác đặt mua tám cốc freeze
cho bác đặt mua tám cốc trà
cho bác đặt mua chín cốc cà phê
cho bác đặt mua chín cốc caffee
cho bác đặt mua chín cốc freeze
cho bác đặt mua chín cốc trà
cho bác đặt mua mười cốc cà phê
cho bác đặt mua mười cốc caffee
cho bác đặt mua mười cốc freeze
cho bác đặt mua mười cốc trà
cho bác order một cốc cà phê
cho bác order một cốc caffee
cho bác order một cốc freeze
cho bác order một cốc trà
cho bác order hai cốc cà phê
cho bác order hai cốc caffee
cho bác order hai cốc freeze
cho bác order hai cốc trà
cho bác order ba cốc cà phê
cho bác order ba cốc caffee
cho bác order ba cốc freeze
cho bác order ba cốc trà
cho bác order bốn cốc cà phê
cho bác order bốn cốc caffee
cho bác order bốn cốc freeze
cho bác order bốn cốc trà
cho bác order năm cốc cà phê
cho bác order năm cốc caffee
cho bác order năm cốc freeze
cho bác order năm cốc trà
cho bác order sáu cốc cà phê
cho bác order sáu cốc caffee
cho bác order sáu cốc freeze
cho bác order sáu cốc trà
cho bác order bảy cốc cà phê
cho bác order bảy cốc caffee
cho bác order bảy cốc freeze
cho bác order bảy cốc trà
cho bác order tám cốc cà phê
cho bác order tám cốc caffee
cho bác order tám cốc freeze
cho bác order tám cốc trà
cho bác order chín cốc cà phê
cho bác order chín cốc caffee
cho bác order chín cốc freeze
cho bác order chín cốc trà
cho bác order mười cốc cà phê
cho bác order mười cốc caffee
cho bác order mười cốc freeze
cho bác order mười cốc trà
