anh có những loại cà phê nào
anh có những loại cà phê gì
anh có những loại caffee nào
anh có những loại caffee gì
anh có những loại freeze nào
anh có những loại freeze gì
anh có những loại trà nào
anh có những loại trà gì
chị có những loại cà phê nào
chị có những loại cà phê gì
chị có những loại caffee nào
chị có những loại caffee gì
chị có những loại freeze nào
chị có những loại freeze gì
chị có những loại trà nào
chị có những loại trà gì
bên mình có những loại cà phê nào
bên mình có những loại cà phê gì
bên mình có những loại caffee nào
bên mình có những loại caffee gì
bên mình có những loại freeze nào
bên mình có những loại freeze gì
bên mình có những loại trà nào
bên mình có những loại trà gì
mình có những loại cà phê nào
mình có những loại cà phê gì
mình có những loại caffee nào
mình có những loại caffee gì
mình có những loại freeze nào
mình có những loại freeze gì
mình có những loại trà nào
mình có những loại trà gì
cửa hàng có những loại cà phê nào
cửa hàng có những loại cà phê gì
cửa hàng có những loại caffee nào
cửa hàng có những loại caffee gì
cửa hàng có những loại freeze nào
cửa hàng có những loại freeze gì
cửa hàng có những loại trà nào
cửa hàng có những loại trà gì
shop có những loại cà phê nào
shop có những loại cà phê gì
shop có những loại caffee nào
shop có những loại caffee gì
shop có những loại freeze nào
shop có những loại freeze gì
shop có những loại trà nào
shop có những loại trà gì
anh có những loại cà phê nào vậy
anh có những loại cà phê gì vậy
anh có những loại caffee nào vậy
anh có những loại caffee gì vậy
anh có những loại freeze nào vậy
anh có những loại freeze gì vậy
anh có những loại trà nào vậy
anh có những loại trà gì vậy
chị có những loại cà phê nào vậy
chị có những loại cà phê gì vậy
chị có những loại caffee nào vậy
chị có những loại caffee gì vậy
chị có những loại freeze nào vậy
chị có những loại freeze gì vậy
chị có những loại trà nào vậy
chị có những loại trà gì vậy
bên mình có những loại cà phê nào vậy
bên mình có những loại cà phê gì vậy
bên mình có những loại caffee nào vậy
bên mình có những loại caffee gì vậy
bên mình có những loại freeze nào vậy
bên mình có những loại freeze gì vậy
bên mình có những loại trà nào vậy
bên mình có những loại trà gì vậy
mình có những loại cà phê nào vậy
mình có những loại cà phê gì vậy
mình có những loại caffee nào vậy
mình có những loại caffee gì vậy
mình có những loại freeze nào vậy
mình có những loại freeze gì vậy
mình có những loại trà nào vậy
mình có những loại trà gì vậy
cửa hàng có những loại cà phê nào vậy
cửa hàng có những loại cà phê gì vậy
cửa hàng có những loại caffee nào vậy
cửa hàng có những loại caffee gì vậy
cửa hàng có những loại freeze nào vậy
cửa hàng có những loại freeze gì vậy
cửa hàng có những loại trà nào vậy
cửa hàng có những loại trà gì vậy
shop có những loại cà phê nào vậy
shop có những loại cà phê gì vậy
shop có những loại caffee nào vậy
shop có những loại caffee gì vậy
shop có những loại freeze nào vậy
shop có những loại freeze gì vậy
shop có những loại trà nào vậy
shop có những loại trà gì vậy
