cho tôi đặt cà phê
cho tôi đặt caffee
cho tôi đặt freeze
cho tôi đặt trà
cho tôi mua cà phê
cho tôi mua caffee
cho tôi mua freeze
cho tôi mua trà
cho tôi đặt mua cà phê
cho tôi đặt mua caffee
cho tôi đặt mua freeze
cho tôi đặt mua trà
cho tôi order cà phê
cho tôi order caffee
cho tôi order freeze
cho tôi order trà
cho anh đặt cà phê
cho anh đặt caffee
cho anh đặt freeze
cho anh đặt trà
cho anh mua cà phê
cho anh mua caffee
cho anh mua freeze
cho anh mua trà
cho anh đặt mua cà phê
cho anh đặt mua caffee
cho anh đặt mua freeze
cho anh đặt mua trà
cho anh order cà phê
cho anh order caffee
cho anh order freeze
cho anh order trà
cho chị đặt cà phê
cho chị đặt caffee
cho chị đặt freeze
cho chị đặt trà
cho chị mua cà phê
cho chị mua caffee
cho chị mua freeze
cho chị mua trà
cho chị đặt mua cà phê
cho chị đặt mua caffee
cho chị đặt mua freeze
cho chị đặt mua trà
cho chị order cà phê
cho chị order caffee
cho chị order freeze
cho chị order trà
cho em đặt cà phê
cho em đặt caffee
cho em đặt freeze
cho em đặt trà
cho em mua cà phê
cho em mua caffee
cho em mua freeze
cho em mua trà
cho em đặt mua cà phê
cho em đặt mua caffee
cho em đặt mua freeze
cho em đặt mua trà
cho em order cà phê
cho em order caffee
cho em order freeze
cho em order trà
cho mình đặt cà phê
cho mình đặt caffee
cho mình đặt freeze
cho mình đặt trà
cho mình mua cà phê
cho mình mua caffee
cho mình mua freeze
cho mình mua trà
cho mình đặt mua cà phê
cho mình đặt mua caffee
cho mình đặt mua freeze
cho mình đặt mua trà
cho mình order cà phê
cho mình order caffee
cho mình order freeze
cho mình order trà
cho tớ đặt cà phê
cho tớ đặt caffee
cho tớ đặt freeze
cho tớ đặt trà
cho tớ mua cà phê
cho tớ mua caffee
cho tớ mua freeze
cho tớ mua trà
cho tớ đặt mua cà phê
cho tớ đặt mua caffee
cho tớ đặt mua freeze
cho tớ đặt mua trà
cho tớ order cà phê
cho tớ order caffee
cho tớ order freeze
cho tớ order trà
cho chú đặt cà phê
cho chú đặt caffee
cho chú đặt freeze
cho chú đặt trà
cho chú mua cà phê
cho chú mua caffee
cho chú mua freeze
cho chú mua trà
cho chú đặt mua cà phê
cho chú đặt mua caffee
cho chú đặt mua freeze
cho chú đặt mua trà
cho chú order cà phê
cho chú order caffee
cho chú order freeze
cho chú order trà
cho cô đặt cà phê
cho cô đặt caffee
cho cô đặt freeze
cho cô đặt trà
cho cô mua cà phê
cho cô mua caffee
cho cô mua freeze
cho cô mua trà
cho cô đặt mua cà phê
cho cô đặt mua caffee
cho cô đặt mua freeze
cho cô đặt mua trà
cho cô order cà phê
cho cô order caffee
cho cô order freeze
cho cô order trà
cho bác đặt cà phê
cho bác đặt caffee
cho bác đặt freeze
cho bác đặt trà
cho bác mua cà phê
cho bác mua caffee
cho bác mua freeze
cho bác mua trà
cho bác đặt mua cà phê
cho bác đặt mua caffee
cho bác đặt mua freeze
cho bác đặt mua trà
cho bác order cà phê
cho bác order caffee
cho bác order freeze
cho bác order trà
