cà phê phin nhỏ mấy tiền
cà phê phin nhỏ bao nhiêu tiền
cà phê phin lớn mấy tiền
cà phê phin lớn bao nhiêu tiền
cà phê phin vừa mấy tiền
cà phê phin vừa bao nhiêu tiền
cà phê phin bé mấy tiền
cà phê phin bé bao nhiêu tiền
cà phê espresso nhỏ mấy tiền
cà phê espresso nhỏ bao nhiêu tiền
cà phê espresso lớn mấy tiền
cà phê espresso lớn bao nhiêu tiền
cà phê espresso vừa mấy tiền
cà phê espresso vừa bao nhiêu tiền
cà phê espresso bé mấy tiền
cà phê espresso bé bao nhiêu tiền
freeze cà phê phin nhỏ mấy tiền
freeze cà phê phin nhỏ bao nhiêu tiền
freeze cà phê phin lớn mấy tiền
freeze cà phê phin lớn bao nhiêu tiền
freeze cà phê phin vừa mấy tiền
freeze cà phê phin vừa bao nhiêu tiền
freeze cà phê phin bé mấy tiền
freeze cà phê phin bé bao nhiêu tiền
freeze không cà phê nhỏ mấy tiền
freeze không cà phê nhỏ bao nhiêu tiền
freeze không cà phê lớn mấy tiền
freeze không cà phê lớn bao nhiêu tiền
freeze không cà phê vừa mấy tiền
freeze không cà phê vừa bao nhiêu tiền
freeze không cà phê bé mấy tiền
freeze không cà phê bé bao nhiêu tiền
trà sen vàng nhỏ mấy tiền
trà sen vàng nhỏ bao nhiêu tiền
trà sen vàng lớn mấy tiền
trà sen vàng lớn bao nhiêu tiền
trà sen vàng vừa mấy tiền
trà sen vàng vừa bao nhiêu tiền
trà sen vàng bé mấy tiền
trà sen vàng bé bao nhiêu tiền
trà thạch đào nhỏ mấy tiền
trà thạch đào nhỏ bao nhiêu tiền
trà thạch đào lớn mấy tiền
trà thạch đào lớn bao nhiêu tiền
trà thạch đào vừa mấy tiền
trà thạch đào vừa bao nhiêu tiền
trà thạch đào bé mấy tiền
trà thạch đào bé bao nhiêu tiền
trà thanh đào nhỏ mấy tiền
trà thanh đào nhỏ bao nhiêu tiền
trà thanh đào lớn mấy tiền
trà thanh đào lớn bao nhiêu tiền
trà thanh đào vừa mấy tiền
trà thanh đào vừa bao nhiêu tiền
trà thanh đào bé mấy tiền
trà thanh đào bé bao nhiêu tiền
trà thạch vải nhỏ mấy tiền
trà thạch vải nhỏ bao nhiêu tiền
trà thạch vải lớn mấy tiền
trà thạch vải lớn bao nhiêu tiền
trà thạch vải vừa mấy tiền
trà thạch vải vừa bao nhiêu tiền
trà thạch vải bé mấy tiền
trà thạch vải bé bao nhiêu tiền
