cửa hàng có những cà phê nào
cửa hàng có những cà phê gì
cửa hàng có những caffee nào
cửa hàng có những caffee gì
cửa hàng có những freeze nào
cửa hàng có những freeze gì
cửa hàng có những trà nào
cửa hàng có những trà gì
cửa hàng có các cà phê nào
cửa hàng có các cà phê gì
cửa hàng có các caffee nào
cửa hàng có các caffee gì
cửa hàng có các freeze nào
cửa hàng có các freeze gì
cửa hàng có các trà nào
cửa hàng có các trà gì
shop có những cà phê nào
shop có những cà phê gì
shop có những caffee nào
shop có những caffee gì
shop có những freeze nào
shop có những freeze gì
shop có những trà nào
shop có những trà gì
shop có các cà phê nào
shop có các cà phê gì
shop có các caffee nào
shop có các caffee gì
shop có các freeze nào
shop có các freeze gì
shop có các trà nào
shop có các trà gì
quán có những cà phê nào
quán có những cà phê gì
quán có những caffee nào
quán có những caffee gì
quán có những freeze nào
quán có những freeze gì
quán có những trà nào
quán có những trà gì
quán có các cà phê nào
quán có các cà phê gì
quán có các caffee nào
quán có các caffee gì
quán có các freeze nào
quán có các freeze gì
quán có các trà nào
quán có các trà gì
cửa hàng mình có những loại cà phê nào
cửa hàng mình có những loại cà phê gì
cửa hàng mình có những loại caffee nào
cửa hàng mình có những loại caffee gì
cửa hàng mình có những loại freeze nào
cửa hàng mình có những loại freeze gì
cửa hàng mình có những loại trà nào
cửa hàng mình có những loại trà gì
cửa hàng mình có các loại cà phê nào
cửa hàng mình có các loại cà phê gì
cửa hàng mình có các loại caffee nào
cửa hàng mình có các loại caffee gì
cửa hàng mình có các loại freeze nào
cửa hàng mình có các loại freeze gì
cửa hàng mình có các loại trà nào
cửa hàng mình có các loại trà gì
cửa hàng bạn có những loại cà phê nào
cửa hàng bạn có những loại cà phê gì
cửa hàng bạn có những loại caffee nào
cửa hàng bạn có những loại caffee gì
cửa hàng bạn có những loại freeze nào
cửa hàng bạn có những loại freeze gì
cửa hàng bạn có những loại trà nào
cửa hàng bạn có những loại trà gì
cửa hàng bạn có các loại cà phê nào
cửa hàng bạn có các loại cà phê gì
cửa hàng bạn có các loại caffee nào
cửa hàng bạn có các loại caffee gì
cửa hàng bạn có các loại freeze nào
cửa hàng bạn có các loại freeze gì
cửa hàng bạn có các loại trà nào
cửa hàng bạn có các loại trà gì
cửa hàng em có những loại cà phê nào
cửa hàng em có những loại cà phê gì
cửa hàng em có những loại caffee nào
cửa hàng em có những loại caffee gì
cửa hàng em có những loại freeze nào
cửa hàng em có những loại freeze gì
cửa hàng em có những loại trà nào
cửa hàng em có những loại trà gì
cửa hàng em có các loại cà phê nào
cửa hàng em có các loại cà phê gì
cửa hàng em có các loại caffee nào
cửa hàng em có các loại caffee gì
cửa hàng em có các loại freeze nào
cửa hàng em có các loại freeze gì
cửa hàng em có các loại trà nào
cửa hàng em có các loại trà gì
cửa hàng anh có những loại cà phê nào
cửa hàng anh có những loại cà phê gì
cửa hàng anh có những loại caffee nào
cửa hàng anh có những loại caffee gì
cửa hàng anh có những loại freeze nào
cửa hàng anh có những loại freeze gì
cửa hàng anh có những loại trà nào
cửa hàng anh có những loại trà gì
cửa hàng anh có các loại cà phê nào
cửa hàng anh có các loại cà phê gì
cửa hàng anh có các loại caffee nào
cửa hàng anh có các loại caffee gì
cửa hàng anh có các loại freeze nào
cửa hàng anh có các loại freeze gì
cửa hàng anh có các loại trà nào
cửa hàng anh có các loại trà gì
cửa hàng chị có những loại cà phê nào
cửa hàng chị có những loại cà phê gì
cửa hàng chị có những loại caffee nào
cửa hàng chị có những loại caffee gì
cửa hàng chị có những loại freeze nào
cửa hàng chị có những loại freeze gì
cửa hàng chị có những loại trà nào
cửa hàng chị có những loại trà gì
cửa hàng chị có các loại cà phê nào
cửa hàng chị có các loại cà phê gì
cửa hàng chị có các loại caffee nào
cửa hàng chị có các loại caffee gì
cửa hàng chị có các loại freeze nào
cửa hàng chị có các loại freeze gì
cửa hàng chị có các loại trà nào
cửa hàng chị có các loại trà gì
shop mình có những loại cà phê nào
shop mình có những loại cà phê gì
shop mình có những loại caffee nào
shop mình có những loại caffee gì
shop mình có những loại freeze nào
shop mình có những loại freeze gì
shop mình có những loại trà nào
shop mình có những loại trà gì
shop mình có các loại cà phê nào
shop mình có các loại cà phê gì
shop mình có các loại caffee nào
shop mình có các loại caffee gì
shop mình có các loại freeze nào
shop mình có các loại freeze gì
shop mình có các loại trà nào
shop mình có các loại trà gì
shop bạn có những loại cà phê nào
shop bạn có những loại cà phê gì
shop bạn có những loại caffee nào
shop bạn có những loại caffee gì
shop bạn có những loại freeze nào
shop bạn có những loại freeze gì
shop bạn có những loại trà nào
shop bạn có những loại trà gì
shop bạn có các loại cà phê nào
shop bạn có các loại cà phê gì
shop bạn có các loại caffee nào
shop bạn có các loại caffee gì
shop bạn có các loại freeze nào
shop bạn có các loại freeze gì
shop bạn có các loại trà nào
shop bạn có các loại trà gì
shop em có những loại cà phê nào
shop em có những loại cà phê gì
shop em có những loại caffee nào
shop em có những loại caffee gì
shop em có những loại freeze nào
shop em có những loại freeze gì
shop em có những loại trà nào
shop em có những loại trà gì
shop em có các loại cà phê nào
shop em có các loại cà phê gì
shop em có các loại caffee nào
shop em có các loại caffee gì
shop em có các loại freeze nào
shop em có các loại freeze gì
shop em có các loại trà nào
shop em có các loại trà gì
shop anh có những loại cà phê nào
shop anh có những loại cà phê gì
shop anh có những loại caffee nào
shop anh có những loại caffee gì
shop anh có những loại freeze nào
shop anh có những loại freeze gì
shop anh có những loại trà nào
shop anh có những loại trà gì
shop anh có các loại cà phê nào
shop anh có các loại cà phê gì
shop anh có các loại caffee nào
shop anh có các loại caffee gì
shop anh có các loại freeze nào
shop anh có các loại freeze gì
shop anh có các loại trà nào
shop anh có các loại trà gì
shop chị có những loại cà phê nào
shop chị có những loại cà phê gì
shop chị có những loại caffee nào
shop chị có những loại caffee gì
shop chị có những loại freeze nào
shop chị có những loại freeze gì
shop chị có những loại trà nào
shop chị có những loại trà gì
shop chị có các loại cà phê nào
shop chị có các loại cà phê gì
shop chị có các loại caffee nào
shop chị có các loại caffee gì
shop chị có các loại freeze nào
shop chị có các loại freeze gì
shop chị có các loại trà nào
shop chị có các loại trà gì
quán mình có những loại cà phê nào
quán mình có những loại cà phê gì
quán mình có những loại caffee nào
quán mình có những loại caffee gì
quán mình có những loại freeze nào
quán mình có những loại freeze gì
quán mình có những loại trà nào
quán mình có những loại trà gì
quán mình có các loại cà phê nào
quán mình có các loại cà phê gì
quán mình có các loại caffee nào
quán mình có các loại caffee gì
quán mình có các loại freeze nào
quán mình có các loại freeze gì
quán mình có các loại trà nào
quán mình có các loại trà gì
quán bạn có những loại cà phê nào
quán bạn có những loại cà phê gì
quán bạn có những loại caffee nào
quán bạn có những loại caffee gì
quán bạn có những loại freeze nào
quán bạn có những loại freeze gì
quán bạn có những loại trà nào
quán bạn có những loại trà gì
quán bạn có các loại cà phê nào
quán bạn có các loại cà phê gì
quán bạn có các loại caffee nào
quán bạn có các loại caffee gì
quán bạn có các loại freeze nào
quán bạn có các loại freeze gì
quán bạn có các loại trà nào
quán bạn có các loại trà gì
quán em có những loại cà phê nào
quán em có những loại cà phê gì
quán em có những loại caffee nào
quán em có những loại caffee gì
quán em có những loại freeze nào
quán em có những loại freeze gì
quán em có những loại trà nào
quán em có những loại trà gì
quán em có các loại cà phê nào
quán em có các loại cà phê gì
quán em có các loại caffee nào
quán em có các loại caffee gì
quán em có các loại freeze nào
quán em có các loại freeze gì
quán em có các loại trà nào
quán em có các loại trà gì
quán anh có những loại cà phê nào
quán anh có những loại cà phê gì
quán anh có những loại caffee nào
quán anh có những loại caffee gì
quán anh có những loại freeze nào
quán anh có những loại freeze gì
quán anh có những loại trà nào
quán anh có những loại trà gì
quán anh có các loại cà phê nào
quán anh có các loại cà phê gì
quán anh có các loại caffee nào
quán anh có các loại caffee gì
quán anh có các loại freeze nào
quán anh có các loại freeze gì
quán anh có các loại trà nào
quán anh có các loại trà gì
quán chị có những loại cà phê nào
quán chị có những loại cà phê gì
quán chị có những loại caffee nào
quán chị có những loại caffee gì
quán chị có những loại freeze nào
quán chị có những loại freeze gì
quán chị có những loại trà nào
quán chị có những loại trà gì
quán chị có các loại cà phê nào
quán chị có các loại cà phê gì
quán chị có các loại caffee nào
quán chị có các loại caffee gì
quán chị có các loại freeze nào
quán chị có các loại freeze gì
quán chị có các loại trà nào
quán chị có các loại trà gì
