cho tôi đặt cà phê phin
cho tôi đặt cà phê espresso
cho tôi đặt freeze cà phê phin
cho tôi đặt freeze không cà phê
cho tôi đặt trà sen vàng
cho tôi đặt trà thạch đào
cho tôi đặt trà thanh đào
cho tôi đặt trà thạch vải
cho tôi mua cà phê phin
cho tôi mua cà phê espresso
cho tôi mua freeze cà phê phin
cho tôi mua freeze không cà phê
cho tôi mua trà sen vàng
cho tôi mua trà thạch đào
cho tôi mua trà thanh đào
cho tôi mua trà thạch vải
cho tôi đặt mua cà phê phin
cho tôi đặt mua cà phê espresso
cho tôi đặt mua freeze cà phê phin
cho tôi đặt mua freeze không cà phê
cho tôi đặt mua trà sen vàng
cho tôi đặt mua trà thạch đào
cho tôi đặt mua trà thanh đào
cho tôi đặt mua trà thạch vải
cho tôi order cà phê phin
cho tôi order cà phê espresso
cho tôi order freeze cà phê phin
cho tôi order freeze không cà phê
cho tôi order trà sen vàng
cho tôi order trà thạch đào
cho tôi order trà thanh đào
cho tôi order trà thạch vải
cho anh đặt cà phê phin
cho anh đặt cà phê espresso
cho anh đặt freeze cà phê phin
cho anh đặt freeze không cà phê
cho anh đặt trà sen vàng
cho anh đặt trà thạch đào
cho anh đặt trà thanh đào
cho anh đặt trà thạch vải
cho anh mua cà phê phin
cho anh mua cà phê espresso
cho anh mua freeze cà phê phin
cho anh mua freeze không cà phê
cho anh mua trà sen vàng
cho anh mua trà thạch đào
cho anh mua trà thanh đào
cho anh mua trà thạch vải
cho anh đặt mua cà phê phin
cho anh đặt mua cà phê espresso
cho anh đặt mua freeze cà phê phin
cho anh đặt mua freeze không cà phê
cho anh đặt mua trà sen vàng
cho anh đặt mua trà thạch đào
cho anh đặt mua trà thanh đào
cho anh đặt mua trà thạch vải
cho anh order cà phê phin
cho anh order cà phê espresso
cho anh order freeze cà phê phin
cho anh order freeze không cà phê
cho anh order trà sen vàng
cho anh order trà thạch đào
cho anh order trà thanh đào
cho anh order trà thạch vải
cho chị đặt cà phê phin
cho chị đặt cà phê espresso
cho chị đặt freeze cà phê phin
cho chị đặt freeze không cà phê
cho chị đặt trà sen vàng
cho chị đặt trà thạch đào
cho chị đặt trà thanh đào
cho chị đặt trà thạch vải
cho chị mua cà phê phin
cho chị mua cà phê espresso
cho chị mua freeze cà phê phin
cho chị mua freeze không cà phê
cho chị mua trà sen vàng
cho chị mua trà thạch đào
cho chị mua trà thanh đào
cho chị mua trà thạch vải
cho chị đặt mua cà phê phin
cho chị đặt mua cà phê espresso
cho chị đặt mua freeze cà phê phin
cho chị đặt mua freeze không cà phê
cho chị đặt mua trà sen vàng
cho chị đặt mua trà thạch đào
cho chị đặt mua trà thanh đào
cho chị đặt mua trà thạch vải
cho chị order cà phê phin
cho chị order cà phê espresso
cho chị order freeze cà phê phin
cho chị order freeze không cà phê
cho chị order trà sen vàng
cho chị order trà thạch đào
cho chị order trà thanh đào
cho chị order trà thạch vải
cho em đặt cà phê phin
cho em đặt cà phê espresso
cho em đặt freeze cà phê phin
cho em đặt freeze không cà phê
cho em đặt trà sen vàng
cho em đặt trà thạch đào
cho em đặt trà thanh đào
cho em đặt trà thạch vải
cho em mua cà phê phin
cho em mua cà phê espresso
cho em mua freeze cà phê phin
cho em mua freeze không cà phê
cho em mua trà sen vàng
cho em mua trà thạch đào
cho em mua trà thanh đào
cho em mua trà thạch vải
cho em đặt mua cà phê phin
cho em đặt mua cà phê espresso
cho em đặt mua freeze cà phê phin
cho em đặt mua freeze không cà phê
cho em đặt mua trà sen vàng
cho em đặt mua trà thạch đào
cho em đặt mua trà thanh đào
cho em đặt mua trà thạch vải
cho em order cà phê phin
cho em order cà phê espresso
cho em order freeze cà phê phin
cho em order freeze không cà phê
cho em order trà sen vàng
cho em order trà thạch đào
cho em order trà thanh đào
cho em order trà thạch vải
cho mình đặt cà phê phin
cho mình đặt cà phê espresso
cho mình đặt freeze cà phê phin
cho mình đặt freeze không cà phê
cho mình đặt trà sen vàng
cho mình đặt trà thạch đào
cho mình đặt trà thanh đào
cho mình đặt trà thạch vải
cho mình mua cà phê phin
cho mình mua cà phê espresso
cho mình mua freeze cà phê phin
cho mình mua freeze không cà phê
cho mình mua trà sen vàng
cho mình mua trà thạch đào
cho mình mua trà thanh đào
cho mình mua trà thạch vải
cho mình đặt mua cà phê phin
cho mình đặt mua cà phê espresso
cho mình đặt mua freeze cà phê phin
cho mình đặt mua freeze không cà phê
cho mình đặt mua trà sen vàng
cho mình đặt mua trà thạch đào
cho mình đặt mua trà thanh đào
cho mình đặt mua trà thạch vải
cho mình order cà phê phin
cho mình order cà phê espresso
cho mình order freeze cà phê phin
cho mình order freeze không cà phê
cho mình order trà sen vàng
cho mình order trà thạch đào
cho mình order trà thanh đào
cho mình order trà thạch vải
cho tớ đặt cà phê phin
cho tớ đặt cà phê espresso
cho tớ đặt freeze cà phê phin
cho tớ đặt freeze không cà phê
cho tớ đặt trà sen vàng
cho tớ đặt trà thạch đào
cho tớ đặt trà thanh đào
cho tớ đặt trà thạch vải
cho tớ mua cà phê phin
cho tớ mua cà phê espresso
cho tớ mua freeze cà phê phin
cho tớ mua freeze không cà phê
cho tớ mua trà sen vàng
cho tớ mua trà thạch đào
cho tớ mua trà thanh đào
cho tớ mua trà thạch vải
cho tớ đặt mua cà phê phin
cho tớ đặt mua cà phê espresso
cho tớ đặt mua freeze cà phê phin
cho tớ đặt mua freeze không cà phê
cho tớ đặt mua trà sen vàng
cho tớ đặt mua trà thạch đào
cho tớ đặt mua trà thanh đào
cho tớ đặt mua trà thạch vải
cho tớ order cà phê phin
cho tớ order cà phê espresso
cho tớ order freeze cà phê phin
cho tớ order freeze không cà phê
cho tớ order trà sen vàng
cho tớ order trà thạch đào
cho tớ order trà thanh đào
cho tớ order trà thạch vải
cho chú đặt cà phê phin
cho chú đặt cà phê espresso
cho chú đặt freeze cà phê phin
cho chú đặt freeze không cà phê
cho chú đặt trà sen vàng
cho chú đặt trà thạch đào
cho chú đặt trà thanh đào
cho chú đặt trà thạch vải
cho chú mua cà phê phin
cho chú mua cà phê espresso
cho chú mua freeze cà phê phin
cho chú mua freeze không cà phê
cho chú mua trà sen vàng
cho chú mua trà thạch đào
cho chú mua trà thanh đào
cho chú mua trà thạch vải
cho chú đặt mua cà phê phin
cho chú đặt mua cà phê espresso
cho chú đặt mua freeze cà phê phin
cho chú đặt mua freeze không cà phê
cho chú đặt mua trà sen vàng
cho chú đặt mua trà thạch đào
cho chú đặt mua trà thanh đào
cho chú đặt mua trà thạch vải
cho chú order cà phê phin
cho chú order cà phê espresso
cho chú order freeze cà phê phin
cho chú order freeze không cà phê
cho chú order trà sen vàng
cho chú order trà thạch đào
cho chú order trà thanh đào
cho chú order trà thạch vải
cho cô đặt cà phê phin
cho cô đặt cà phê espresso
cho cô đặt freeze cà phê phin
cho cô đặt freeze không cà phê
cho cô đặt trà sen vàng
cho cô đặt trà thạch đào
cho cô đặt trà thanh đào
cho cô đặt trà thạch vải
cho cô mua cà phê phin
cho cô mua cà phê espresso
cho cô mua freeze cà phê phin
cho cô mua freeze không cà phê
cho cô mua trà sen vàng
cho cô mua trà thạch đào
cho cô mua trà thanh đào
cho cô mua trà thạch vải
cho cô đặt mua cà phê phin
cho cô đặt mua cà phê espresso
cho cô đặt mua freeze cà phê phin
cho cô đặt mua freeze không cà phê
cho cô đặt mua trà sen vàng
cho cô đặt mua trà thạch đào
cho cô đặt mua trà thanh đào
cho cô đặt mua trà thạch vải
cho cô order cà phê phin
cho cô order cà phê espresso
cho cô order freeze cà phê phin
cho cô order freeze không cà phê
cho cô order trà sen vàng
cho cô order trà thạch đào
cho cô order trà thanh đào
cho cô order trà thạch vải
cho bác đặt cà phê phin
cho bác đặt cà phê espresso
cho bác đặt freeze cà phê phin
cho bác đặt freeze không cà phê
cho bác đặt trà sen vàng
cho bác đặt trà thạch đào
cho bác đặt trà thanh đào
cho bác đặt trà thạch vải
cho bác mua cà phê phin
cho bác mua cà phê espresso
cho bác mua freeze cà phê phin
cho bác mua freeze không cà phê
cho bác mua trà sen vàng
cho bác mua trà thạch đào
cho bác mua trà thanh đào
cho bác mua trà thạch vải
cho bác đặt mua cà phê phin
cho bác đặt mua cà phê espresso
cho bác đặt mua freeze cà phê phin
cho bác đặt mua freeze không cà phê
cho bác đặt mua trà sen vàng
cho bác đặt mua trà thạch đào
cho bác đặt mua trà thanh đào
cho bác đặt mua trà thạch vải
cho bác order cà phê phin
cho bác order cà phê espresso
cho bác order freeze cà phê phin
cho bác order freeze không cà phê
cho bác order trà sen vàng
cho bác order trà thạch đào
cho bác order trà thanh đào
cho bác order trà thạch vải
