có những cà phê nào nhỉ shop
có những cà phê nào nhỉ em
có những cà phê nào nhỉ anh
có những cà phê nào nhỉ chị
có những cà phê nào nhỉ bạn
có những cà phê gì nhỉ shop
có những cà phê gì nhỉ em
có những cà phê gì nhỉ anh
có những cà phê gì nhỉ chị
có những cà phê gì nhỉ bạn
có những caffee nào nhỉ shop
có những caffee nào nhỉ em
có những caffee nào nhỉ anh
có những caffee nào nhỉ chị
có những caffee nào nhỉ bạn
có những caffee gì nhỉ shop
có những caffee gì nhỉ em
có những caffee gì nhỉ anh
có những caffee gì nhỉ chị
có những caffee gì nhỉ bạn
có những freeze nào nhỉ shop
có những freeze nào nhỉ em
có những freeze nào nhỉ anh
có những freeze nào nhỉ chị
có những freeze nào nhỉ bạn
có những freeze gì nhỉ shop
có những freeze gì nhỉ em
có những freeze gì nhỉ anh
có những freeze gì nhỉ chị
có những freeze gì nhỉ bạn
có những trà nào nhỉ shop
có những trà nào nhỉ em
có những trà nào nhỉ anh
có những trà nào nhỉ chị
có những trà nào nhỉ bạn
có những trà gì nhỉ shop
có những trà gì nhỉ em
có những trà gì nhỉ anh
có những trà gì nhỉ chị
có những trà gì nhỉ bạn
có các cà phê nào nhỉ shop
có các cà phê nào nhỉ em
có các cà phê nào nhỉ anh
có các cà phê nào nhỉ chị
có các cà phê nào nhỉ bạn
có các cà phê gì nhỉ shop
có các cà phê gì nhỉ em
có các cà phê gì nhỉ anh
có các cà phê gì nhỉ chị
có các cà phê gì nhỉ bạn
có các caffee nào nhỉ shop
có các caffee nào nhỉ em
có các caffee nào nhỉ anh
có các caffee nào nhỉ chị
có các caffee nào nhỉ bạn
có các caffee gì nhỉ shop
có các caffee gì nhỉ em
có các caffee gì nhỉ anh
có các caffee gì nhỉ chị
có các caffee gì nhỉ bạn
có các freeze nào nhỉ shop
có các freeze nào nhỉ em
có các freeze nào nhỉ anh
có các freeze nào nhỉ chị
có các freeze nào nhỉ bạn
có các freeze gì nhỉ shop
có các freeze gì nhỉ em
có các freeze gì nhỉ anh
có các freeze gì nhỉ chị
có các freeze gì nhỉ bạn
có các trà nào nhỉ shop
có các trà nào nhỉ em
có các trà nào nhỉ anh
có các trà nào nhỉ chị
có các trà nào nhỉ bạn
có các trà gì nhỉ shop
có các trà gì nhỉ em
có các trà gì nhỉ anh
có các trà gì nhỉ chị
có các trà gì nhỉ bạn
có những loại cà phê nào nhỉ shop
có những loại cà phê nào nhỉ em
có những loại cà phê nào nhỉ anh
có những loại cà phê nào nhỉ chị
có những loại cà phê nào nhỉ bạn
có những loại cà phê gì nhỉ shop
có những loại cà phê gì nhỉ em
có những loại cà phê gì nhỉ anh
có những loại cà phê gì nhỉ chị
có những loại cà phê gì nhỉ bạn
có những loại caffee nào nhỉ shop
có những loại caffee nào nhỉ em
có những loại caffee nào nhỉ anh
có những loại caffee nào nhỉ chị
có những loại caffee nào nhỉ bạn
có những loại caffee gì nhỉ shop
có những loại caffee gì nhỉ em
có những loại caffee gì nhỉ anh
có những loại caffee gì nhỉ chị
có những loại caffee gì nhỉ bạn
có những loại freeze nào nhỉ shop
có những loại freeze nào nhỉ em
có những loại freeze nào nhỉ anh
có những loại freeze nào nhỉ chị
có những loại freeze nào nhỉ bạn
có những loại freeze gì nhỉ shop
có những loại freeze gì nhỉ em
có những loại freeze gì nhỉ anh
có những loại freeze gì nhỉ chị
có những loại freeze gì nhỉ bạn
có những loại trà nào nhỉ shop
có những loại trà nào nhỉ em
có những loại trà nào nhỉ anh
có những loại trà nào nhỉ chị
có những loại trà nào nhỉ bạn
có những loại trà gì nhỉ shop
có những loại trà gì nhỉ em
có những loại trà gì nhỉ anh
có những loại trà gì nhỉ chị
có những loại trà gì nhỉ bạn
có các loại cà phê nào nhỉ shop
có các loại cà phê nào nhỉ em
có các loại cà phê nào nhỉ anh
có các loại cà phê nào nhỉ chị
có các loại cà phê nào nhỉ bạn
có các loại cà phê gì nhỉ shop
có các loại cà phê gì nhỉ em
có các loại cà phê gì nhỉ anh
có các loại cà phê gì nhỉ chị
có các loại cà phê gì nhỉ bạn
có các loại caffee nào nhỉ shop
có các loại caffee nào nhỉ em
có các loại caffee nào nhỉ anh
có các loại caffee nào nhỉ chị
có các loại caffee nào nhỉ bạn
có các loại caffee gì nhỉ shop
có các loại caffee gì nhỉ em
có các loại caffee gì nhỉ anh
có các loại caffee gì nhỉ chị
có các loại caffee gì nhỉ bạn
có các loại freeze nào nhỉ shop
có các loại freeze nào nhỉ em
có các loại freeze nào nhỉ anh
có các loại freeze nào nhỉ chị
có các loại freeze nào nhỉ bạn
có các loại freeze gì nhỉ shop
có các loại freeze gì nhỉ em
có các loại freeze gì nhỉ anh
có các loại freeze gì nhỉ chị
có các loại freeze gì nhỉ bạn
có các loại trà nào nhỉ shop
có các loại trà nào nhỉ em
có các loại trà nào nhỉ anh
có các loại trà nào nhỉ chị
có các loại trà nào nhỉ bạn
có các loại trà gì nhỉ shop
có các loại trà gì nhỉ em
có các loại trà gì nhỉ anh
có các loại trà gì nhỉ chị
có các loại trà gì nhỉ bạn
