bao lâu tôi có thể nhận
bao lâu tôi nhận được
bao lâu tôi nhận hàng
bao lâu anh có thể nhận
bao lâu anh nhận được
bao lâu anh nhận hàng
bao lâu chị có thể nhận
bao lâu chị nhận được
bao lâu chị nhận hàng
bao lâu em có thể nhận
bao lâu em nhận được
bao lâu em nhận hàng
bao lâu mình có thể nhận
bao lâu mình nhận được
bao lâu mình nhận hàng
bao lâu tớ có thể nhận
bao lâu tớ nhận được
bao lâu tớ nhận hàng
bao lâu chú có thể nhận
bao lâu chú nhận được
bao lâu chú nhận hàng
bao lâu cô có thể nhận
bao lâu cô nhận được
bao lâu cô nhận hàng
bao lâu bác có thể nhận
bao lâu bác nhận được
bao lâu bác nhận hàng
bao giờ tôi có thể nhận
bao giờ tôi nhận được
bao giờ tôi nhận hàng
bao giờ anh có thể nhận
bao giờ anh nhận được
bao giờ anh nhận hàng
bao giờ chị có thể nhận
bao giờ chị nhận được
bao giờ chị nhận hàng
bao giờ em có thể nhận
bao giờ em nhận được
bao giờ em nhận hàng
bao giờ mình có thể nhận
bao giờ mình nhận được
bao giờ mình nhận hàng
bao giờ tớ có thể nhận
bao giờ tớ nhận được
bao giờ tớ nhận hàng
bao giờ chú có thể nhận
bao giờ chú nhận được
bao giờ chú nhận hàng
bao giờ cô có thể nhận
bao giờ cô nhận được
bao giờ cô nhận hàng
bao giờ bác có thể nhận
bao giờ bác nhận được
bao giờ bác nhận hàng
khi nào tôi có thể nhận
khi nào tôi nhận được
khi nào tôi nhận hàng
khi nào anh có thể nhận
khi nào anh nhận được
khi nào anh nhận hàng
khi nào chị có thể nhận
khi nào chị nhận được
khi nào chị nhận hàng
khi nào em có thể nhận
khi nào em nhận được
khi nào em nhận hàng
khi nào mình có thể nhận
khi nào mình nhận được
khi nào mình nhận hàng
khi nào tớ có thể nhận
khi nào tớ nhận được
khi nào tớ nhận hàng
khi nào chú có thể nhận
khi nào chú nhận được
khi nào chú nhận hàng
khi nào cô có thể nhận
khi nào cô nhận được
khi nào cô nhận hàng
khi nào bác có thể nhận
khi nào bác nhận được
khi nào bác nhận hàng
bao lâu thì tôi có thể nhận
bao lâu thì tôi nhận được
bao lâu thì tôi nhận hàng
bao lâu thì anh có thể nhận
bao lâu thì anh nhận được
bao lâu thì anh nhận hàng
bao lâu thì chị có thể nhận
bao lâu thì chị nhận được
bao lâu thì chị nhận hàng
bao lâu thì em có thể nhận
bao lâu thì em nhận được
bao lâu thì em nhận hàng
bao lâu thì mình có thể nhận
bao lâu thì mình nhận được
bao lâu thì mình nhận hàng
bao lâu thì tớ có thể nhận
bao lâu thì tớ nhận được
bao lâu thì tớ nhận hàng
bao lâu thì chú có thể nhận
bao lâu thì chú nhận được
bao lâu thì chú nhận hàng
bao lâu thì cô có thể nhận
bao lâu thì cô nhận được
bao lâu thì cô nhận hàng
bao lâu thì bác có thể nhận
bao lâu thì bác nhận được
bao lâu thì bác nhận hàng
bao giờ thì tôi có thể nhận
bao giờ thì tôi nhận được
bao giờ thì tôi nhận hàng
bao giờ thì anh có thể nhận
bao giờ thì anh nhận được
bao giờ thì anh nhận hàng
bao giờ thì chị có thể nhận
bao giờ thì chị nhận được
bao giờ thì chị nhận hàng
bao giờ thì em có thể nhận
bao giờ thì em nhận được
bao giờ thì em nhận hàng
bao giờ thì mình có thể nhận
bao giờ thì mình nhận được
bao giờ thì mình nhận hàng
bao giờ thì tớ có thể nhận
bao giờ thì tớ nhận được
bao giờ thì tớ nhận hàng
bao giờ thì chú có thể nhận
bao giờ thì chú nhận được
bao giờ thì chú nhận hàng
bao giờ thì cô có thể nhận
bao giờ thì cô nhận được
bao giờ thì cô nhận hàng
bao giờ thì bác có thể nhận
bao giờ thì bác nhận được
bao giờ thì bác nhận hàng
khi nào thì tôi có thể nhận
khi nào thì tôi nhận được
khi nào thì tôi nhận hàng
khi nào thì anh có thể nhận
khi nào thì anh nhận được
khi nào thì anh nhận hàng
khi nào thì chị có thể nhận
khi nào thì chị nhận được
khi nào thì chị nhận hàng
khi nào thì em có thể nhận
khi nào thì em nhận được
khi nào thì em nhận hàng
khi nào thì mình có thể nhận
khi nào thì mình nhận được
khi nào thì mình nhận hàng
khi nào thì tớ có thể nhận
khi nào thì tớ nhận được
khi nào thì tớ nhận hàng
khi nào thì chú có thể nhận
khi nào thì chú nhận được
khi nào thì chú nhận hàng
khi nào thì cô có thể nhận
khi nào thì cô nhận được
khi nào thì cô nhận hàng
khi nào thì bác có thể nhận
khi nào thì bác nhận được
khi nào thì bác nhận hàng
