cà phê có những loại nào
cà phê có những loại gì
cà phê có các loại nào
cà phê có các loại gì
caffee có những loại nào
caffee có những loại gì
caffee có các loại nào
caffee có các loại gì
freeze có những loại nào
freeze có những loại gì
freeze có các loại nào
freeze có các loại gì
trà có những loại nào
trà có những loại gì
trà có các loại nào
trà có các loại gì
cà phê có những loại nào nhỉ
cà phê có những loại gì nhỉ
cà phê có các loại nào nhỉ
cà phê có các loại gì nhỉ
caffee có những loại nào nhỉ
caffee có những loại gì nhỉ
caffee có các loại nào nhỉ
caffee có các loại gì nhỉ
freeze có những loại nào nhỉ
freeze có những loại gì nhỉ
freeze có các loại nào nhỉ
freeze có các loại gì nhỉ
trà có những loại nào nhỉ
trà có những loại gì nhỉ
trà có các loại nào nhỉ
trà có các loại gì nhỉ
