anh có những cà phê nào
anh có những cà phê gì
anh có những caffee nào
anh có những caffee gì
anh có những freeze nào
anh có những freeze gì
anh có những trà nào
anh có những trà gì
anh có các cà phê nào
anh có các cà phê gì
anh có các caffee nào
anh có các caffee gì
anh có các freeze nào
anh có các freeze gì
anh có các trà nào
anh có các trà gì
chị có những cà phê nào
chị có những cà phê gì
chị có những caffee nào
chị có những caffee gì
chị có những freeze nào
chị có những freeze gì
chị có những trà nào
chị có những trà gì
chị có các cà phê nào
chị có các cà phê gì
chị có các caffee nào
chị có các caffee gì
chị có các freeze nào
chị có các freeze gì
chị có các trà nào
chị có các trà gì
bên mình có những cà phê nào
bên mình có những cà phê gì
bên mình có những caffee nào
bên mình có những caffee gì
bên mình có những freeze nào
bên mình có những freeze gì
bên mình có những trà nào
bên mình có những trà gì
bên mình có các cà phê nào
bên mình có các cà phê gì
bên mình có các caffee nào
bên mình có các caffee gì
bên mình có các freeze nào
bên mình có các freeze gì
bên mình có các trà nào
bên mình có các trà gì
mình có những cà phê nào
mình có những cà phê gì
mình có những caffee nào
mình có những caffee gì
mình có những freeze nào
mình có những freeze gì
mình có những trà nào
mình có những trà gì
mình có các cà phê nào
mình có các cà phê gì
mình có các caffee nào
mình có các caffee gì
mình có các freeze nào
mình có các freeze gì
mình có các trà nào
mình có các trà gì
cửa hàng có những cà phê nào
cửa hàng có những cà phê gì
cửa hàng có những caffee nào
cửa hàng có những caffee gì
cửa hàng có những freeze nào
cửa hàng có những freeze gì
cửa hàng có những trà nào
cửa hàng có những trà gì
cửa hàng có các cà phê nào
cửa hàng có các cà phê gì
cửa hàng có các caffee nào
cửa hàng có các caffee gì
cửa hàng có các freeze nào
cửa hàng có các freeze gì
cửa hàng có các trà nào
cửa hàng có các trà gì
shop có những cà phê nào
shop có những cà phê gì
shop có những caffee nào
shop có những caffee gì
shop có những freeze nào
shop có những freeze gì
shop có những trà nào
shop có những trà gì
shop có các cà phê nào
shop có các cà phê gì
shop có các caffee nào
shop có các caffee gì
shop có các freeze nào
shop có các freeze gì
shop có các trà nào
shop có các trà gì
anh có những loại cà phê nào
anh có những loại cà phê gì
anh có những loại caffee nào
anh có những loại caffee gì
anh có những loại freeze nào
anh có những loại freeze gì
anh có những loại trà nào
anh có những loại trà gì
anh có các loại cà phê nào
anh có các loại cà phê gì
anh có các loại caffee nào
anh có các loại caffee gì
anh có các loại freeze nào
anh có các loại freeze gì
anh có các loại trà nào
anh có các loại trà gì
chị có những loại cà phê nào
chị có những loại cà phê gì
chị có những loại caffee nào
chị có những loại caffee gì
chị có những loại freeze nào
chị có những loại freeze gì
chị có những loại trà nào
chị có những loại trà gì
chị có các loại cà phê nào
chị có các loại cà phê gì
chị có các loại caffee nào
chị có các loại caffee gì
chị có các loại freeze nào
chị có các loại freeze gì
chị có các loại trà nào
chị có các loại trà gì
bên mình có những loại cà phê nào
bên mình có những loại cà phê gì
bên mình có những loại caffee nào
bên mình có những loại caffee gì
bên mình có những loại freeze nào
bên mình có những loại freeze gì
bên mình có những loại trà nào
bên mình có những loại trà gì
bên mình có các loại cà phê nào
bên mình có các loại cà phê gì
bên mình có các loại caffee nào
bên mình có các loại caffee gì
bên mình có các loại freeze nào
bên mình có các loại freeze gì
bên mình có các loại trà nào
bên mình có các loại trà gì
mình có những loại cà phê nào
mình có những loại cà phê gì
mình có những loại caffee nào
mình có những loại caffee gì
mình có những loại freeze nào
mình có những loại freeze gì
mình có những loại trà nào
mình có những loại trà gì
mình có các loại cà phê nào
mình có các loại cà phê gì
mình có các loại caffee nào
mình có các loại caffee gì
mình có các loại freeze nào
mình có các loại freeze gì
mình có các loại trà nào
mình có các loại trà gì
cửa hàng có những loại cà phê nào
cửa hàng có những loại cà phê gì
cửa hàng có những loại caffee nào
cửa hàng có những loại caffee gì
cửa hàng có những loại freeze nào
cửa hàng có những loại freeze gì
cửa hàng có những loại trà nào
cửa hàng có những loại trà gì
cửa hàng có các loại cà phê nào
cửa hàng có các loại cà phê gì
cửa hàng có các loại caffee nào
cửa hàng có các loại caffee gì
cửa hàng có các loại freeze nào
cửa hàng có các loại freeze gì
cửa hàng có các loại trà nào
cửa hàng có các loại trà gì
shop có những loại cà phê nào
shop có những loại cà phê gì
shop có những loại caffee nào
shop có những loại caffee gì
shop có những loại freeze nào
shop có những loại freeze gì
shop có những loại trà nào
shop có những loại trà gì
shop có các loại cà phê nào
shop có các loại cà phê gì
shop có các loại caffee nào
shop có các loại caffee gì
shop có các loại freeze nào
shop có các loại freeze gì
shop có các loại trà nào
shop có các loại trà gì
