tôi đặt cà phê phin
tôi đặt cà phê espresso
tôi đặt freeze cà phê phin
tôi đặt freeze không cà phê
tôi đặt trà sen vàng
tôi đặt trà thạch đào
tôi đặt trà thanh đào
tôi đặt trà thạch vải
tôi mua cà phê phin
tôi mua cà phê espresso
tôi mua freeze cà phê phin
tôi mua freeze không cà phê
tôi mua trà sen vàng
tôi mua trà thạch đào
tôi mua trà thanh đào
tôi mua trà thạch vải
tôi đặt mua cà phê phin
tôi đặt mua cà phê espresso
tôi đặt mua freeze cà phê phin
tôi đặt mua freeze không cà phê
tôi đặt mua trà sen vàng
tôi đặt mua trà thạch đào
tôi đặt mua trà thanh đào
tôi đặt mua trà thạch vải
tôi order cà phê phin
tôi order cà phê espresso
tôi order freeze cà phê phin
tôi order freeze không cà phê
tôi order trà sen vàng
tôi order trà thạch đào
tôi order trà thanh đào
tôi order trà thạch vải
anh đặt cà phê phin
anh đặt cà phê espresso
anh đặt freeze cà phê phin
anh đặt freeze không cà phê
anh đặt trà sen vàng
anh đặt trà thạch đào
anh đặt trà thanh đào
anh đặt trà thạch vải
anh mua cà phê phin
anh mua cà phê espresso
anh mua freeze cà phê phin
anh mua freeze không cà phê
anh mua trà sen vàng
anh mua trà thạch đào
anh mua trà thanh đào
anh mua trà thạch vải
anh đặt mua cà phê phin
anh đặt mua cà phê espresso
anh đặt mua freeze cà phê phin
anh đặt mua freeze không cà phê
anh đặt mua trà sen vàng
anh đặt mua trà thạch đào
anh đặt mua trà thanh đào
anh đặt mua trà thạch vải
anh order cà phê phin
anh order cà phê espresso
anh order freeze cà phê phin
anh order freeze không cà phê
anh order trà sen vàng
anh order trà thạch đào
anh order trà thanh đào
anh order trà thạch vải
chị đặt cà phê phin
chị đặt cà phê espresso
chị đặt freeze cà phê phin
chị đặt freeze không cà phê
chị đặt trà sen vàng
chị đặt trà thạch đào
chị đặt trà thanh đào
chị đặt trà thạch vải
chị mua cà phê phin
chị mua cà phê espresso
chị mua freeze cà phê phin
chị mua freeze không cà phê
chị mua trà sen vàng
chị mua trà thạch đào
chị mua trà thanh đào
chị mua trà thạch vải
chị đặt mua cà phê phin
chị đặt mua cà phê espresso
chị đặt mua freeze cà phê phin
chị đặt mua freeze không cà phê
chị đặt mua trà sen vàng
chị đặt mua trà thạch đào
chị đặt mua trà thanh đào
chị đặt mua trà thạch vải
chị order cà phê phin
chị order cà phê espresso
chị order freeze cà phê phin
chị order freeze không cà phê
chị order trà sen vàng
chị order trà thạch đào
chị order trà thanh đào
chị order trà thạch vải
em đặt cà phê phin
em đặt cà phê espresso
em đặt freeze cà phê phin
em đặt freeze không cà phê
em đặt trà sen vàng
em đặt trà thạch đào
em đặt trà thanh đào
em đặt trà thạch vải
em mua cà phê phin
em mua cà phê espresso
em mua freeze cà phê phin
em mua freeze không cà phê
em mua trà sen vàng
em mua trà thạch đào
em mua trà thanh đào
em mua trà thạch vải
em đặt mua cà phê phin
em đặt mua cà phê espresso
em đặt mua freeze cà phê phin
em đặt mua freeze không cà phê
em đặt mua trà sen vàng
em đặt mua trà thạch đào
em đặt mua trà thanh đào
em đặt mua trà thạch vải
em order cà phê phin
em order cà phê espresso
em order freeze cà phê phin
em order freeze không cà phê
em order trà sen vàng
em order trà thạch đào
em order trà thanh đào
em order trà thạch vải
mình đặt cà phê phin
mình đặt cà phê espresso
mình đặt freeze cà phê phin
mình đặt freeze không cà phê
mình đặt trà sen vàng
mình đặt trà thạch đào
mình đặt trà thanh đào
mình đặt trà thạch vải
mình mua cà phê phin
mình mua cà phê espresso
mình mua freeze cà phê phin
mình mua freeze không cà phê
mình mua trà sen vàng
mình mua trà thạch đào
mình mua trà thanh đào
mình mua trà thạch vải
mình đặt mua cà phê phin
mình đặt mua cà phê espresso
mình đặt mua freeze cà phê phin
mình đặt mua freeze không cà phê
mình đặt mua trà sen vàng
mình đặt mua trà thạch đào
mình đặt mua trà thanh đào
mình đặt mua trà thạch vải
mình order cà phê phin
mình order cà phê espresso
mình order freeze cà phê phin
mình order freeze không cà phê
mình order trà sen vàng
mình order trà thạch đào
mình order trà thanh đào
mình order trà thạch vải
tớ đặt cà phê phin
tớ đặt cà phê espresso
tớ đặt freeze cà phê phin
tớ đặt freeze không cà phê
tớ đặt trà sen vàng
tớ đặt trà thạch đào
tớ đặt trà thanh đào
tớ đặt trà thạch vải
tớ mua cà phê phin
tớ mua cà phê espresso
tớ mua freeze cà phê phin
tớ mua freeze không cà phê
tớ mua trà sen vàng
tớ mua trà thạch đào
tớ mua trà thanh đào
tớ mua trà thạch vải
tớ đặt mua cà phê phin
tớ đặt mua cà phê espresso
tớ đặt mua freeze cà phê phin
tớ đặt mua freeze không cà phê
tớ đặt mua trà sen vàng
tớ đặt mua trà thạch đào
tớ đặt mua trà thanh đào
tớ đặt mua trà thạch vải
tớ order cà phê phin
tớ order cà phê espresso
tớ order freeze cà phê phin
tớ order freeze không cà phê
tớ order trà sen vàng
tớ order trà thạch đào
tớ order trà thanh đào
tớ order trà thạch vải
chú đặt cà phê phin
chú đặt cà phê espresso
chú đặt freeze cà phê phin
chú đặt freeze không cà phê
chú đặt trà sen vàng
chú đặt trà thạch đào
chú đặt trà thanh đào
chú đặt trà thạch vải
chú mua cà phê phin
chú mua cà phê espresso
chú mua freeze cà phê phin
chú mua freeze không cà phê
chú mua trà sen vàng
chú mua trà thạch đào
chú mua trà thanh đào
chú mua trà thạch vải
chú đặt mua cà phê phin
chú đặt mua cà phê espresso
chú đặt mua freeze cà phê phin
chú đặt mua freeze không cà phê
chú đặt mua trà sen vàng
chú đặt mua trà thạch đào
chú đặt mua trà thanh đào
chú đặt mua trà thạch vải
chú order cà phê phin
chú order cà phê espresso
chú order freeze cà phê phin
chú order freeze không cà phê
chú order trà sen vàng
chú order trà thạch đào
chú order trà thanh đào
chú order trà thạch vải
cô đặt cà phê phin
cô đặt cà phê espresso
cô đặt freeze cà phê phin
cô đặt freeze không cà phê
cô đặt trà sen vàng
cô đặt trà thạch đào
cô đặt trà thanh đào
cô đặt trà thạch vải
cô mua cà phê phin
cô mua cà phê espresso
cô mua freeze cà phê phin
cô mua freeze không cà phê
cô mua trà sen vàng
cô mua trà thạch đào
cô mua trà thanh đào
cô mua trà thạch vải
cô đặt mua cà phê phin
cô đặt mua cà phê espresso
cô đặt mua freeze cà phê phin
cô đặt mua freeze không cà phê
cô đặt mua trà sen vàng
cô đặt mua trà thạch đào
cô đặt mua trà thanh đào
cô đặt mua trà thạch vải
cô order cà phê phin
cô order cà phê espresso
cô order freeze cà phê phin
cô order freeze không cà phê
cô order trà sen vàng
cô order trà thạch đào
cô order trà thanh đào
cô order trà thạch vải
bác đặt cà phê phin
bác đặt cà phê espresso
bác đặt freeze cà phê phin
bác đặt freeze không cà phê
bác đặt trà sen vàng
bác đặt trà thạch đào
bác đặt trà thanh đào
bác đặt trà thạch vải
bác mua cà phê phin
bác mua cà phê espresso
bác mua freeze cà phê phin
bác mua freeze không cà phê
bác mua trà sen vàng
bác mua trà thạch đào
bác mua trà thanh đào
bác mua trà thạch vải
bác đặt mua cà phê phin
bác đặt mua cà phê espresso
bác đặt mua freeze cà phê phin
bác đặt mua freeze không cà phê
bác đặt mua trà sen vàng
bác đặt mua trà thạch đào
bác đặt mua trà thanh đào
bác đặt mua trà thạch vải
bác order cà phê phin
bác order cà phê espresso
bác order freeze cà phê phin
bác order freeze không cà phê
bác order trà sen vàng
bác order trà thạch đào
bác order trà thanh đào
bác order trà thạch vải
tôi muốn đặt cà phê phin
tôi muốn đặt cà phê espresso
tôi muốn đặt freeze cà phê phin
tôi muốn đặt freeze không cà phê
tôi muốn đặt trà sen vàng
tôi muốn đặt trà thạch đào
tôi muốn đặt trà thanh đào
tôi muốn đặt trà thạch vải
tôi muốn mua cà phê phin
tôi muốn mua cà phê espresso
tôi muốn mua freeze cà phê phin
tôi muốn mua freeze không cà phê
tôi muốn mua trà sen vàng
tôi muốn mua trà thạch đào
tôi muốn mua trà thanh đào
tôi muốn mua trà thạch vải
tôi muốn đặt mua cà phê phin
tôi muốn đặt mua cà phê espresso
tôi muốn đặt mua freeze cà phê phin
tôi muốn đặt mua freeze không cà phê
tôi muốn đặt mua trà sen vàng
tôi muốn đặt mua trà thạch đào
tôi muốn đặt mua trà thanh đào
tôi muốn đặt mua trà thạch vải
tôi muốn order cà phê phin
tôi muốn order cà phê espresso
tôi muốn order freeze cà phê phin
tôi muốn order freeze không cà phê
tôi muốn order trà sen vàng
tôi muốn order trà thạch đào
tôi muốn order trà thanh đào
tôi muốn order trà thạch vải
tôi cần đặt cà phê phin
tôi cần đặt cà phê espresso
tôi cần đặt freeze cà phê phin
tôi cần đặt freeze không cà phê
tôi cần đặt trà sen vàng
tôi cần đặt trà thạch đào
tôi cần đặt trà thanh đào
tôi cần đặt trà thạch vải
tôi cần mua cà phê phin
tôi cần mua cà phê espresso
tôi cần mua freeze cà phê phin
tôi cần mua freeze không cà phê
tôi cần mua trà sen vàng
tôi cần mua trà thạch đào
tôi cần mua trà thanh đào
tôi cần mua trà thạch vải
tôi cần đặt mua cà phê phin
tôi cần đặt mua cà phê espresso
tôi cần đặt mua freeze cà phê phin
tôi cần đặt mua freeze không cà phê
tôi cần đặt mua trà sen vàng
tôi cần đặt mua trà thạch đào
tôi cần đặt mua trà thanh đào
tôi cần đặt mua trà thạch vải
tôi cần order cà phê phin
tôi cần order cà phê espresso
tôi cần order freeze cà phê phin
tôi cần order freeze không cà phê
tôi cần order trà sen vàng
tôi cần order trà thạch đào
tôi cần order trà thanh đào
tôi cần order trà thạch vải
anh muốn đặt cà phê phin
anh muốn đặt cà phê espresso
anh muốn đặt freeze cà phê phin
anh muốn đặt freeze không cà phê
anh muốn đặt trà sen vàng
anh muốn đặt trà thạch đào
anh muốn đặt trà thanh đào
anh muốn đặt trà thạch vải
anh muốn mua cà phê phin
anh muốn mua cà phê espresso
anh muốn mua freeze cà phê phin
anh muốn mua freeze không cà phê
anh muốn mua trà sen vàng
anh muốn mua trà thạch đào
anh muốn mua trà thanh đào
anh muốn mua trà thạch vải
anh muốn đặt mua cà phê phin
anh muốn đặt mua cà phê espresso
anh muốn đặt mua freeze cà phê phin
anh muốn đặt mua freeze không cà phê
anh muốn đặt mua trà sen vàng
anh muốn đặt mua trà thạch đào
anh muốn đặt mua trà thanh đào
anh muốn đặt mua trà thạch vải
anh muốn order cà phê phin
anh muốn order cà phê espresso
anh muốn order freeze cà phê phin
anh muốn order freeze không cà phê
anh muốn order trà sen vàng
anh muốn order trà thạch đào
anh muốn order trà thanh đào
anh muốn order trà thạch vải
anh cần đặt cà phê phin
anh cần đặt cà phê espresso
anh cần đặt freeze cà phê phin
anh cần đặt freeze không cà phê
anh cần đặt trà sen vàng
anh cần đặt trà thạch đào
anh cần đặt trà thanh đào
anh cần đặt trà thạch vải
anh cần mua cà phê phin
anh cần mua cà phê espresso
anh cần mua freeze cà phê phin
anh cần mua freeze không cà phê
anh cần mua trà sen vàng
anh cần mua trà thạch đào
anh cần mua trà thanh đào
anh cần mua trà thạch vải
anh cần đặt mua cà phê phin
anh cần đặt mua cà phê espresso
anh cần đặt mua freeze cà phê phin
anh cần đặt mua freeze không cà phê
anh cần đặt mua trà sen vàng
anh cần đặt mua trà thạch đào
anh cần đặt mua trà thanh đào
anh cần đặt mua trà thạch vải
anh cần order cà phê phin
anh cần order cà phê espresso
anh cần order freeze cà phê phin
anh cần order freeze không cà phê
anh cần order trà sen vàng
anh cần order trà thạch đào
anh cần order trà thanh đào
anh cần order trà thạch vải
chị muốn đặt cà phê phin
chị muốn đặt cà phê espresso
chị muốn đặt freeze cà phê phin
chị muốn đặt freeze không cà phê
chị muốn đặt trà sen vàng
chị muốn đặt trà thạch đào
chị muốn đặt trà thanh đào
chị muốn đặt trà thạch vải
chị muốn mua cà phê phin
chị muốn mua cà phê espresso
chị muốn mua freeze cà phê phin
chị muốn mua freeze không cà phê
chị muốn mua trà sen vàng
chị muốn mua trà thạch đào
chị muốn mua trà thanh đào
chị muốn mua trà thạch vải
chị muốn đặt mua cà phê phin
chị muốn đặt mua cà phê espresso
chị muốn đặt mua freeze cà phê phin
chị muốn đặt mua freeze không cà phê
chị muốn đặt mua trà sen vàng
chị muốn đặt mua trà thạch đào
chị muốn đặt mua trà thanh đào
chị muốn đặt mua trà thạch vải
chị muốn order cà phê phin
chị muốn order cà phê espresso
chị muốn order freeze cà phê phin
chị muốn order freeze không cà phê
chị muốn order trà sen vàng
chị muốn order trà thạch đào
chị muốn order trà thanh đào
chị muốn order trà thạch vải
chị cần đặt cà phê phin
chị cần đặt cà phê espresso
chị cần đặt freeze cà phê phin
chị cần đặt freeze không cà phê
chị cần đặt trà sen vàng
chị cần đặt trà thạch đào
chị cần đặt trà thanh đào
chị cần đặt trà thạch vải
chị cần mua cà phê phin
chị cần mua cà phê espresso
chị cần mua freeze cà phê phin
chị cần mua freeze không cà phê
chị cần mua trà sen vàng
chị cần mua trà thạch đào
chị cần mua trà thanh đào
chị cần mua trà thạch vải
chị cần đặt mua cà phê phin
chị cần đặt mua cà phê espresso
chị cần đặt mua freeze cà phê phin
chị cần đặt mua freeze không cà phê
chị cần đặt mua trà sen vàng
chị cần đặt mua trà thạch đào
chị cần đặt mua trà thanh đào
chị cần đặt mua trà thạch vải
chị cần order cà phê phin
chị cần order cà phê espresso
chị cần order freeze cà phê phin
chị cần order freeze không cà phê
chị cần order trà sen vàng
chị cần order trà thạch đào
chị cần order trà thanh đào
chị cần order trà thạch vải
em muốn đặt cà phê phin
em muốn đặt cà phê espresso
em muốn đặt freeze cà phê phin
em muốn đặt freeze không cà phê
em muốn đặt trà sen vàng
em muốn đặt trà thạch đào
em muốn đặt trà thanh đào
em muốn đặt trà thạch vải
em muốn mua cà phê phin
em muốn mua cà phê espresso
em muốn mua freeze cà phê phin
em muốn mua freeze không cà phê
em muốn mua trà sen vàng
em muốn mua trà thạch đào
em muốn mua trà thanh đào
em muốn mua trà thạch vải
em muốn đặt mua cà phê phin
em muốn đặt mua cà phê espresso
em muốn đặt mua freeze cà phê phin
em muốn đặt mua freeze không cà phê
em muốn đặt mua trà sen vàng
em muốn đặt mua trà thạch đào
em muốn đặt mua trà thanh đào
em muốn đặt mua trà thạch vải
em muốn order cà phê phin
em muốn order cà phê espresso
em muốn order freeze cà phê phin
em muốn order freeze không cà phê
em muốn order trà sen vàng
em muốn order trà thạch đào
em muốn order trà thanh đào
em muốn order trà thạch vải
em cần đặt cà phê phin
em cần đặt cà phê espresso
em cần đặt freeze cà phê phin
em cần đặt freeze không cà phê
em cần đặt trà sen vàng
em cần đặt trà thạch đào
em cần đặt trà thanh đào
em cần đặt trà thạch vải
em cần mua cà phê phin
em cần mua cà phê espresso
em cần mua freeze cà phê phin
em cần mua freeze không cà phê
em cần mua trà sen vàng
em cần mua trà thạch đào
em cần mua trà thanh đào
em cần mua trà thạch vải
em cần đặt mua cà phê phin
em cần đặt mua cà phê espresso
em cần đặt mua freeze cà phê phin
em cần đặt mua freeze không cà phê
em cần đặt mua trà sen vàng
em cần đặt mua trà thạch đào
em cần đặt mua trà thanh đào
em cần đặt mua trà thạch vải
em cần order cà phê phin
em cần order cà phê espresso
em cần order freeze cà phê phin
em cần order freeze không cà phê
em cần order trà sen vàng
em cần order trà thạch đào
em cần order trà thanh đào
em cần order trà thạch vải
mình muốn đặt cà phê phin
mình muốn đặt cà phê espresso
mình muốn đặt freeze cà phê phin
mình muốn đặt freeze không cà phê
mình muốn đặt trà sen vàng
mình muốn đặt trà thạch đào
mình muốn đặt trà thanh đào
mình muốn đặt trà thạch vải
mình muốn mua cà phê phin
mình muốn mua cà phê espresso
mình muốn mua freeze cà phê phin
mình muốn mua freeze không cà phê
mình muốn mua trà sen vàng
mình muốn mua trà thạch đào
mình muốn mua trà thanh đào
mình muốn mua trà thạch vải
mình muốn đặt mua cà phê phin
mình muốn đặt mua cà phê espresso
mình muốn đặt mua freeze cà phê phin
mình muốn đặt mua freeze không cà phê
mình muốn đặt mua trà sen vàng
mình muốn đặt mua trà thạch đào
mình muốn đặt mua trà thanh đào
mình muốn đặt mua trà thạch vải
mình muốn order cà phê phin
mình muốn order cà phê espresso
mình muốn order freeze cà phê phin
mình muốn order freeze không cà phê
mình muốn order trà sen vàng
mình muốn order trà thạch đào
mình muốn order trà thanh đào
mình muốn order trà thạch vải
mình cần đặt cà phê phin
mình cần đặt cà phê espresso
mình cần đặt freeze cà phê phin
mình cần đặt freeze không cà phê
mình cần đặt trà sen vàng
mình cần đặt trà thạch đào
mình cần đặt trà thanh đào
mình cần đặt trà thạch vải
mình cần mua cà phê phin
mình cần mua cà phê espresso
mình cần mua freeze cà phê phin
mình cần mua freeze không cà phê
mình cần mua trà sen vàng
mình cần mua trà thạch đào
mình cần mua trà thanh đào
mình cần mua trà thạch vải
mình cần đặt mua cà phê phin
mình cần đặt mua cà phê espresso
mình cần đặt mua freeze cà phê phin
mình cần đặt mua freeze không cà phê
mình cần đặt mua trà sen vàng
mình cần đặt mua trà thạch đào
mình cần đặt mua trà thanh đào
mình cần đặt mua trà thạch vải
mình cần order cà phê phin
mình cần order cà phê espresso
mình cần order freeze cà phê phin
mình cần order freeze không cà phê
mình cần order trà sen vàng
mình cần order trà thạch đào
mình cần order trà thanh đào
mình cần order trà thạch vải
tớ muốn đặt cà phê phin
tớ muốn đặt cà phê espresso
tớ muốn đặt freeze cà phê phin
tớ muốn đặt freeze không cà phê
tớ muốn đặt trà sen vàng
tớ muốn đặt trà thạch đào
tớ muốn đặt trà thanh đào
tớ muốn đặt trà thạch vải
tớ muốn mua cà phê phin
tớ muốn mua cà phê espresso
tớ muốn mua freeze cà phê phin
tớ muốn mua freeze không cà phê
tớ muốn mua trà sen vàng
tớ muốn mua trà thạch đào
tớ muốn mua trà thanh đào
tớ muốn mua trà thạch vải
tớ muốn đặt mua cà phê phin
tớ muốn đặt mua cà phê espresso
tớ muốn đặt mua freeze cà phê phin
tớ muốn đặt mua freeze không cà phê
tớ muốn đặt mua trà sen vàng
tớ muốn đặt mua trà thạch đào
tớ muốn đặt mua trà thanh đào
tớ muốn đặt mua trà thạch vải
tớ muốn order cà phê phin
tớ muốn order cà phê espresso
tớ muốn order freeze cà phê phin
tớ muốn order freeze không cà phê
tớ muốn order trà sen vàng
tớ muốn order trà thạch đào
tớ muốn order trà thanh đào
tớ muốn order trà thạch vải
tớ cần đặt cà phê phin
tớ cần đặt cà phê espresso
tớ cần đặt freeze cà phê phin
tớ cần đặt freeze không cà phê
tớ cần đặt trà sen vàng
tớ cần đặt trà thạch đào
tớ cần đặt trà thanh đào
tớ cần đặt trà thạch vải
tớ cần mua cà phê phin
tớ cần mua cà phê espresso
tớ cần mua freeze cà phê phin
tớ cần mua freeze không cà phê
tớ cần mua trà sen vàng
tớ cần mua trà thạch đào
tớ cần mua trà thanh đào
tớ cần mua trà thạch vải
tớ cần đặt mua cà phê phin
tớ cần đặt mua cà phê espresso
tớ cần đặt mua freeze cà phê phin
tớ cần đặt mua freeze không cà phê
tớ cần đặt mua trà sen vàng
tớ cần đặt mua trà thạch đào
tớ cần đặt mua trà thanh đào
tớ cần đặt mua trà thạch vải
tớ cần order cà phê phin
tớ cần order cà phê espresso
tớ cần order freeze cà phê phin
tớ cần order freeze không cà phê
tớ cần order trà sen vàng
tớ cần order trà thạch đào
tớ cần order trà thanh đào
tớ cần order trà thạch vải
chú muốn đặt cà phê phin
chú muốn đặt cà phê espresso
chú muốn đặt freeze cà phê phin
chú muốn đặt freeze không cà phê
chú muốn đặt trà sen vàng
chú muốn đặt trà thạch đào
chú muốn đặt trà thanh đào
chú muốn đặt trà thạch vải
chú muốn mua cà phê phin
chú muốn mua cà phê espresso
chú muốn mua freeze cà phê phin
chú muốn mua freeze không cà phê
chú muốn mua trà sen vàng
chú muốn mua trà thạch đào
chú muốn mua trà thanh đào
chú muốn mua trà thạch vải
chú muốn đặt mua cà phê phin
chú muốn đặt mua cà phê espresso
chú muốn đặt mua freeze cà phê phin
chú muốn đặt mua freeze không cà phê
chú muốn đặt mua trà sen vàng
chú muốn đặt mua trà thạch đào
chú muốn đặt mua trà thanh đào
chú muốn đặt mua trà thạch vải
chú muốn order cà phê phin
chú muốn order cà phê espresso
chú muốn order freeze cà phê phin
chú muốn order freeze không cà phê
chú muốn order trà sen vàng
chú muốn order trà thạch đào
chú muốn order trà thanh đào
chú muốn order trà thạch vải
chú cần đặt cà phê phin
chú cần đặt cà phê espresso
chú cần đặt freeze cà phê phin
chú cần đặt freeze không cà phê
chú cần đặt trà sen vàng
chú cần đặt trà thạch đào
chú cần đặt trà thanh đào
chú cần đặt trà thạch vải
chú cần mua cà phê phin
chú cần mua cà phê espresso
chú cần mua freeze cà phê phin
chú cần mua freeze không cà phê
chú cần mua trà sen vàng
chú cần mua trà thạch đào
chú cần mua trà thanh đào
chú cần mua trà thạch vải
chú cần đặt mua cà phê phin
chú cần đặt mua cà phê espresso
chú cần đặt mua freeze cà phê phin
chú cần đặt mua freeze không cà phê
chú cần đặt mua trà sen vàng
chú cần đặt mua trà thạch đào
chú cần đặt mua trà thanh đào
chú cần đặt mua trà thạch vải
chú cần order cà phê phin
chú cần order cà phê espresso
chú cần order freeze cà phê phin
chú cần order freeze không cà phê
chú cần order trà sen vàng
chú cần order trà thạch đào
chú cần order trà thanh đào
chú cần order trà thạch vải
cô muốn đặt cà phê phin
cô muốn đặt cà phê espresso
cô muốn đặt freeze cà phê phin
cô muốn đặt freeze không cà phê
cô muốn đặt trà sen vàng
cô muốn đặt trà thạch đào
cô muốn đặt trà thanh đào
cô muốn đặt trà thạch vải
cô muốn mua cà phê phin
cô muốn mua cà phê espresso
cô muốn mua freeze cà phê phin
cô muốn mua freeze không cà phê
cô muốn mua trà sen vàng
cô muốn mua trà thạch đào
cô muốn mua trà thanh đào
cô muốn mua trà thạch vải
cô muốn đặt mua cà phê phin
cô muốn đặt mua cà phê espresso
cô muốn đặt mua freeze cà phê phin
cô muốn đặt mua freeze không cà phê
cô muốn đặt mua trà sen vàng
cô muốn đặt mua trà thạch đào
cô muốn đặt mua trà thanh đào
cô muốn đặt mua trà thạch vải
cô muốn order cà phê phin
cô muốn order cà phê espresso
cô muốn order freeze cà phê phin
cô muốn order freeze không cà phê
cô muốn order trà sen vàng
cô muốn order trà thạch đào
cô muốn order trà thanh đào
cô muốn order trà thạch vải
cô cần đặt cà phê phin
cô cần đặt cà phê espresso
cô cần đặt freeze cà phê phin
cô cần đặt freeze không cà phê
cô cần đặt trà sen vàng
cô cần đặt trà thạch đào
cô cần đặt trà thanh đào
cô cần đặt trà thạch vải
cô cần mua cà phê phin
cô cần mua cà phê espresso
cô cần mua freeze cà phê phin
cô cần mua freeze không cà phê
cô cần mua trà sen vàng
cô cần mua trà thạch đào
cô cần mua trà thanh đào
cô cần mua trà thạch vải
cô cần đặt mua cà phê phin
cô cần đặt mua cà phê espresso
cô cần đặt mua freeze cà phê phin
cô cần đặt mua freeze không cà phê
cô cần đặt mua trà sen vàng
cô cần đặt mua trà thạch đào
cô cần đặt mua trà thanh đào
cô cần đặt mua trà thạch vải
cô cần order cà phê phin
cô cần order cà phê espresso
cô cần order freeze cà phê phin
cô cần order freeze không cà phê
cô cần order trà sen vàng
cô cần order trà thạch đào
cô cần order trà thanh đào
cô cần order trà thạch vải
bác muốn đặt cà phê phin
bác muốn đặt cà phê espresso
bác muốn đặt freeze cà phê phin
bác muốn đặt freeze không cà phê
bác muốn đặt trà sen vàng
bác muốn đặt trà thạch đào
bác muốn đặt trà thanh đào
bác muốn đặt trà thạch vải
bác muốn mua cà phê phin
bác muốn mua cà phê espresso
bác muốn mua freeze cà phê phin
bác muốn mua freeze không cà phê
bác muốn mua trà sen vàng
bác muốn mua trà thạch đào
bác muốn mua trà thanh đào
bác muốn mua trà thạch vải
bác muốn đặt mua cà phê phin
bác muốn đặt mua cà phê espresso
bác muốn đặt mua freeze cà phê phin
bác muốn đặt mua freeze không cà phê
bác muốn đặt mua trà sen vàng
bác muốn đặt mua trà thạch đào
bác muốn đặt mua trà thanh đào
bác muốn đặt mua trà thạch vải
bác muốn order cà phê phin
bác muốn order cà phê espresso
bác muốn order freeze cà phê phin
bác muốn order freeze không cà phê
bác muốn order trà sen vàng
bác muốn order trà thạch đào
bác muốn order trà thanh đào
bác muốn order trà thạch vải
bác cần đặt cà phê phin
bác cần đặt cà phê espresso
bác cần đặt freeze cà phê phin
bác cần đặt freeze không cà phê
bác cần đặt trà sen vàng
bác cần đặt trà thạch đào
bác cần đặt trà thanh đào
bác cần đặt trà thạch vải
bác cần mua cà phê phin
bác cần mua cà phê espresso
bác cần mua freeze cà phê phin
bác cần mua freeze không cà phê
bác cần mua trà sen vàng
bác cần mua trà thạch đào
bác cần mua trà thanh đào
bác cần mua trà thạch vải
bác cần đặt mua cà phê phin
bác cần đặt mua cà phê espresso
bác cần đặt mua freeze cà phê phin
bác cần đặt mua freeze không cà phê
bác cần đặt mua trà sen vàng
bác cần đặt mua trà thạch đào
bác cần đặt mua trà thanh đào
bác cần đặt mua trà thạch vải
bác cần order cà phê phin
bác cần order cà phê espresso
bác cần order freeze cà phê phin
bác cần order freeze không cà phê
bác cần order trà sen vàng
bác cần order trà thạch đào
bác cần order trà thanh đào
bác cần order trà thạch vải
